{"timestamp":"2025-12-21T09:44:04.100741Z","level":"info","event":"DAG bundles loaded: dags-folder","logger":"airflow.dag_processing.bundles.manager.DagBundlesManager","filename":"manager.py","lineno":179}
{"timestamp":"2025-12-21T09:44:04.133273Z","level":"info","event":"Filling up the DagBag from /workspace/airflow/dags/pull_daily_ohlc_data_into_hdfs.py","logger":"airflow.models.dagbag.DagBag","filename":"dagbag.py","lineno":593}
{"timestamp":"2025-12-21T09:44:10.835540Z","level":"info","event":"Trying to connect to namenode:9870","logger":"airflow.task.hooks.airflow.providers.apache.hdfs.hooks.webhdfs.WebHDFSHook","filename":"webhdfs.py","lineno":80}
{"timestamp":"2025-12-21T09:44:10.837451Z","level":"info","event":"Trying namenode namenode","logger":"airflow.task.hooks.airflow.providers.apache.hdfs.hooks.webhdfs.WebHDFSHook","filename":"webhdfs.py","lineno":84}
{"timestamp":"2025-12-21T09:44:10.838889Z","level":"info","event":"Instantiated <InsecureClient(url='http://namenode:9870')>.","logger":"hdfs.client","filename":"client.py","lineno":192}
{"timestamp":"2025-12-21T09:44:10.839180Z","level":"info","event":"Fetching status for '/'.","logger":"hdfs.client","filename":"client.py","lineno":320}
{"timestamp":"2025-12-21T09:44:13.074941Z","level":"info","event":"Using namenode namenode for hook","logger":"airflow.task.hooks.airflow.providers.apache.hdfs.hooks.webhdfs.WebHDFSHook","filename":"webhdfs.py","lineno":94}
{"timestamp":"2025-12-21T09:44:13.075611Z","level":"info","event":"Creating directories to '/airflow/data/ingest_date=2025-12-21'.","logger":"hdfs.client","filename":"client.py","lineno":1028}
{"timestamp":"2025-12-21T09:44:13.142043Z","level":"info","event":"Trying to connect to namenode:9870","logger":"airflow.task.hooks.airflow.providers.apache.hdfs.hooks.webhdfs.WebHDFSHook","filename":"webhdfs.py","lineno":80}
{"timestamp":"2025-12-21T09:44:13.144412Z","level":"info","event":"Trying namenode namenode","logger":"airflow.task.hooks.airflow.providers.apache.hdfs.hooks.webhdfs.WebHDFSHook","filename":"webhdfs.py","lineno":84}
{"timestamp":"2025-12-21T09:44:13.148263Z","level":"info","event":"Instantiated <InsecureClient(url='http://namenode:9870')>.","logger":"hdfs.client","filename":"client.py","lineno":192}
{"timestamp":"2025-12-21T09:44:13.148600Z","level":"info","event":"Fetching status for '/'.","logger":"hdfs.client","filename":"client.py","lineno":320}
{"timestamp":"2025-12-21T09:44:13.157489Z","level":"info","event":"Using namenode namenode for hook","logger":"airflow.task.hooks.airflow.providers.apache.hdfs.hooks.webhdfs.WebHDFSHook","filename":"webhdfs.py","lineno":94}
{"timestamp":"2025-12-21T09:44:13.158044Z","level":"info","event":"Uploading '/workspace/airflow/data/output.parquet' to '/airflow/data/ingest_date=2025-12-21/data.parquet'.","logger":"hdfs.client","filename":"client.py","lineno":551}
{"timestamp":"2025-12-21T09:44:13.158329Z","level":"info","event":"Listing '/airflow/data/ingest_date=2025-12-21/data.parquet'.","logger":"hdfs.client","filename":"client.py","lineno":1116}
{"timestamp":"2025-12-21T09:44:13.197132Z","level":"info","event":"Writing to '/airflow/data/ingest_date=2025-12-21/data.parquet'.","logger":"hdfs.client","filename":"client.py","lineno":496}
{"timestamp":"2025-12-21T09:44:15.129277Z","level":"info","event":"Done. Returned value was: None","logger":"airflow.task.operators.airflow.providers.standard.operators.python.PythonOperator","filename":"python.py","lineno":215}
{"timestamp":"2025-12-21T10:29:34.818090Z","level":"info","event":"DAG bundles loaded: dags-folder","logger":"airflow.dag_processing.bundles.manager.DagBundlesManager","filename":"manager.py","lineno":179}
{"timestamp":"2025-12-21T10:29:34.821254Z","level":"info","event":"Filling up the DagBag from /workspace/airflow/dags/pull_daily_ohlc_data_into_hdfs.py","logger":"airflow.models.dagbag.DagBag","filename":"dagbag.py","lineno":593}
{"timestamp":"2025-12-21T10:29:42.169636Z","level":"info","event":"Trying to connect to namenode:9870","logger":"airflow.task.hooks.airflow.providers.apache.hdfs.hooks.webhdfs.WebHDFSHook","filename":"webhdfs.py","lineno":80}
{"timestamp":"2025-12-21T10:29:42.171170Z","level":"info","event":"Trying namenode namenode","logger":"airflow.task.hooks.airflow.providers.apache.hdfs.hooks.webhdfs.WebHDFSHook","filename":"webhdfs.py","lineno":84}
{"timestamp":"2025-12-21T10:29:42.172365Z","level":"info","event":"Instantiated <InsecureClient(url='http://namenode:9870')>.","logger":"hdfs.client","filename":"client.py","lineno":192}
{"timestamp":"2025-12-21T10:29:42.172823Z","level":"info","event":"Fetching status for '/'.","logger":"hdfs.client","filename":"client.py","lineno":320}
{"timestamp":"2025-12-21T10:29:42.188942Z","level":"info","event":"Using namenode namenode for hook","logger":"airflow.task.hooks.airflow.providers.apache.hdfs.hooks.webhdfs.WebHDFSHook","filename":"webhdfs.py","lineno":94}
{"timestamp":"2025-12-21T10:29:42.189487Z","level":"info","event":"Creating directories to '/airflow/data/ohlc/ingest_date=2025-12-21'.","logger":"hdfs.client","filename":"client.py","lineno":1028}
{"timestamp":"2025-12-21T10:29:42.287252Z","level":"info","event":"Trying to connect to namenode:9870","logger":"airflow.task.hooks.airflow.providers.apache.hdfs.hooks.webhdfs.WebHDFSHook","filename":"webhdfs.py","lineno":80}
{"timestamp":"2025-12-21T10:29:42.288430Z","level":"info","event":"Trying namenode namenode","logger":"airflow.task.hooks.airflow.providers.apache.hdfs.hooks.webhdfs.WebHDFSHook","filename":"webhdfs.py","lineno":84}
{"timestamp":"2025-12-21T10:29:42.289769Z","level":"info","event":"Instantiated <InsecureClient(url='http://namenode:9870')>.","logger":"hdfs.client","filename":"client.py","lineno":192}
{"timestamp":"2025-12-21T10:29:42.289975Z","level":"info","event":"Fetching status for '/'.","logger":"hdfs.client","filename":"client.py","lineno":320}
{"timestamp":"2025-12-21T10:29:42.297901Z","level":"info","event":"Using namenode namenode for hook","logger":"airflow.task.hooks.airflow.providers.apache.hdfs.hooks.webhdfs.WebHDFSHook","filename":"webhdfs.py","lineno":94}
{"timestamp":"2025-12-21T10:29:42.298440Z","level":"info","event":"Uploading '/workspace/airflow/data/output.parquet' to '/airflow/data/ohlc/ingest_date=2025-12-21/data.parquet'.","logger":"hdfs.client","filename":"client.py","lineno":551}
{"timestamp":"2025-12-21T10:29:42.298686Z","level":"info","event":"Listing '/airflow/data/ohlc/ingest_date=2025-12-21/data.parquet'.","logger":"hdfs.client","filename":"client.py","lineno":1116}
{"timestamp":"2025-12-21T10:29:42.309052Z","level":"info","event":"Writing to '/airflow/data/ohlc/ingest_date=2025-12-21/data.parquet'.","logger":"hdfs.client","filename":"client.py","lineno":496}
{"timestamp":"2025-12-21T10:29:42.486415Z","level":"info","event":"Done. Returned value was: None","logger":"airflow.task.operators.airflow.providers.standard.operators.python.PythonOperator","filename":"python.py","lineno":215}
