{"timestamp":"2025-12-21T09:53:05.430418Z","level":"info","event":"DAG bundles loaded: dags-folder","logger":"airflow.dag_processing.bundles.manager.DagBundlesManager","filename":"manager.py","lineno":179}
{"timestamp":"2025-12-21T09:53:05.431932Z","level":"info","event":"Filling up the DagBag from /workspace/airflow/dags/pull_daily_ohlc_data_into_hdfs.py","logger":"airflow.models.dagbag.DagBag","filename":"dagbag.py","lineno":593}
{"timestamp":"2025-12-21T09:53:13.868557Z","level":"info","event":"Trying to connect to namenode:9870","logger":"airflow.task.hooks.airflow.providers.apache.hdfs.hooks.webhdfs.WebHDFSHook","filename":"webhdfs.py","lineno":80}
{"timestamp":"2025-12-21T09:53:13.871812Z","level":"info","event":"Trying namenode namenode","logger":"airflow.task.hooks.airflow.providers.apache.hdfs.hooks.webhdfs.WebHDFSHook","filename":"webhdfs.py","lineno":84}
{"timestamp":"2025-12-21T09:53:13.873091Z","level":"info","event":"Instantiated <InsecureClient(url='http://namenode:9870')>.","logger":"hdfs.client","filename":"client.py","lineno":192}
{"timestamp":"2025-12-21T09:53:13.873419Z","level":"info","event":"Fetching status for '/'.","logger":"hdfs.client","filename":"client.py","lineno":320}
{"timestamp":"2025-12-21T09:53:13.888891Z","level":"info","event":"Using namenode namenode for hook","logger":"airflow.task.hooks.airflow.providers.apache.hdfs.hooks.webhdfs.WebHDFSHook","filename":"webhdfs.py","lineno":94}
{"timestamp":"2025-12-21T09:53:13.889311Z","level":"info","event":"Creating directories to '/airflow/data/ohlc/ingest_date=2025-09-03'.","logger":"hdfs.client","filename":"client.py","lineno":1028}
{"timestamp":"2025-12-21T09:53:13.957607Z","level":"info","event":"Trying to connect to namenode:9870","logger":"airflow.task.hooks.airflow.providers.apache.hdfs.hooks.webhdfs.WebHDFSHook","filename":"webhdfs.py","lineno":80}
{"timestamp":"2025-12-21T09:53:13.959113Z","level":"info","event":"Trying namenode namenode","logger":"airflow.task.hooks.airflow.providers.apache.hdfs.hooks.webhdfs.WebHDFSHook","filename":"webhdfs.py","lineno":84}
{"timestamp":"2025-12-21T09:53:13.960147Z","level":"info","event":"Instantiated <InsecureClient(url='http://namenode:9870')>.","logger":"hdfs.client","filename":"client.py","lineno":192}
{"timestamp":"2025-12-21T09:53:13.960399Z","level":"info","event":"Fetching status for '/'.","logger":"hdfs.client","filename":"client.py","lineno":320}
{"timestamp":"2025-12-21T09:53:13.974116Z","level":"info","event":"Using namenode namenode for hook","logger":"airflow.task.hooks.airflow.providers.apache.hdfs.hooks.webhdfs.WebHDFSHook","filename":"webhdfs.py","lineno":94}
{"timestamp":"2025-12-21T09:53:13.975626Z","level":"info","event":"Uploading '/workspace/airflow/data/output.parquet' to '/airflow/data/ohlc/ingest_date=2025-09-03/data.parquet'.","logger":"hdfs.client","filename":"client.py","lineno":551}
{"timestamp":"2025-12-21T09:53:13.975990Z","level":"info","event":"Listing '/airflow/data/ohlc/ingest_date=2025-09-03/data.parquet'.","logger":"hdfs.client","filename":"client.py","lineno":1116}
{"timestamp":"2025-12-21T09:53:13.994297Z","level":"info","event":"Writing to '/airflow/data/ohlc/ingest_date=2025-09-03/data.parquet'.","logger":"hdfs.client","filename":"client.py","lineno":496}
{"timestamp":"2025-12-21T09:53:16.589565Z","level":"info","event":"Done. Returned value was: None","logger":"airflow.task.operators.airflow.providers.standard.operators.python.PythonOperator","filename":"python.py","lineno":215}
{"timestamp":"2025-12-22T03:39:09.608136Z","level":"info","event":"DAG bundles loaded: dags-folder","logger":"airflow.dag_processing.bundles.manager.DagBundlesManager","filename":"manager.py","lineno":179}
{"timestamp":"2025-12-22T03:39:09.610915Z","level":"info","event":"Filling up the DagBag from /workspace/airflow/dags/pull_daily_ohlc_data_into_hdfs.py","logger":"airflow.models.dagbag.DagBag","filename":"dagbag.py","lineno":593}
{"timestamp":"2025-12-22T03:39:15.617423Z","level":"info","event":"Trying to connect to namenode:9870","logger":"airflow.task.hooks.airflow.providers.apache.hdfs.hooks.webhdfs.WebHDFSHook","filename":"webhdfs.py","lineno":80}
{"timestamp":"2025-12-22T03:39:15.618497Z","level":"info","event":"Trying namenode namenode","logger":"airflow.task.hooks.airflow.providers.apache.hdfs.hooks.webhdfs.WebHDFSHook","filename":"webhdfs.py","lineno":84}
{"timestamp":"2025-12-22T03:39:15.619110Z","level":"info","event":"Instantiated <InsecureClient(url='http://namenode:9870')>.","logger":"hdfs.client","filename":"client.py","lineno":192}
{"timestamp":"2025-12-22T03:39:15.619265Z","level":"info","event":"Fetching status for '/'.","logger":"hdfs.client","filename":"client.py","lineno":320}
{"timestamp":"2025-12-22T03:39:15.626572Z","level":"info","event":"Using namenode namenode for hook","logger":"airflow.task.hooks.airflow.providers.apache.hdfs.hooks.webhdfs.WebHDFSHook","filename":"webhdfs.py","lineno":94}
{"timestamp":"2025-12-22T03:39:15.626838Z","level":"info","event":"Creating directories to '/airflow/data/ohlc/ingest_date=2025-09-03'.","logger":"hdfs.client","filename":"client.py","lineno":1028}
{"timestamp":"2025-12-22T03:39:15.660124Z","level":"info","event":"Trying to connect to namenode:9870","logger":"airflow.task.hooks.airflow.providers.apache.hdfs.hooks.webhdfs.WebHDFSHook","filename":"webhdfs.py","lineno":80}
{"timestamp":"2025-12-22T03:39:15.660842Z","level":"info","event":"Trying namenode namenode","logger":"airflow.task.hooks.airflow.providers.apache.hdfs.hooks.webhdfs.WebHDFSHook","filename":"webhdfs.py","lineno":84}
{"timestamp":"2025-12-22T03:39:15.661488Z","level":"info","event":"Instantiated <InsecureClient(url='http://namenode:9870')>.","logger":"hdfs.client","filename":"client.py","lineno":192}
{"timestamp":"2025-12-22T03:39:15.661640Z","level":"info","event":"Fetching status for '/'.","logger":"hdfs.client","filename":"client.py","lineno":320}
{"timestamp":"2025-12-22T03:39:15.666795Z","level":"info","event":"Using namenode namenode for hook","logger":"airflow.task.hooks.airflow.providers.apache.hdfs.hooks.webhdfs.WebHDFSHook","filename":"webhdfs.py","lineno":94}
{"timestamp":"2025-12-22T03:39:15.667285Z","level":"info","event":"Uploading '/workspace/airflow/data/output.parquet' to '/airflow/data/ohlc/ingest_date=2025-09-03/data.parquet'.","logger":"hdfs.client","filename":"client.py","lineno":551}
{"timestamp":"2025-12-22T03:39:15.667506Z","level":"info","event":"Listing '/airflow/data/ohlc/ingest_date=2025-09-03/data.parquet'.","logger":"hdfs.client","filename":"client.py","lineno":1116}
{"timestamp":"2025-12-22T03:39:15.675182Z","level":"info","event":"Writing to '/airflow/data/ohlc/ingest_date=2025-09-03/data.parquet'.","logger":"hdfs.client","filename":"client.py","lineno":496}
{"timestamp":"2025-12-22T03:39:15.727777Z","level":"info","event":"Done. Returned value was: None","logger":"airflow.task.operators.airflow.providers.standard.operators.python.PythonOperator","filename":"python.py","lineno":215}
{"timestamp":"2025-12-22T06:27:37.036801Z","level":"info","event":"DAG bundles loaded: dags-folder","logger":"airflow.dag_processing.bundles.manager.DagBundlesManager","filename":"manager.py","lineno":179}
{"timestamp":"2025-12-22T06:27:37.040233Z","level":"info","event":"Filling up the DagBag from /workspace/airflow/dags/pull_daily_ohlc_data_into_hdfs.py","logger":"airflow.models.dagbag.DagBag","filename":"dagbag.py","lineno":593}
{"timestamp":"2025-12-22T06:27:44.201697Z","level":"info","event":"Trying to connect to namenode:9870","logger":"airflow.task.hooks.airflow.providers.apache.hdfs.hooks.webhdfs.WebHDFSHook","filename":"webhdfs.py","lineno":80}
{"timestamp":"2025-12-22T06:27:44.203362Z","level":"info","event":"Trying namenode namenode","logger":"airflow.task.hooks.airflow.providers.apache.hdfs.hooks.webhdfs.WebHDFSHook","filename":"webhdfs.py","lineno":84}
{"timestamp":"2025-12-22T06:27:44.204756Z","level":"info","event":"Instantiated <InsecureClient(url='http://namenode:9870')>.","logger":"hdfs.client","filename":"client.py","lineno":192}
{"timestamp":"2025-12-22T06:27:44.205077Z","level":"info","event":"Fetching status for '/'.","logger":"hdfs.client","filename":"client.py","lineno":320}
{"timestamp":"2025-12-22T06:27:44.223037Z","level":"info","event":"Using namenode namenode for hook","logger":"airflow.task.hooks.airflow.providers.apache.hdfs.hooks.webhdfs.WebHDFSHook","filename":"webhdfs.py","lineno":94}
{"timestamp":"2025-12-22T06:27:44.223637Z","level":"info","event":"Creating directories to '/airflow/data/ohlc/ingest_date=2025-09-03'.","logger":"hdfs.client","filename":"client.py","lineno":1028}
{"timestamp":"2025-12-22T06:27:44.281318Z","level":"info","event":"Trying to connect to namenode:9870","logger":"airflow.task.hooks.airflow.providers.apache.hdfs.hooks.webhdfs.WebHDFSHook","filename":"webhdfs.py","lineno":80}
{"timestamp":"2025-12-22T06:27:44.282936Z","level":"info","event":"Trying namenode namenode","logger":"airflow.task.hooks.airflow.providers.apache.hdfs.hooks.webhdfs.WebHDFSHook","filename":"webhdfs.py","lineno":84}
{"timestamp":"2025-12-22T06:27:44.284073Z","level":"info","event":"Instantiated <InsecureClient(url='http://namenode:9870')>.","logger":"hdfs.client","filename":"client.py","lineno":192}
{"timestamp":"2025-12-22T06:27:44.284508Z","level":"info","event":"Fetching status for '/'.","logger":"hdfs.client","filename":"client.py","lineno":320}
{"timestamp":"2025-12-22T06:27:44.296874Z","level":"info","event":"Using namenode namenode for hook","logger":"airflow.task.hooks.airflow.providers.apache.hdfs.hooks.webhdfs.WebHDFSHook","filename":"webhdfs.py","lineno":94}
{"timestamp":"2025-12-22T06:27:44.297466Z","level":"info","event":"Uploading '/workspace/airflow/data/output.parquet' to '/airflow/data/ohlc/ingest_date=2025-09-03/data.parquet'.","logger":"hdfs.client","filename":"client.py","lineno":551}
{"timestamp":"2025-12-22T06:27:44.298389Z","level":"info","event":"Listing '/airflow/data/ohlc/ingest_date=2025-09-03/data.parquet'.","logger":"hdfs.client","filename":"client.py","lineno":1116}
{"timestamp":"2025-12-22T06:27:44.318766Z","level":"info","event":"Writing to '/airflow/data/ohlc/ingest_date=2025-09-03/data.parquet'.","logger":"hdfs.client","filename":"client.py","lineno":496}
{"timestamp":"2025-12-22T06:27:44.476373Z","level":"info","event":"Done. Returned value was: None","logger":"airflow.task.operators.airflow.providers.standard.operators.python.PythonOperator","filename":"python.py","lineno":215}
