{"timestamp":"2025-12-22T03:15:35.642398Z","level":"info","event":"DAG bundles loaded: dags-folder","logger":"airflow.dag_processing.bundles.manager.DagBundlesManager","filename":"manager.py","lineno":179}
{"timestamp":"2025-12-22T03:15:35.647150Z","level":"info","event":"Filling up the DagBag from /workspace/airflow/dags/pull_daily_ohlc_data_into_hdfs.py","logger":"airflow.models.dagbag.DagBag","filename":"dagbag.py","lineno":593}
{"timestamp":"2025-12-22T03:15:46.482832Z","level":"info","event":"Trying to connect to namenode:9870","logger":"airflow.task.hooks.airflow.providers.apache.hdfs.hooks.webhdfs.WebHDFSHook","filename":"webhdfs.py","lineno":80}
{"timestamp":"2025-12-22T03:15:46.484604Z","level":"info","event":"Trying namenode namenode","logger":"airflow.task.hooks.airflow.providers.apache.hdfs.hooks.webhdfs.WebHDFSHook","filename":"webhdfs.py","lineno":84}
{"timestamp":"2025-12-22T03:15:46.485747Z","level":"info","event":"Instantiated <InsecureClient(url='http://namenode:9870')>.","logger":"hdfs.client","filename":"client.py","lineno":192}
{"timestamp":"2025-12-22T03:15:46.486077Z","level":"info","event":"Fetching status for '/'.","logger":"hdfs.client","filename":"client.py","lineno":320}
{"timestamp":"2025-12-22T03:15:46.502966Z","level":"info","event":"Using namenode namenode for hook","logger":"airflow.task.hooks.airflow.providers.apache.hdfs.hooks.webhdfs.WebHDFSHook","filename":"webhdfs.py","lineno":94}
{"timestamp":"2025-12-22T03:15:46.503540Z","level":"info","event":"Creating directories to '/airflow/data/ohlc/ingest_date=2025-12-22'.","logger":"hdfs.client","filename":"client.py","lineno":1028}
{"timestamp":"2025-12-22T03:15:46.563781Z","level":"info","event":"Trying to connect to namenode:9870","logger":"airflow.task.hooks.airflow.providers.apache.hdfs.hooks.webhdfs.WebHDFSHook","filename":"webhdfs.py","lineno":80}
{"timestamp":"2025-12-22T03:15:46.564959Z","level":"info","event":"Trying namenode namenode","logger":"airflow.task.hooks.airflow.providers.apache.hdfs.hooks.webhdfs.WebHDFSHook","filename":"webhdfs.py","lineno":84}
{"timestamp":"2025-12-22T03:15:46.566169Z","level":"info","event":"Instantiated <InsecureClient(url='http://namenode:9870')>.","logger":"hdfs.client","filename":"client.py","lineno":192}
{"timestamp":"2025-12-22T03:15:46.566690Z","level":"info","event":"Fetching status for '/'.","logger":"hdfs.client","filename":"client.py","lineno":320}
{"timestamp":"2025-12-22T03:15:46.577849Z","level":"info","event":"Using namenode namenode for hook","logger":"airflow.task.hooks.airflow.providers.apache.hdfs.hooks.webhdfs.WebHDFSHook","filename":"webhdfs.py","lineno":94}
{"timestamp":"2025-12-22T03:15:46.578353Z","level":"info","event":"Uploading '/workspace/airflow/data/output.parquet' to '/airflow/data/ohlc/ingest_date=2025-12-22/data.parquet'.","logger":"hdfs.client","filename":"client.py","lineno":551}
{"timestamp":"2025-12-22T03:15:46.578768Z","level":"info","event":"Listing '/airflow/data/ohlc/ingest_date=2025-12-22/data.parquet'.","logger":"hdfs.client","filename":"client.py","lineno":1116}
{"timestamp":"2025-12-22T03:15:46.612082Z","level":"info","event":"Writing to '/airflow/data/ohlc/ingest_date=2025-12-22/data.parquet'.","logger":"hdfs.client","filename":"client.py","lineno":496}
{"timestamp":"2025-12-22T03:15:46.747020Z","level":"info","event":"Done. Returned value was: None","logger":"airflow.task.operators.airflow.providers.standard.operators.python.PythonOperator","filename":"python.py","lineno":215}
{"timestamp":"2025-12-22T03:35:08.025306Z","level":"info","event":"DAG bundles loaded: dags-folder","logger":"airflow.dag_processing.bundles.manager.DagBundlesManager","filename":"manager.py","lineno":179}
{"timestamp":"2025-12-22T03:35:08.027473Z","level":"info","event":"Filling up the DagBag from /workspace/airflow/dags/pull_daily_ohlc_data_into_hdfs.py","logger":"airflow.models.dagbag.DagBag","filename":"dagbag.py","lineno":593}
{"timestamp":"2025-12-22T03:35:16.750667Z","level":"info","event":"Trying to connect to namenode:9870","logger":"airflow.task.hooks.airflow.providers.apache.hdfs.hooks.webhdfs.WebHDFSHook","filename":"webhdfs.py","lineno":80}
{"timestamp":"2025-12-22T03:35:16.752418Z","level":"info","event":"Trying namenode namenode","logger":"airflow.task.hooks.airflow.providers.apache.hdfs.hooks.webhdfs.WebHDFSHook","filename":"webhdfs.py","lineno":84}
{"timestamp":"2025-12-22T03:35:16.753343Z","level":"info","event":"Instantiated <InsecureClient(url='http://namenode:9870')>.","logger":"hdfs.client","filename":"client.py","lineno":192}
{"timestamp":"2025-12-22T03:35:16.753614Z","level":"info","event":"Fetching status for '/'.","logger":"hdfs.client","filename":"client.py","lineno":320}
{"timestamp":"2025-12-22T03:35:19.056936Z","level":"info","event":"Using namenode namenode for hook","logger":"airflow.task.hooks.airflow.providers.apache.hdfs.hooks.webhdfs.WebHDFSHook","filename":"webhdfs.py","lineno":94}
{"timestamp":"2025-12-22T03:35:19.057382Z","level":"info","event":"Creating directories to '/airflow/data/ohlc/ingest_date=2025-12-22'.","logger":"hdfs.client","filename":"client.py","lineno":1028}
{"timestamp":"2025-12-22T03:35:19.135567Z","level":"info","event":"Trying to connect to namenode:9870","logger":"airflow.task.hooks.airflow.providers.apache.hdfs.hooks.webhdfs.WebHDFSHook","filename":"webhdfs.py","lineno":80}
{"timestamp":"2025-12-22T03:35:19.137381Z","level":"info","event":"Trying namenode namenode","logger":"airflow.task.hooks.airflow.providers.apache.hdfs.hooks.webhdfs.WebHDFSHook","filename":"webhdfs.py","lineno":84}
{"timestamp":"2025-12-22T03:35:19.138576Z","level":"info","event":"Instantiated <InsecureClient(url='http://namenode:9870')>.","logger":"hdfs.client","filename":"client.py","lineno":192}
{"timestamp":"2025-12-22T03:35:19.138843Z","level":"info","event":"Fetching status for '/'.","logger":"hdfs.client","filename":"client.py","lineno":320}
{"timestamp":"2025-12-22T03:35:19.150240Z","level":"info","event":"Using namenode namenode for hook","logger":"airflow.task.hooks.airflow.providers.apache.hdfs.hooks.webhdfs.WebHDFSHook","filename":"webhdfs.py","lineno":94}
{"timestamp":"2025-12-22T03:35:19.150726Z","level":"info","event":"Uploading '/workspace/airflow/data/output.parquet' to '/airflow/data/ohlc/ingest_date=2025-12-22/data.parquet'.","logger":"hdfs.client","filename":"client.py","lineno":551}
{"timestamp":"2025-12-22T03:35:19.150975Z","level":"info","event":"Listing '/airflow/data/ohlc/ingest_date=2025-12-22/data.parquet'.","logger":"hdfs.client","filename":"client.py","lineno":1116}
{"timestamp":"2025-12-22T03:35:19.167144Z","level":"info","event":"Writing to '/airflow/data/ohlc/ingest_date=2025-12-22/data.parquet'.","logger":"hdfs.client","filename":"client.py","lineno":496}
{"timestamp":"2025-12-22T03:35:20.051863Z","level":"info","event":"Done. Returned value was: None","logger":"airflow.task.operators.airflow.providers.standard.operators.python.PythonOperator","filename":"python.py","lineno":215}
{"timestamp":"2025-12-22T03:35:20.085914Z","level":"error","event":"Top level error","logger":"task","filename":"task_runner.py","lineno":1465,"error_detail":[{"exc_type":"AirflowRuntimeError","exc_value":"API_SERVER_ERROR: {'status_code': 404, 'message': 'Server returned error', 'detail': {'detail': {'reason': 'not_found', 'message': 'Task Instance not found'}}}","exc_notes":[],"syntax_error":null,"is_cause":false,"frames":[{"filename":"/workspace/airflow/.venv/lib/python3.12/site-packages/airflow/sdk/execution_time/task_runner.py","lineno":1458,"name":"main"},{"filename":"/workspace/airflow/.venv/lib/python3.12/site-packages/airflow/sdk/execution_time/task_runner.py","lineno":1007,"name":"run"},{"filename":"/workspace/airflow/.venv/lib/python3.12/site-packages/airflow/sdk/execution_time/comms.py","lineno":207,"name":"send"},{"filename":"/workspace/airflow/.venv/lib/python3.12/site-packages/airflow/sdk/execution_time/comms.py","lineno":271,"name":"_get_response"},{"filename":"/workspace/airflow/.venv/lib/python3.12/site-packages/airflow/sdk/execution_time/comms.py","lineno":258,"name":"_from_frame"}],"is_group":false,"exceptions":[]}]}
{"timestamp":"2025-12-22T03:35:25.113033Z","level":"warning","event":"Process exited abnormally","exit_code":1,"logger":"task"}
{"timestamp":"2025-12-22T03:36:28.129527Z","level":"info","event":"DAG bundles loaded: dags-folder","logger":"airflow.dag_processing.bundles.manager.DagBundlesManager","filename":"manager.py","lineno":179}
{"timestamp":"2025-12-22T03:36:28.131489Z","level":"info","event":"Filling up the DagBag from /workspace/airflow/dags/pull_daily_ohlc_data_into_hdfs.py","logger":"airflow.models.dagbag.DagBag","filename":"dagbag.py","lineno":593}
{"timestamp":"2025-12-22T03:36:34.377611Z","level":"info","event":"Trying to connect to namenode:9870","logger":"airflow.task.hooks.airflow.providers.apache.hdfs.hooks.webhdfs.WebHDFSHook","filename":"webhdfs.py","lineno":80}
{"timestamp":"2025-12-22T03:36:34.378771Z","level":"info","event":"Trying namenode namenode","logger":"airflow.task.hooks.airflow.providers.apache.hdfs.hooks.webhdfs.WebHDFSHook","filename":"webhdfs.py","lineno":84}
{"timestamp":"2025-12-22T03:36:34.379507Z","level":"info","event":"Instantiated <InsecureClient(url='http://namenode:9870')>.","logger":"hdfs.client","filename":"client.py","lineno":192}
{"timestamp":"2025-12-22T03:36:34.379701Z","level":"info","event":"Fetching status for '/'.","logger":"hdfs.client","filename":"client.py","lineno":320}
{"timestamp":"2025-12-22T03:36:34.392296Z","level":"info","event":"Using namenode namenode for hook","logger":"airflow.task.hooks.airflow.providers.apache.hdfs.hooks.webhdfs.WebHDFSHook","filename":"webhdfs.py","lineno":94}
{"timestamp":"2025-12-22T03:36:34.392742Z","level":"info","event":"Creating directories to '/airflow/data/ohlc/ingest_date=2025-12-22'.","logger":"hdfs.client","filename":"client.py","lineno":1028}
{"timestamp":"2025-12-22T03:36:34.431183Z","level":"info","event":"Trying to connect to namenode:9870","logger":"airflow.task.hooks.airflow.providers.apache.hdfs.hooks.webhdfs.WebHDFSHook","filename":"webhdfs.py","lineno":80}
{"timestamp":"2025-12-22T03:36:34.431950Z","level":"info","event":"Trying namenode namenode","logger":"airflow.task.hooks.airflow.providers.apache.hdfs.hooks.webhdfs.WebHDFSHook","filename":"webhdfs.py","lineno":84}
{"timestamp":"2025-12-22T03:36:34.432721Z","level":"info","event":"Instantiated <InsecureClient(url='http://namenode:9870')>.","logger":"hdfs.client","filename":"client.py","lineno":192}
{"timestamp":"2025-12-22T03:36:34.432909Z","level":"info","event":"Fetching status for '/'.","logger":"hdfs.client","filename":"client.py","lineno":320}
{"timestamp":"2025-12-22T03:36:34.444484Z","level":"info","event":"Using namenode namenode for hook","logger":"airflow.task.hooks.airflow.providers.apache.hdfs.hooks.webhdfs.WebHDFSHook","filename":"webhdfs.py","lineno":94}
{"timestamp":"2025-12-22T03:36:34.445016Z","level":"info","event":"Uploading '/workspace/airflow/data/output.parquet' to '/airflow/data/ohlc/ingest_date=2025-12-22/data.parquet'.","logger":"hdfs.client","filename":"client.py","lineno":551}
{"timestamp":"2025-12-22T03:36:34.445263Z","level":"info","event":"Listing '/airflow/data/ohlc/ingest_date=2025-12-22/data.parquet'.","logger":"hdfs.client","filename":"client.py","lineno":1116}
{"timestamp":"2025-12-22T03:36:34.461480Z","level":"info","event":"Writing to '/airflow/data/ohlc/ingest_date=2025-12-22/data.parquet.temp-1766374594454223'.","logger":"hdfs.client","filename":"client.py","lineno":496}
{"timestamp":"2025-12-22T03:36:35.367515Z","level":"info","event":"Deleting '/airflow/data/ohlc/ingest_date=2025-12-22/data.parquet' recursively.","logger":"hdfs.client","filename":"client.py","lineno":902}
{"timestamp":"2025-12-22T03:36:35.402821Z","level":"info","event":"Renaming '/airflow/data/ohlc/ingest_date=2025-12-22/data.parquet.temp-1766374594454223' to '/airflow/data/ohlc/ingest_date=2025-12-22/data.parquet'.","logger":"hdfs.client","filename":"client.py","lineno":937}
{"timestamp":"2025-12-22T03:36:35.416538Z","level":"info","event":"Done. Returned value was: None","logger":"airflow.task.operators.airflow.providers.standard.operators.python.PythonOperator","filename":"python.py","lineno":215}
{"timestamp":"2025-12-22T03:38:02.607587Z","level":"info","event":"DAG bundles loaded: dags-folder","logger":"airflow.dag_processing.bundles.manager.DagBundlesManager","filename":"manager.py","lineno":179}
{"timestamp":"2025-12-22T03:38:02.610745Z","level":"info","event":"Filling up the DagBag from /workspace/airflow/dags/pull_daily_ohlc_data_into_hdfs.py","logger":"airflow.models.dagbag.DagBag","filename":"dagbag.py","lineno":593}
{"timestamp":"2025-12-22T03:38:08.142767Z","level":"info","event":"Trying to connect to namenode:9870","logger":"airflow.task.hooks.airflow.providers.apache.hdfs.hooks.webhdfs.WebHDFSHook","filename":"webhdfs.py","lineno":80}
{"timestamp":"2025-12-22T03:38:08.143794Z","level":"info","event":"Trying namenode namenode","logger":"airflow.task.hooks.airflow.providers.apache.hdfs.hooks.webhdfs.WebHDFSHook","filename":"webhdfs.py","lineno":84}
{"timestamp":"2025-12-22T03:38:08.144553Z","level":"info","event":"Instantiated <InsecureClient(url='http://namenode:9870')>.","logger":"hdfs.client","filename":"client.py","lineno":192}
{"timestamp":"2025-12-22T03:38:08.144720Z","level":"info","event":"Fetching status for '/'.","logger":"hdfs.client","filename":"client.py","lineno":320}
{"timestamp":"2025-12-22T03:38:08.153974Z","level":"info","event":"Using namenode namenode for hook","logger":"airflow.task.hooks.airflow.providers.apache.hdfs.hooks.webhdfs.WebHDFSHook","filename":"webhdfs.py","lineno":94}
{"timestamp":"2025-12-22T03:38:08.154304Z","level":"info","event":"Creating directories to '/airflow/data/ohlc/ingest_date=2025-12-22'.","logger":"hdfs.client","filename":"client.py","lineno":1028}
{"timestamp":"2025-12-22T03:38:08.183636Z","level":"info","event":"Trying to connect to namenode:9870","logger":"airflow.task.hooks.airflow.providers.apache.hdfs.hooks.webhdfs.WebHDFSHook","filename":"webhdfs.py","lineno":80}
{"timestamp":"2025-12-22T03:38:08.184486Z","level":"info","event":"Trying namenode namenode","logger":"airflow.task.hooks.airflow.providers.apache.hdfs.hooks.webhdfs.WebHDFSHook","filename":"webhdfs.py","lineno":84}
{"timestamp":"2025-12-22T03:38:08.185255Z","level":"info","event":"Instantiated <InsecureClient(url='http://namenode:9870')>.","logger":"hdfs.client","filename":"client.py","lineno":192}
{"timestamp":"2025-12-22T03:38:08.185463Z","level":"info","event":"Fetching status for '/'.","logger":"hdfs.client","filename":"client.py","lineno":320}
{"timestamp":"2025-12-22T03:38:08.193143Z","level":"info","event":"Using namenode namenode for hook","logger":"airflow.task.hooks.airflow.providers.apache.hdfs.hooks.webhdfs.WebHDFSHook","filename":"webhdfs.py","lineno":94}
{"timestamp":"2025-12-22T03:38:08.193604Z","level":"info","event":"Uploading '/workspace/airflow/data/output.parquet' to '/airflow/data/ohlc/ingest_date=2025-12-22/data.parquet'.","logger":"hdfs.client","filename":"client.py","lineno":551}
{"timestamp":"2025-12-22T03:38:08.193831Z","level":"info","event":"Listing '/airflow/data/ohlc/ingest_date=2025-12-22/data.parquet'.","logger":"hdfs.client","filename":"client.py","lineno":1116}
{"timestamp":"2025-12-22T03:38:08.212240Z","level":"info","event":"Writing to '/airflow/data/ohlc/ingest_date=2025-12-22/data.parquet.temp-1766374688200867'.","logger":"hdfs.client","filename":"client.py","lineno":496}
{"timestamp":"2025-12-22T03:38:08.281592Z","level":"info","event":"Deleting '/airflow/data/ohlc/ingest_date=2025-12-22/data.parquet' recursively.","logger":"hdfs.client","filename":"client.py","lineno":902}
{"timestamp":"2025-12-22T03:38:08.287389Z","level":"info","event":"Renaming '/airflow/data/ohlc/ingest_date=2025-12-22/data.parquet.temp-1766374688200867' to '/airflow/data/ohlc/ingest_date=2025-12-22/data.parquet'.","logger":"hdfs.client","filename":"client.py","lineno":937}
{"timestamp":"2025-12-22T03:38:08.295976Z","level":"info","event":"Done. Returned value was: None","logger":"airflow.task.operators.airflow.providers.standard.operators.python.PythonOperator","filename":"python.py","lineno":215}
{"timestamp":"2025-12-22T06:23:16.877579Z","level":"info","event":"DAG bundles loaded: dags-folder","logger":"airflow.dag_processing.bundles.manager.DagBundlesManager","filename":"manager.py","lineno":179}
{"timestamp":"2025-12-22T06:23:16.879512Z","level":"info","event":"Filling up the DagBag from /workspace/airflow/dags/pull_daily_ohlc_data_into_hdfs.py","logger":"airflow.models.dagbag.DagBag","filename":"dagbag.py","lineno":593}
{"timestamp":"2025-12-22T06:23:25.587802Z","level":"info","event":"Trying to connect to namenode:9870","logger":"airflow.task.hooks.airflow.providers.apache.hdfs.hooks.webhdfs.WebHDFSHook","filename":"webhdfs.py","lineno":80}
{"timestamp":"2025-12-22T06:23:25.588909Z","level":"info","event":"Trying namenode namenode","logger":"airflow.task.hooks.airflow.providers.apache.hdfs.hooks.webhdfs.WebHDFSHook","filename":"webhdfs.py","lineno":84}
{"timestamp":"2025-12-22T06:23:25.589567Z","level":"info","event":"Instantiated <InsecureClient(url='http://namenode:9870')>.","logger":"hdfs.client","filename":"client.py","lineno":192}
{"timestamp":"2025-12-22T06:23:25.589737Z","level":"info","event":"Fetching status for '/'.","logger":"hdfs.client","filename":"client.py","lineno":320}
{"timestamp":"2025-12-22T06:23:25.601830Z","level":"info","event":"Using namenode namenode for hook","logger":"airflow.task.hooks.airflow.providers.apache.hdfs.hooks.webhdfs.WebHDFSHook","filename":"webhdfs.py","lineno":94}
{"timestamp":"2025-12-22T06:23:25.602212Z","level":"info","event":"Creating directories to '/airflow/data/ohlc/ingest_date=2025-12-22'.","logger":"hdfs.client","filename":"client.py","lineno":1028}
{"timestamp":"2025-12-22T06:23:25.642544Z","level":"info","event":"Trying to connect to namenode:9870","logger":"airflow.task.hooks.airflow.providers.apache.hdfs.hooks.webhdfs.WebHDFSHook","filename":"webhdfs.py","lineno":80}
{"timestamp":"2025-12-22T06:23:25.643461Z","level":"info","event":"Trying namenode namenode","logger":"airflow.task.hooks.airflow.providers.apache.hdfs.hooks.webhdfs.WebHDFSHook","filename":"webhdfs.py","lineno":84}
{"timestamp":"2025-12-22T06:23:25.644478Z","level":"info","event":"Instantiated <InsecureClient(url='http://namenode:9870')>.","logger":"hdfs.client","filename":"client.py","lineno":192}
{"timestamp":"2025-12-22T06:23:25.644700Z","level":"info","event":"Fetching status for '/'.","logger":"hdfs.client","filename":"client.py","lineno":320}
{"timestamp":"2025-12-22T06:23:25.653303Z","level":"info","event":"Using namenode namenode for hook","logger":"airflow.task.hooks.airflow.providers.apache.hdfs.hooks.webhdfs.WebHDFSHook","filename":"webhdfs.py","lineno":94}
{"timestamp":"2025-12-22T06:23:25.653588Z","level":"info","event":"Uploading '/workspace/airflow/data/output.parquet' to '/airflow/data/ohlc/ingest_date=2025-12-22/data.parquet'.","logger":"hdfs.client","filename":"client.py","lineno":551}
{"timestamp":"2025-12-22T06:23:25.653725Z","level":"info","event":"Listing '/airflow/data/ohlc/ingest_date=2025-12-22/data.parquet'.","logger":"hdfs.client","filename":"client.py","lineno":1116}
{"timestamp":"2025-12-22T06:23:25.672175Z","level":"info","event":"Writing to '/airflow/data/ohlc/ingest_date=2025-12-22/data.parquet'.","logger":"hdfs.client","filename":"client.py","lineno":496}
{"timestamp":"2025-12-22T06:23:25.876424Z","level":"info","event":"Done. Returned value was: None","logger":"airflow.task.operators.airflow.providers.standard.operators.python.PythonOperator","filename":"python.py","lineno":215}
{"timestamp":"2025-12-22T06:26:20.089310Z","level":"info","event":"DAG bundles loaded: dags-folder","logger":"airflow.dag_processing.bundles.manager.DagBundlesManager","filename":"manager.py","lineno":179}
{"timestamp":"2025-12-22T06:26:20.101010Z","level":"info","event":"Filling up the DagBag from /workspace/airflow/dags/pull_daily_ohlc_data_into_hdfs.py","logger":"airflow.models.dagbag.DagBag","filename":"dagbag.py","lineno":593}
{"timestamp":"2025-12-22T06:26:30.145152Z","level":"info","event":"Trying to connect to namenode:9870","logger":"airflow.task.hooks.airflow.providers.apache.hdfs.hooks.webhdfs.WebHDFSHook","filename":"webhdfs.py","lineno":80}
{"timestamp":"2025-12-22T06:26:30.148025Z","level":"info","event":"Trying namenode namenode","logger":"airflow.task.hooks.airflow.providers.apache.hdfs.hooks.webhdfs.WebHDFSHook","filename":"webhdfs.py","lineno":84}
{"timestamp":"2025-12-22T06:26:30.151352Z","level":"info","event":"Instantiated <InsecureClient(url='http://namenode:9870')>.","logger":"hdfs.client","filename":"client.py","lineno":192}
{"timestamp":"2025-12-22T06:26:30.151725Z","level":"info","event":"Fetching status for '/'.","logger":"hdfs.client","filename":"client.py","lineno":320}
{"timestamp":"2025-12-22T06:26:30.181189Z","level":"info","event":"Using namenode namenode for hook","logger":"airflow.task.hooks.airflow.providers.apache.hdfs.hooks.webhdfs.WebHDFSHook","filename":"webhdfs.py","lineno":94}
{"timestamp":"2025-12-22T06:26:30.181728Z","level":"info","event":"Creating directories to '/airflow/data/ohlc/ingest_date=2025-12-22'.","logger":"hdfs.client","filename":"client.py","lineno":1028}
{"timestamp":"2025-12-22T06:26:30.298784Z","level":"info","event":"Trying to connect to namenode:9870","logger":"airflow.task.hooks.airflow.providers.apache.hdfs.hooks.webhdfs.WebHDFSHook","filename":"webhdfs.py","lineno":80}
{"timestamp":"2025-12-22T06:26:30.300806Z","level":"info","event":"Trying namenode namenode","logger":"airflow.task.hooks.airflow.providers.apache.hdfs.hooks.webhdfs.WebHDFSHook","filename":"webhdfs.py","lineno":84}
{"timestamp":"2025-12-22T06:26:30.301970Z","level":"info","event":"Instantiated <InsecureClient(url='http://namenode:9870')>.","logger":"hdfs.client","filename":"client.py","lineno":192}
{"timestamp":"2025-12-22T06:26:30.302178Z","level":"info","event":"Fetching status for '/'.","logger":"hdfs.client","filename":"client.py","lineno":320}
{"timestamp":"2025-12-22T06:26:30.316491Z","level":"info","event":"Using namenode namenode for hook","logger":"airflow.task.hooks.airflow.providers.apache.hdfs.hooks.webhdfs.WebHDFSHook","filename":"webhdfs.py","lineno":94}
{"timestamp":"2025-12-22T06:26:30.317001Z","level":"info","event":"Uploading '/workspace/airflow/data/output.parquet' to '/airflow/data/ohlc/ingest_date=2025-12-22/data.parquet'.","logger":"hdfs.client","filename":"client.py","lineno":551}
{"timestamp":"2025-12-22T06:26:30.317238Z","level":"info","event":"Listing '/airflow/data/ohlc/ingest_date=2025-12-22/data.parquet'.","logger":"hdfs.client","filename":"client.py","lineno":1116}
{"timestamp":"2025-12-22T06:26:30.336378Z","level":"info","event":"Writing to '/airflow/data/ohlc/ingest_date=2025-12-22/data.parquet.temp-1766384790328500'.","logger":"hdfs.client","filename":"client.py","lineno":496}
{"timestamp":"2025-12-22T06:26:30.557878Z","level":"info","event":"Deleting '/airflow/data/ohlc/ingest_date=2025-12-22/data.parquet' recursively.","logger":"hdfs.client","filename":"client.py","lineno":902}
{"timestamp":"2025-12-22T06:26:30.582077Z","level":"info","event":"Renaming '/airflow/data/ohlc/ingest_date=2025-12-22/data.parquet.temp-1766384790328500' to '/airflow/data/ohlc/ingest_date=2025-12-22/data.parquet'.","logger":"hdfs.client","filename":"client.py","lineno":937}
{"timestamp":"2025-12-22T06:26:30.605939Z","level":"info","event":"Done. Returned value was: None","logger":"airflow.task.operators.airflow.providers.standard.operators.python.PythonOperator","filename":"python.py","lineno":215}
