{"timestamp":"2025-12-21T02:46:57.215359Z","level":"info","event":"DAG bundles loaded: dags-folder","logger":"airflow.dag_processing.bundles.manager.DagBundlesManager","filename":"manager.py","lineno":179}
{"timestamp":"2025-12-21T02:46:57.217934Z","level":"info","event":"Filling up the DagBag from /workspace/airflow/dags/update_news_data.py","logger":"airflow.models.dagbag.DagBag","filename":"dagbag.py","lineno":593}
{"timestamp":"2025-12-21T02:46:58.336792Z","level":"info","event":"Spark-Submit cmd: spark-submit --master yarn --jars /workspace/airflow/connector/mssql-jdbc-12.2.0.jre11.jar --name arrow-spark --verbose --deploy-mode cluster /workspace/airflow/spark-jobs/update_news_data.py 2025-08-31 2025-09-07","logger":"airflow.task.hooks.airflow.providers.apache.spark.hooks.spark_submit.SparkSubmitHook","filename":"spark_submit.py","lineno":474}
{"timestamp":"2025-12-21T02:47:07.500631Z","level":"info","event":"Using properties file: null","logger":"airflow.task.hooks.airflow.providers.apache.spark.hooks.spark_submit.SparkSubmitHook","filename":"spark_submit.py","lineno":644}
{"timestamp":"2025-12-21T02:47:07.688308Z","level":"info","event":"Parsed arguments:","logger":"airflow.task.hooks.airflow.providers.apache.spark.hooks.spark_submit.SparkSubmitHook","filename":"spark_submit.py","lineno":644}
{"timestamp":"2025-12-21T02:47:07.688530Z","level":"info","event":"master                  yarn","logger":"airflow.task.hooks.airflow.providers.apache.spark.hooks.spark_submit.SparkSubmitHook","filename":"spark_submit.py","lineno":644}
{"timestamp":"2025-12-21T02:47:07.688600Z","level":"info","event":"remote                  null","logger":"airflow.task.hooks.airflow.providers.apache.spark.hooks.spark_submit.SparkSubmitHook","filename":"spark_submit.py","lineno":644}
{"timestamp":"2025-12-21T02:47:07.688667Z","level":"info","event":"deployMode              cluster","logger":"airflow.task.hooks.airflow.providers.apache.spark.hooks.spark_submit.SparkSubmitHook","filename":"spark_submit.py","lineno":644}
{"timestamp":"2025-12-21T02:47:07.688710Z","level":"info","event":"executorMemory          null","logger":"airflow.task.hooks.airflow.providers.apache.spark.hooks.spark_submit.SparkSubmitHook","filename":"spark_submit.py","lineno":644}
{"timestamp":"2025-12-21T02:47:07.688748Z","level":"info","event":"executorCores           null","logger":"airflow.task.hooks.airflow.providers.apache.spark.hooks.spark_submit.SparkSubmitHook","filename":"spark_submit.py","lineno":644}
{"timestamp":"2025-12-21T02:47:07.688786Z","level":"info","event":"totalExecutorCores      null","logger":"airflow.task.hooks.airflow.providers.apache.spark.hooks.spark_submit.SparkSubmitHook","filename":"spark_submit.py","lineno":644}
{"timestamp":"2025-12-21T02:47:07.688824Z","level":"info","event":"propertiesFile          null","logger":"airflow.task.hooks.airflow.providers.apache.spark.hooks.spark_submit.SparkSubmitHook","filename":"spark_submit.py","lineno":644}
{"timestamp":"2025-12-21T02:47:07.688864Z","level":"info","event":"driverMemory            null","logger":"airflow.task.hooks.airflow.providers.apache.spark.hooks.spark_submit.SparkSubmitHook","filename":"spark_submit.py","lineno":644}
{"timestamp":"2025-12-21T02:47:07.688906Z","level":"info","event":"driverCores             null","logger":"airflow.task.hooks.airflow.providers.apache.spark.hooks.spark_submit.SparkSubmitHook","filename":"spark_submit.py","lineno":644}
{"timestamp":"2025-12-21T02:47:07.688948Z","level":"info","event":"driverExtraClassPath    null","logger":"airflow.task.hooks.airflow.providers.apache.spark.hooks.spark_submit.SparkSubmitHook","filename":"spark_submit.py","lineno":644}
{"timestamp":"2025-12-21T02:47:07.688991Z","level":"info","event":"driverExtraLibraryPath  null","logger":"airflow.task.hooks.airflow.providers.apache.spark.hooks.spark_submit.SparkSubmitHook","filename":"spark_submit.py","lineno":644}
{"timestamp":"2025-12-21T02:47:07.689033Z","level":"info","event":"driverExtraJavaOptions  null","logger":"airflow.task.hooks.airflow.providers.apache.spark.hooks.spark_submit.SparkSubmitHook","filename":"spark_submit.py","lineno":644}
{"timestamp":"2025-12-21T02:47:07.689077Z","level":"info","event":"supervise               false","logger":"airflow.task.hooks.airflow.providers.apache.spark.hooks.spark_submit.SparkSubmitHook","filename":"spark_submit.py","lineno":644}
{"timestamp":"2025-12-21T02:47:07.689115Z","level":"info","event":"queue                   null","logger":"airflow.task.hooks.airflow.providers.apache.spark.hooks.spark_submit.SparkSubmitHook","filename":"spark_submit.py","lineno":644}
{"timestamp":"2025-12-21T02:47:07.689154Z","level":"info","event":"numExecutors            null","logger":"airflow.task.hooks.airflow.providers.apache.spark.hooks.spark_submit.SparkSubmitHook","filename":"spark_submit.py","lineno":644}
{"timestamp":"2025-12-21T02:47:07.689195Z","level":"info","event":"files                   null","logger":"airflow.task.hooks.airflow.providers.apache.spark.hooks.spark_submit.SparkSubmitHook","filename":"spark_submit.py","lineno":644}
{"timestamp":"2025-12-21T02:47:07.689234Z","level":"info","event":"pyFiles                 null","logger":"airflow.task.hooks.airflow.providers.apache.spark.hooks.spark_submit.SparkSubmitHook","filename":"spark_submit.py","lineno":644}
{"timestamp":"2025-12-21T02:47:07.689256Z","level":"info","event":"archives                null","logger":"airflow.task.hooks.airflow.providers.apache.spark.hooks.spark_submit.SparkSubmitHook","filename":"spark_submit.py","lineno":644}
{"timestamp":"2025-12-21T02:47:07.689282Z","level":"info","event":"mainClass               null","logger":"airflow.task.hooks.airflow.providers.apache.spark.hooks.spark_submit.SparkSubmitHook","filename":"spark_submit.py","lineno":644}
{"timestamp":"2025-12-21T02:47:07.689302Z","level":"info","event":"primaryResource         file:/workspace/airflow/spark-jobs/update_news_data.py","logger":"airflow.task.hooks.airflow.providers.apache.spark.hooks.spark_submit.SparkSubmitHook","filename":"spark_submit.py","lineno":644}
{"timestamp":"2025-12-21T02:47:07.689325Z","level":"info","event":"name                    arrow-spark","logger":"airflow.task.hooks.airflow.providers.apache.spark.hooks.spark_submit.SparkSubmitHook","filename":"spark_submit.py","lineno":644}
{"timestamp":"2025-12-21T02:47:07.689417Z","level":"info","event":"childArgs               [2025-08-31 2025-09-07]","logger":"airflow.task.hooks.airflow.providers.apache.spark.hooks.spark_submit.SparkSubmitHook","filename":"spark_submit.py","lineno":644}
{"timestamp":"2025-12-21T02:47:07.689457Z","level":"info","event":"jars                    file:/workspace/airflow/connector/mssql-jdbc-12.2.0.jre11.jar","logger":"airflow.task.hooks.airflow.providers.apache.spark.hooks.spark_submit.SparkSubmitHook","filename":"spark_submit.py","lineno":644}
{"timestamp":"2025-12-21T02:47:07.689482Z","level":"info","event":"packages                null","logger":"airflow.task.hooks.airflow.providers.apache.spark.hooks.spark_submit.SparkSubmitHook","filename":"spark_submit.py","lineno":644}
{"timestamp":"2025-12-21T02:47:07.689522Z","level":"info","event":"packagesExclusions      null","logger":"airflow.task.hooks.airflow.providers.apache.spark.hooks.spark_submit.SparkSubmitHook","filename":"spark_submit.py","lineno":644}
{"timestamp":"2025-12-21T02:47:07.689554Z","level":"info","event":"repositories            null","logger":"airflow.task.hooks.airflow.providers.apache.spark.hooks.spark_submit.SparkSubmitHook","filename":"spark_submit.py","lineno":644}
{"timestamp":"2025-12-21T02:47:07.689578Z","level":"info","event":"verbose                 true","logger":"airflow.task.hooks.airflow.providers.apache.spark.hooks.spark_submit.SparkSubmitHook","filename":"spark_submit.py","lineno":644}
{"timestamp":"2025-12-21T02:47:07.689602Z","level":"info","event":"","logger":"airflow.task.hooks.airflow.providers.apache.spark.hooks.spark_submit.SparkSubmitHook","filename":"spark_submit.py","lineno":644}
{"timestamp":"2025-12-21T02:47:07.689626Z","level":"info","event":"Spark properties used, including those specified through","logger":"airflow.task.hooks.airflow.providers.apache.spark.hooks.spark_submit.SparkSubmitHook","filename":"spark_submit.py","lineno":644}
{"timestamp":"2025-12-21T02:47:07.689649Z","level":"info","event":"--conf and those from the properties file null:","logger":"airflow.task.hooks.airflow.providers.apache.spark.hooks.spark_submit.SparkSubmitHook","filename":"spark_submit.py","lineno":644}
{"timestamp":"2025-12-21T02:47:07.689671Z","level":"info","event":"","logger":"airflow.task.hooks.airflow.providers.apache.spark.hooks.spark_submit.SparkSubmitHook","filename":"spark_submit.py","lineno":644}
{"timestamp":"2025-12-21T02:47:07.689700Z","level":"info","event":"","logger":"airflow.task.hooks.airflow.providers.apache.spark.hooks.spark_submit.SparkSubmitHook","filename":"spark_submit.py","lineno":644}
{"timestamp":"2025-12-21T02:47:07.689739Z","level":"info","event":"","logger":"airflow.task.hooks.airflow.providers.apache.spark.hooks.spark_submit.SparkSubmitHook","filename":"spark_submit.py","lineno":644}
{"timestamp":"2025-12-21T02:47:08.692803Z","level":"info","event":"25/12/21 02:47:08 WARN NativeCodeLoader: Unable to load native-hadoop library for your platform... using builtin-java classes where applicable","logger":"airflow.task.hooks.airflow.providers.apache.spark.hooks.spark_submit.SparkSubmitHook","filename":"spark_submit.py","lineno":644}
{"timestamp":"2025-12-21T02:47:09.188092Z","level":"info","event":"Main class:","logger":"airflow.task.hooks.airflow.providers.apache.spark.hooks.spark_submit.SparkSubmitHook","filename":"spark_submit.py","lineno":644}
{"timestamp":"2025-12-21T02:47:09.188345Z","level":"info","event":"org.apache.spark.deploy.yarn.YarnClusterApplication","logger":"airflow.task.hooks.airflow.providers.apache.spark.hooks.spark_submit.SparkSubmitHook","filename":"spark_submit.py","lineno":644}
{"timestamp":"2025-12-21T02:47:09.188792Z","level":"info","event":"Arguments:","logger":"airflow.task.hooks.airflow.providers.apache.spark.hooks.spark_submit.SparkSubmitHook","filename":"spark_submit.py","lineno":644}
{"timestamp":"2025-12-21T02:47:09.188904Z","level":"info","event":"--primary-py-file","logger":"airflow.task.hooks.airflow.providers.apache.spark.hooks.spark_submit.SparkSubmitHook","filename":"spark_submit.py","lineno":644}
{"timestamp":"2025-12-21T02:47:09.188970Z","level":"info","event":"file:/workspace/airflow/spark-jobs/update_news_data.py","logger":"airflow.task.hooks.airflow.providers.apache.spark.hooks.spark_submit.SparkSubmitHook","filename":"spark_submit.py","lineno":644}
{"timestamp":"2025-12-21T02:47:09.189026Z","level":"info","event":"--class","logger":"airflow.task.hooks.airflow.providers.apache.spark.hooks.spark_submit.SparkSubmitHook","filename":"spark_submit.py","lineno":644}
{"timestamp":"2025-12-21T02:47:09.189073Z","level":"info","event":"org.apache.spark.deploy.PythonRunner","logger":"airflow.task.hooks.airflow.providers.apache.spark.hooks.spark_submit.SparkSubmitHook","filename":"spark_submit.py","lineno":644}
{"timestamp":"2025-12-21T02:47:09.189106Z","level":"info","event":"--arg","logger":"airflow.task.hooks.airflow.providers.apache.spark.hooks.spark_submit.SparkSubmitHook","filename":"spark_submit.py","lineno":644}
{"timestamp":"2025-12-21T02:47:09.189134Z","level":"info","event":"2025-08-31","logger":"airflow.task.hooks.airflow.providers.apache.spark.hooks.spark_submit.SparkSubmitHook","filename":"spark_submit.py","lineno":644}
{"timestamp":"2025-12-21T02:47:09.189162Z","level":"info","event":"--arg","logger":"airflow.task.hooks.airflow.providers.apache.spark.hooks.spark_submit.SparkSubmitHook","filename":"spark_submit.py","lineno":644}
{"timestamp":"2025-12-21T02:47:09.189197Z","level":"info","event":"2025-09-07","logger":"airflow.task.hooks.airflow.providers.apache.spark.hooks.spark_submit.SparkSubmitHook","filename":"spark_submit.py","lineno":644}
{"timestamp":"2025-12-21T02:47:09.197867Z","level":"info","event":"Spark config:","logger":"airflow.task.hooks.airflow.providers.apache.spark.hooks.spark_submit.SparkSubmitHook","filename":"spark_submit.py","lineno":644}
{"timestamp":"2025-12-21T02:47:09.198019Z","level":"info","event":"(spark.app.name,arrow-spark)","logger":"airflow.task.hooks.airflow.providers.apache.spark.hooks.spark_submit.SparkSubmitHook","filename":"spark_submit.py","lineno":644}
{"timestamp":"2025-12-21T02:47:09.198059Z","level":"info","event":"(spark.app.submitTime,1766285229156)","logger":"airflow.task.hooks.airflow.providers.apache.spark.hooks.spark_submit.SparkSubmitHook","filename":"spark_submit.py","lineno":644}
{"timestamp":"2025-12-21T02:47:09.198086Z","level":"info","event":"(spark.master,yarn)","logger":"airflow.task.hooks.airflow.providers.apache.spark.hooks.spark_submit.SparkSubmitHook","filename":"spark_submit.py","lineno":644}
{"timestamp":"2025-12-21T02:47:09.198110Z","level":"info","event":"(spark.submit.deployMode,cluster)","logger":"airflow.task.hooks.airflow.providers.apache.spark.hooks.spark_submit.SparkSubmitHook","filename":"spark_submit.py","lineno":644}
{"timestamp":"2025-12-21T02:47:09.198133Z","level":"info","event":"(spark.submit.pyFiles,)","logger":"airflow.task.hooks.airflow.providers.apache.spark.hooks.spark_submit.SparkSubmitHook","filename":"spark_submit.py","lineno":644}
{"timestamp":"2025-12-21T02:47:09.198155Z","level":"info","event":"(spark.yarn.dist.jars,file:///workspace/airflow/connector/mssql-jdbc-12.2.0.jre11.jar)","logger":"airflow.task.hooks.airflow.providers.apache.spark.hooks.spark_submit.SparkSubmitHook","filename":"spark_submit.py","lineno":644}
{"timestamp":"2025-12-21T02:47:09.198186Z","level":"info","event":"(spark.yarn.isPython,true)","logger":"airflow.task.hooks.airflow.providers.apache.spark.hooks.spark_submit.SparkSubmitHook","filename":"spark_submit.py","lineno":644}
{"timestamp":"2025-12-21T02:47:09.198212Z","level":"info","event":"Classpath elements:","logger":"airflow.task.hooks.airflow.providers.apache.spark.hooks.spark_submit.SparkSubmitHook","filename":"spark_submit.py","lineno":644}
{"timestamp":"2025-12-21T02:47:09.198234Z","level":"info","event":"file:///workspace/airflow/connector/mssql-jdbc-12.2.0.jre11.jar","logger":"airflow.task.hooks.airflow.providers.apache.spark.hooks.spark_submit.SparkSubmitHook","filename":"spark_submit.py","lineno":644}
{"timestamp":"2025-12-21T02:47:09.198653Z","level":"info","event":"","logger":"airflow.task.hooks.airflow.providers.apache.spark.hooks.spark_submit.SparkSubmitHook","filename":"spark_submit.py","lineno":644}
{"timestamp":"2025-12-21T02:47:09.198736Z","level":"info","event":"","logger":"airflow.task.hooks.airflow.providers.apache.spark.hooks.spark_submit.SparkSubmitHook","filename":"spark_submit.py","lineno":644}
{"timestamp":"2025-12-21T02:47:09.469480Z","level":"info","event":"25/12/21 02:47:09 INFO DefaultNoHARMFailoverProxyProvider: Connecting to ResourceManager at namenode/172.18.0.5:8032","logger":"airflow.task.hooks.airflow.providers.apache.spark.hooks.spark_submit.SparkSubmitHook","filename":"spark_submit.py","lineno":644}
{"timestamp":"2025-12-21T02:47:11.234757Z","level":"info","event":"25/12/21 02:47:11 INFO Configuration: resource-types.xml not found","logger":"airflow.task.hooks.airflow.providers.apache.spark.hooks.spark_submit.SparkSubmitHook","filename":"spark_submit.py","lineno":644}
{"timestamp":"2025-12-21T02:47:11.235457Z","level":"info","event":"25/12/21 02:47:11 INFO ResourceUtils: Unable to find 'resource-types.xml'.","logger":"airflow.task.hooks.airflow.providers.apache.spark.hooks.spark_submit.SparkSubmitHook","filename":"spark_submit.py","lineno":644}
{"timestamp":"2025-12-21T02:47:11.265506Z","level":"info","event":"25/12/21 02:47:11 INFO Client: Verifying our application has not requested more than the maximum memory capability of the cluster (8192 MB per container)","logger":"airflow.task.hooks.airflow.providers.apache.spark.hooks.spark_submit.SparkSubmitHook","filename":"spark_submit.py","lineno":644}
{"timestamp":"2025-12-21T02:47:11.266647Z","level":"info","event":"25/12/21 02:47:11 INFO Client: Will allocate AM container, with 1408 MB memory including 384 MB overhead","logger":"airflow.task.hooks.airflow.providers.apache.spark.hooks.spark_submit.SparkSubmitHook","filename":"spark_submit.py","lineno":644}
{"timestamp":"2025-12-21T02:47:11.267260Z","level":"info","event":"25/12/21 02:47:11 INFO Client: Setting up container launch context for our AM","logger":"airflow.task.hooks.airflow.providers.apache.spark.hooks.spark_submit.SparkSubmitHook","filename":"spark_submit.py","lineno":644}
{"timestamp":"2025-12-21T02:47:11.276806Z","level":"info","event":"25/12/21 02:47:11 INFO Client: Setting up the launch environment for our AM container","logger":"airflow.task.hooks.airflow.providers.apache.spark.hooks.spark_submit.SparkSubmitHook","filename":"spark_submit.py","lineno":644}
{"timestamp":"2025-12-21T02:47:11.299905Z","level":"info","event":"25/12/21 02:47:11 INFO Client: Preparing resources for our AM container","logger":"airflow.task.hooks.airflow.providers.apache.spark.hooks.spark_submit.SparkSubmitHook","filename":"spark_submit.py","lineno":644}
{"timestamp":"2025-12-21T02:47:11.369237Z","level":"info","event":"25/12/21 02:47:11 WARN Client: Neither spark.yarn.jars nor spark.yarn.archive is set, falling back to uploading libraries under SPARK_HOME.","logger":"airflow.task.hooks.airflow.providers.apache.spark.hooks.spark_submit.SparkSubmitHook","filename":"spark_submit.py","lineno":644}
{"timestamp":"2025-12-21T02:47:26.578206Z","level":"info","event":"Identified spark application id: application_1766283730773_0002","logger":"airflow.task.hooks.airflow.providers.apache.spark.hooks.spark_submit.SparkSubmitHook","filename":"spark_submit.py","lineno":611}
{"timestamp":"2025-12-21T02:47:26.578392Z","level":"info","event":"25/12/21 02:47:26 INFO Client: Uploading resource file:/tmp/spark-5d7ef1d6-d7f1-4925-82c0-1e0df379e32a/__spark_libs__4361506909691277710.zip -> hdfs://namenode:8020/user/root/.sparkStaging/application_1766283730773_0002/__spark_libs__4361506909691277710.zip","logger":"airflow.task.hooks.airflow.providers.apache.spark.hooks.spark_submit.SparkSubmitHook","filename":"spark_submit.py","lineno":644}
{"timestamp":"2025-12-21T02:47:28.274534Z","level":"info","event":"Identified spark application id: application_1766283730773_0002","logger":"airflow.task.hooks.airflow.providers.apache.spark.hooks.spark_submit.SparkSubmitHook","filename":"spark_submit.py","lineno":611}
{"timestamp":"2025-12-21T02:47:28.274765Z","level":"info","event":"25/12/21 02:47:28 INFO Client: Uploading resource file:/workspace/airflow/connector/mssql-jdbc-12.2.0.jre11.jar -> hdfs://namenode:8020/user/root/.sparkStaging/application_1766283730773_0002/mssql-jdbc-12.2.0.jre11.jar","logger":"airflow.task.hooks.airflow.providers.apache.spark.hooks.spark_submit.SparkSubmitHook","filename":"spark_submit.py","lineno":644}
{"timestamp":"2025-12-21T02:47:28.319458Z","level":"info","event":"Identified spark application id: application_1766283730773_0002","logger":"airflow.task.hooks.airflow.providers.apache.spark.hooks.spark_submit.SparkSubmitHook","filename":"spark_submit.py","lineno":611}
{"timestamp":"2025-12-21T02:47:28.319685Z","level":"info","event":"25/12/21 02:47:28 INFO Client: Uploading resource file:/workspace/airflow/spark-jobs/update_news_data.py -> hdfs://namenode:8020/user/root/.sparkStaging/application_1766283730773_0002/update_news_data.py","logger":"airflow.task.hooks.airflow.providers.apache.spark.hooks.spark_submit.SparkSubmitHook","filename":"spark_submit.py","lineno":644}
{"timestamp":"2025-12-21T02:47:28.374487Z","level":"info","event":"Identified spark application id: application_1766283730773_0002","logger":"airflow.task.hooks.airflow.providers.apache.spark.hooks.spark_submit.SparkSubmitHook","filename":"spark_submit.py","lineno":611}
{"timestamp":"2025-12-21T02:47:28.374648Z","level":"info","event":"25/12/21 02:47:28 INFO Client: Uploading resource file:/workspace/airflow/.venv/lib/python3.12/site-packages/pyspark/python/lib/pyspark.zip -> hdfs://namenode:8020/user/root/.sparkStaging/application_1766283730773_0002/pyspark.zip","logger":"airflow.task.hooks.airflow.providers.apache.spark.hooks.spark_submit.SparkSubmitHook","filename":"spark_submit.py","lineno":644}
{"timestamp":"2025-12-21T02:47:28.474966Z","level":"info","event":"Identified spark application id: application_1766283730773_0002","logger":"airflow.task.hooks.airflow.providers.apache.spark.hooks.spark_submit.SparkSubmitHook","filename":"spark_submit.py","lineno":611}
{"timestamp":"2025-12-21T02:47:28.475173Z","level":"info","event":"25/12/21 02:47:28 INFO Client: Uploading resource file:/workspace/airflow/.venv/lib/python3.12/site-packages/pyspark/python/lib/py4j-0.10.9.7-src.zip -> hdfs://namenode:8020/user/root/.sparkStaging/application_1766283730773_0002/py4j-0.10.9.7-src.zip","logger":"airflow.task.hooks.airflow.providers.apache.spark.hooks.spark_submit.SparkSubmitHook","filename":"spark_submit.py","lineno":644}
{"timestamp":"2025-12-21T02:47:28.815554Z","level":"info","event":"Identified spark application id: application_1766283730773_0002","logger":"airflow.task.hooks.airflow.providers.apache.spark.hooks.spark_submit.SparkSubmitHook","filename":"spark_submit.py","lineno":611}
{"timestamp":"2025-12-21T02:47:28.815764Z","level":"info","event":"25/12/21 02:47:28 INFO Client: Uploading resource file:/tmp/spark-5d7ef1d6-d7f1-4925-82c0-1e0df379e32a/__spark_conf__4571927118765375022.zip -> hdfs://namenode:8020/user/root/.sparkStaging/application_1766283730773_0002/__spark_conf__.zip","logger":"airflow.task.hooks.airflow.providers.apache.spark.hooks.spark_submit.SparkSubmitHook","filename":"spark_submit.py","lineno":644}
{"timestamp":"2025-12-21T02:47:28.888173Z","level":"info","event":"25/12/21 02:47:28 INFO SecurityManager: Changing view acls to: root","logger":"airflow.task.hooks.airflow.providers.apache.spark.hooks.spark_submit.SparkSubmitHook","filename":"spark_submit.py","lineno":644}
{"timestamp":"2025-12-21T02:47:28.889532Z","level":"info","event":"25/12/21 02:47:28 INFO SecurityManager: Changing modify acls to: root","logger":"airflow.task.hooks.airflow.providers.apache.spark.hooks.spark_submit.SparkSubmitHook","filename":"spark_submit.py","lineno":644}
{"timestamp":"2025-12-21T02:47:28.889981Z","level":"info","event":"25/12/21 02:47:28 INFO SecurityManager: Changing view acls groups to:","logger":"airflow.task.hooks.airflow.providers.apache.spark.hooks.spark_submit.SparkSubmitHook","filename":"spark_submit.py","lineno":644}
{"timestamp":"2025-12-21T02:47:28.890823Z","level":"info","event":"25/12/21 02:47:28 INFO SecurityManager: Changing modify acls groups to:","logger":"airflow.task.hooks.airflow.providers.apache.spark.hooks.spark_submit.SparkSubmitHook","filename":"spark_submit.py","lineno":644}
{"timestamp":"2025-12-21T02:47:28.891396Z","level":"info","event":"25/12/21 02:47:28 INFO SecurityManager: SecurityManager: authentication disabled; ui acls disabled; users with view permissions: root; groups with view permissions: EMPTY; users with modify permissions: root; groups with modify permissions: EMPTY","logger":"airflow.task.hooks.airflow.providers.apache.spark.hooks.spark_submit.SparkSubmitHook","filename":"spark_submit.py","lineno":644}
{"timestamp":"2025-12-21T02:47:28.988002Z","level":"info","event":"Identified spark application id: application_1766283730773_0002","logger":"airflow.task.hooks.airflow.providers.apache.spark.hooks.spark_submit.SparkSubmitHook","filename":"spark_submit.py","lineno":611}
{"timestamp":"2025-12-21T02:47:28.988233Z","level":"info","event":"25/12/21 02:47:28 INFO Client: Submitting application application_1766283730773_0002 to ResourceManager","logger":"airflow.task.hooks.airflow.providers.apache.spark.hooks.spark_submit.SparkSubmitHook","filename":"spark_submit.py","lineno":644}
{"timestamp":"2025-12-21T02:47:29.075786Z","level":"info","event":"Identified spark application id: application_1766283730773_0002","logger":"airflow.task.hooks.airflow.providers.apache.spark.hooks.spark_submit.SparkSubmitHook","filename":"spark_submit.py","lineno":611}
{"timestamp":"2025-12-21T02:47:29.075946Z","level":"info","event":"25/12/21 02:47:29 INFO YarnClientImpl: Submitted application application_1766283730773_0002","logger":"airflow.task.hooks.airflow.providers.apache.spark.hooks.spark_submit.SparkSubmitHook","filename":"spark_submit.py","lineno":644}
{"timestamp":"2025-12-21T02:47:30.081980Z","level":"info","event":"Identified spark application id: application_1766283730773_0002","logger":"airflow.task.hooks.airflow.providers.apache.spark.hooks.spark_submit.SparkSubmitHook","filename":"spark_submit.py","lineno":611}
{"timestamp":"2025-12-21T02:47:30.082224Z","level":"info","event":"25/12/21 02:47:30 INFO Client: Application report for application_1766283730773_0002 (state: ACCEPTED)","logger":"airflow.task.hooks.airflow.providers.apache.spark.hooks.spark_submit.SparkSubmitHook","filename":"spark_submit.py","lineno":644}
{"timestamp":"2025-12-21T02:47:30.087715Z","level":"info","event":"25/12/21 02:47:30 INFO Client:","logger":"airflow.task.hooks.airflow.providers.apache.spark.hooks.spark_submit.SparkSubmitHook","filename":"spark_submit.py","lineno":644}
{"timestamp":"2025-12-21T02:47:30.087866Z","level":"info","event":"client token: N/A","logger":"airflow.task.hooks.airflow.providers.apache.spark.hooks.spark_submit.SparkSubmitHook","filename":"spark_submit.py","lineno":644}
{"timestamp":"2025-12-21T02:47:30.087907Z","level":"info","event":"diagnostics: AM container is launched, waiting for AM container to Register with RM","logger":"airflow.task.hooks.airflow.providers.apache.spark.hooks.spark_submit.SparkSubmitHook","filename":"spark_submit.py","lineno":644}
{"timestamp":"2025-12-21T02:47:30.087949Z","level":"info","event":"ApplicationMaster host: N/A","logger":"airflow.task.hooks.airflow.providers.apache.spark.hooks.spark_submit.SparkSubmitHook","filename":"spark_submit.py","lineno":644}
{"timestamp":"2025-12-21T02:47:30.087989Z","level":"info","event":"ApplicationMaster RPC port: -1","logger":"airflow.task.hooks.airflow.providers.apache.spark.hooks.spark_submit.SparkSubmitHook","filename":"spark_submit.py","lineno":644}
{"timestamp":"2025-12-21T02:47:30.088030Z","level":"info","event":"queue: default","logger":"airflow.task.hooks.airflow.providers.apache.spark.hooks.spark_submit.SparkSubmitHook","filename":"spark_submit.py","lineno":644}
{"timestamp":"2025-12-21T02:47:30.088055Z","level":"info","event":"start time: 1766285249013","logger":"airflow.task.hooks.airflow.providers.apache.spark.hooks.spark_submit.SparkSubmitHook","filename":"spark_submit.py","lineno":644}
{"timestamp":"2025-12-21T02:47:30.088076Z","level":"info","event":"final status: UNDEFINED","logger":"airflow.task.hooks.airflow.providers.apache.spark.hooks.spark_submit.SparkSubmitHook","filename":"spark_submit.py","lineno":644}
{"timestamp":"2025-12-21T02:47:30.088111Z","level":"info","event":"Identified spark application id: application_1766283730773_0002","logger":"airflow.task.hooks.airflow.providers.apache.spark.hooks.spark_submit.SparkSubmitHook","filename":"spark_submit.py","lineno":611}
{"timestamp":"2025-12-21T02:47:30.088132Z","level":"info","event":"tracking URL: http://namenode:8088/proxy/application_1766283730773_0002/","logger":"airflow.task.hooks.airflow.providers.apache.spark.hooks.spark_submit.SparkSubmitHook","filename":"spark_submit.py","lineno":644}
{"timestamp":"2025-12-21T02:47:30.088157Z","level":"info","event":"user: root","logger":"airflow.task.hooks.airflow.providers.apache.spark.hooks.spark_submit.SparkSubmitHook","filename":"spark_submit.py","lineno":644}
{"timestamp":"2025-12-21T02:47:38.123646Z","level":"info","event":"Identified spark application id: application_1766283730773_0002","logger":"airflow.task.hooks.airflow.providers.apache.spark.hooks.spark_submit.SparkSubmitHook","filename":"spark_submit.py","lineno":611}
{"timestamp":"2025-12-21T02:47:38.123837Z","level":"info","event":"25/12/21 02:47:38 INFO Client: Application report for application_1766283730773_0002 (state: RUNNING)","logger":"airflow.task.hooks.airflow.providers.apache.spark.hooks.spark_submit.SparkSubmitHook","filename":"spark_submit.py","lineno":644}
{"timestamp":"2025-12-21T02:47:38.124726Z","level":"info","event":"25/12/21 02:47:38 INFO Client:","logger":"airflow.task.hooks.airflow.providers.apache.spark.hooks.spark_submit.SparkSubmitHook","filename":"spark_submit.py","lineno":644}
{"timestamp":"2025-12-21T02:47:38.124924Z","level":"info","event":"client token: N/A","logger":"airflow.task.hooks.airflow.providers.apache.spark.hooks.spark_submit.SparkSubmitHook","filename":"spark_submit.py","lineno":644}
{"timestamp":"2025-12-21T02:47:38.124998Z","level":"info","event":"diagnostics: N/A","logger":"airflow.task.hooks.airflow.providers.apache.spark.hooks.spark_submit.SparkSubmitHook","filename":"spark_submit.py","lineno":644}
{"timestamp":"2025-12-21T02:47:38.125039Z","level":"info","event":"ApplicationMaster host: datanode-nodemanager-1","logger":"airflow.task.hooks.airflow.providers.apache.spark.hooks.spark_submit.SparkSubmitHook","filename":"spark_submit.py","lineno":644}
{"timestamp":"2025-12-21T02:47:38.125070Z","level":"info","event":"ApplicationMaster RPC port: 38135","logger":"airflow.task.hooks.airflow.providers.apache.spark.hooks.spark_submit.SparkSubmitHook","filename":"spark_submit.py","lineno":644}
{"timestamp":"2025-12-21T02:47:38.125094Z","level":"info","event":"queue: default","logger":"airflow.task.hooks.airflow.providers.apache.spark.hooks.spark_submit.SparkSubmitHook","filename":"spark_submit.py","lineno":644}
{"timestamp":"2025-12-21T02:47:38.125119Z","level":"info","event":"start time: 1766285249013","logger":"airflow.task.hooks.airflow.providers.apache.spark.hooks.spark_submit.SparkSubmitHook","filename":"spark_submit.py","lineno":644}
{"timestamp":"2025-12-21T02:47:38.125154Z","level":"info","event":"final status: UNDEFINED","logger":"airflow.task.hooks.airflow.providers.apache.spark.hooks.spark_submit.SparkSubmitHook","filename":"spark_submit.py","lineno":644}
{"timestamp":"2025-12-21T02:47:38.125199Z","level":"info","event":"Identified spark application id: application_1766283730773_0002","logger":"airflow.task.hooks.airflow.providers.apache.spark.hooks.spark_submit.SparkSubmitHook","filename":"spark_submit.py","lineno":611}
{"timestamp":"2025-12-21T02:47:38.125228Z","level":"info","event":"tracking URL: http://namenode:8088/proxy/application_1766283730773_0002/","logger":"airflow.task.hooks.airflow.providers.apache.spark.hooks.spark_submit.SparkSubmitHook","filename":"spark_submit.py","lineno":644}
{"timestamp":"2025-12-21T02:47:38.125251Z","level":"info","event":"user: root","logger":"airflow.task.hooks.airflow.providers.apache.spark.hooks.spark_submit.SparkSubmitHook","filename":"spark_submit.py","lineno":644}
{"timestamp":"2025-12-21T02:48:08.246927Z","level":"info","event":"Identified spark application id: application_1766283730773_0002","logger":"airflow.task.hooks.airflow.providers.apache.spark.hooks.spark_submit.SparkSubmitHook","filename":"spark_submit.py","lineno":611}
{"timestamp":"2025-12-21T02:48:08.247239Z","level":"info","event":"25/12/21 02:48:08 INFO Client: Application report for application_1766283730773_0002 (state: RUNNING)","logger":"airflow.task.hooks.airflow.providers.apache.spark.hooks.spark_submit.SparkSubmitHook","filename":"spark_submit.py","lineno":644}
{"timestamp":"2025-12-21T02:48:38.386712Z","level":"info","event":"Identified spark application id: application_1766283730773_0002","logger":"airflow.task.hooks.airflow.providers.apache.spark.hooks.spark_submit.SparkSubmitHook","filename":"spark_submit.py","lineno":611}
{"timestamp":"2025-12-21T02:48:38.386997Z","level":"info","event":"25/12/21 02:48:38 INFO Client: Application report for application_1766283730773_0002 (state: RUNNING)","logger":"airflow.task.hooks.airflow.providers.apache.spark.hooks.spark_submit.SparkSubmitHook","filename":"spark_submit.py","lineno":644}
{"timestamp":"2025-12-21T02:48:53.454433Z","level":"info","event":"Identified spark application id: application_1766283730773_0002","logger":"airflow.task.hooks.airflow.providers.apache.spark.hooks.spark_submit.SparkSubmitHook","filename":"spark_submit.py","lineno":611}
{"timestamp":"2025-12-21T02:48:53.454697Z","level":"info","event":"25/12/21 02:48:53 INFO Client: Application report for application_1766283730773_0002 (state: FINISHED)","logger":"airflow.task.hooks.airflow.providers.apache.spark.hooks.spark_submit.SparkSubmitHook","filename":"spark_submit.py","lineno":644}
{"timestamp":"2025-12-21T02:48:53.455548Z","level":"info","event":"25/12/21 02:48:53 INFO Client:","logger":"airflow.task.hooks.airflow.providers.apache.spark.hooks.spark_submit.SparkSubmitHook","filename":"spark_submit.py","lineno":644}
{"timestamp":"2025-12-21T02:48:53.455691Z","level":"info","event":"client token: N/A","logger":"airflow.task.hooks.airflow.providers.apache.spark.hooks.spark_submit.SparkSubmitHook","filename":"spark_submit.py","lineno":644}
{"timestamp":"2025-12-21T02:48:53.455761Z","level":"info","event":"diagnostics: N/A","logger":"airflow.task.hooks.airflow.providers.apache.spark.hooks.spark_submit.SparkSubmitHook","filename":"spark_submit.py","lineno":644}
{"timestamp":"2025-12-21T02:48:53.455819Z","level":"info","event":"ApplicationMaster host: datanode-nodemanager-1","logger":"airflow.task.hooks.airflow.providers.apache.spark.hooks.spark_submit.SparkSubmitHook","filename":"spark_submit.py","lineno":644}
{"timestamp":"2025-12-21T02:48:53.455872Z","level":"info","event":"ApplicationMaster RPC port: 38135","logger":"airflow.task.hooks.airflow.providers.apache.spark.hooks.spark_submit.SparkSubmitHook","filename":"spark_submit.py","lineno":644}
{"timestamp":"2025-12-21T02:48:53.455926Z","level":"info","event":"queue: default","logger":"airflow.task.hooks.airflow.providers.apache.spark.hooks.spark_submit.SparkSubmitHook","filename":"spark_submit.py","lineno":644}
{"timestamp":"2025-12-21T02:48:53.455978Z","level":"info","event":"start time: 1766285249013","logger":"airflow.task.hooks.airflow.providers.apache.spark.hooks.spark_submit.SparkSubmitHook","filename":"spark_submit.py","lineno":644}
{"timestamp":"2025-12-21T02:48:53.456031Z","level":"info","event":"final status: SUCCEEDED","logger":"airflow.task.hooks.airflow.providers.apache.spark.hooks.spark_submit.SparkSubmitHook","filename":"spark_submit.py","lineno":644}
{"timestamp":"2025-12-21T02:48:53.456098Z","level":"info","event":"Identified spark application id: application_1766283730773_0002","logger":"airflow.task.hooks.airflow.providers.apache.spark.hooks.spark_submit.SparkSubmitHook","filename":"spark_submit.py","lineno":611}
{"timestamp":"2025-12-21T02:48:53.456150Z","level":"info","event":"tracking URL: http://namenode:8088/proxy/application_1766283730773_0002/","logger":"airflow.task.hooks.airflow.providers.apache.spark.hooks.spark_submit.SparkSubmitHook","filename":"spark_submit.py","lineno":644}
{"timestamp":"2025-12-21T02:48:53.456203Z","level":"info","event":"user: root","logger":"airflow.task.hooks.airflow.providers.apache.spark.hooks.spark_submit.SparkSubmitHook","filename":"spark_submit.py","lineno":644}
{"timestamp":"2025-12-21T02:48:53.480285Z","level":"info","event":"25/12/21 02:48:53 INFO ShutdownHookManager: Shutdown hook called","logger":"airflow.task.hooks.airflow.providers.apache.spark.hooks.spark_submit.SparkSubmitHook","filename":"spark_submit.py","lineno":644}
{"timestamp":"2025-12-21T02:48:53.480994Z","level":"info","event":"25/12/21 02:48:53 INFO ShutdownHookManager: Deleting directory /tmp/spark-5d7ef1d6-d7f1-4925-82c0-1e0df379e32a","logger":"airflow.task.hooks.airflow.providers.apache.spark.hooks.spark_submit.SparkSubmitHook","filename":"spark_submit.py","lineno":644}
{"timestamp":"2025-12-21T02:48:53.487788Z","level":"info","event":"25/12/21 02:48:53 INFO ShutdownHookManager: Deleting directory /tmp/spark-1f080c20-d66a-42e4-9805-4a060a720c00","logger":"airflow.task.hooks.airflow.providers.apache.spark.hooks.spark_submit.SparkSubmitHook","filename":"spark_submit.py","lineno":644}
