{"timestamp":"2025-12-21T11:07:36.460612Z","level":"info","event":"DAG bundles loaded: dags-folder","logger":"airflow.dag_processing.bundles.manager.DagBundlesManager","filename":"manager.py","lineno":179}
{"timestamp":"2025-12-21T11:07:36.462703Z","level":"info","event":"Filling up the DagBag from /workspace/airflow/dags/update_dim_time.py","logger":"airflow.models.dagbag.DagBag","filename":"dagbag.py","lineno":593}
{"timestamp":"2025-12-21T11:07:37.248752Z","level":"info","event":"Spark-Submit cmd: spark-submit --master yarn --jars /workspace/airflow/connector/mssql-jdbc-12.2.0.jre11.jar --name arrow-spark --verbose --deploy-mode cluster /workspace/airflow/spark-jobs/insert_data_into_stg_dim_time.py 2025-09-01 2025-10-01","logger":"airflow.task.hooks.airflow.providers.apache.spark.hooks.spark_submit.SparkSubmitHook","filename":"spark_submit.py","lineno":474}
{"timestamp":"2025-12-21T11:07:45.791990Z","level":"info","event":"Using properties file: null","logger":"airflow.task.hooks.airflow.providers.apache.spark.hooks.spark_submit.SparkSubmitHook","filename":"spark_submit.py","lineno":644}
{"timestamp":"2025-12-21T11:07:46.063483Z","level":"info","event":"Parsed arguments:","logger":"airflow.task.hooks.airflow.providers.apache.spark.hooks.spark_submit.SparkSubmitHook","filename":"spark_submit.py","lineno":644}
{"timestamp":"2025-12-21T11:07:46.063793Z","level":"info","event":"master                  yarn","logger":"airflow.task.hooks.airflow.providers.apache.spark.hooks.spark_submit.SparkSubmitHook","filename":"spark_submit.py","lineno":644}
{"timestamp":"2025-12-21T11:07:46.063889Z","level":"info","event":"remote                  null","logger":"airflow.task.hooks.airflow.providers.apache.spark.hooks.spark_submit.SparkSubmitHook","filename":"spark_submit.py","lineno":644}
{"timestamp":"2025-12-21T11:07:46.063951Z","level":"info","event":"deployMode              cluster","logger":"airflow.task.hooks.airflow.providers.apache.spark.hooks.spark_submit.SparkSubmitHook","filename":"spark_submit.py","lineno":644}
{"timestamp":"2025-12-21T11:07:46.064006Z","level":"info","event":"executorMemory          null","logger":"airflow.task.hooks.airflow.providers.apache.spark.hooks.spark_submit.SparkSubmitHook","filename":"spark_submit.py","lineno":644}
{"timestamp":"2025-12-21T11:07:46.064056Z","level":"info","event":"executorCores           null","logger":"airflow.task.hooks.airflow.providers.apache.spark.hooks.spark_submit.SparkSubmitHook","filename":"spark_submit.py","lineno":644}
{"timestamp":"2025-12-21T11:07:46.064111Z","level":"info","event":"totalExecutorCores      null","logger":"airflow.task.hooks.airflow.providers.apache.spark.hooks.spark_submit.SparkSubmitHook","filename":"spark_submit.py","lineno":644}
{"timestamp":"2025-12-21T11:07:46.064162Z","level":"info","event":"propertiesFile          null","logger":"airflow.task.hooks.airflow.providers.apache.spark.hooks.spark_submit.SparkSubmitHook","filename":"spark_submit.py","lineno":644}
{"timestamp":"2025-12-21T11:07:46.064208Z","level":"info","event":"driverMemory            null","logger":"airflow.task.hooks.airflow.providers.apache.spark.hooks.spark_submit.SparkSubmitHook","filename":"spark_submit.py","lineno":644}
{"timestamp":"2025-12-21T11:07:46.064258Z","level":"info","event":"driverCores             null","logger":"airflow.task.hooks.airflow.providers.apache.spark.hooks.spark_submit.SparkSubmitHook","filename":"spark_submit.py","lineno":644}
{"timestamp":"2025-12-21T11:07:46.064306Z","level":"info","event":"driverExtraClassPath    null","logger":"airflow.task.hooks.airflow.providers.apache.spark.hooks.spark_submit.SparkSubmitHook","filename":"spark_submit.py","lineno":644}
{"timestamp":"2025-12-21T11:07:46.064362Z","level":"info","event":"driverExtraLibraryPath  null","logger":"airflow.task.hooks.airflow.providers.apache.spark.hooks.spark_submit.SparkSubmitHook","filename":"spark_submit.py","lineno":644}
{"timestamp":"2025-12-21T11:07:46.064418Z","level":"info","event":"driverExtraJavaOptions  null","logger":"airflow.task.hooks.airflow.providers.apache.spark.hooks.spark_submit.SparkSubmitHook","filename":"spark_submit.py","lineno":644}
{"timestamp":"2025-12-21T11:07:46.064468Z","level":"info","event":"supervise               false","logger":"airflow.task.hooks.airflow.providers.apache.spark.hooks.spark_submit.SparkSubmitHook","filename":"spark_submit.py","lineno":644}
{"timestamp":"2025-12-21T11:07:46.064518Z","level":"info","event":"queue                   null","logger":"airflow.task.hooks.airflow.providers.apache.spark.hooks.spark_submit.SparkSubmitHook","filename":"spark_submit.py","lineno":644}
{"timestamp":"2025-12-21T11:07:46.064567Z","level":"info","event":"numExecutors            null","logger":"airflow.task.hooks.airflow.providers.apache.spark.hooks.spark_submit.SparkSubmitHook","filename":"spark_submit.py","lineno":644}
{"timestamp":"2025-12-21T11:07:46.064614Z","level":"info","event":"files                   null","logger":"airflow.task.hooks.airflow.providers.apache.spark.hooks.spark_submit.SparkSubmitHook","filename":"spark_submit.py","lineno":644}
{"timestamp":"2025-12-21T11:07:46.064662Z","level":"info","event":"pyFiles                 null","logger":"airflow.task.hooks.airflow.providers.apache.spark.hooks.spark_submit.SparkSubmitHook","filename":"spark_submit.py","lineno":644}
{"timestamp":"2025-12-21T11:07:46.064694Z","level":"info","event":"archives                null","logger":"airflow.task.hooks.airflow.providers.apache.spark.hooks.spark_submit.SparkSubmitHook","filename":"spark_submit.py","lineno":644}
{"timestamp":"2025-12-21T11:07:46.064746Z","level":"info","event":"mainClass               null","logger":"airflow.task.hooks.airflow.providers.apache.spark.hooks.spark_submit.SparkSubmitHook","filename":"spark_submit.py","lineno":644}
{"timestamp":"2025-12-21T11:07:46.064807Z","level":"info","event":"primaryResource         file:/workspace/airflow/spark-jobs/insert_data_into_stg_dim_time.py","logger":"airflow.task.hooks.airflow.providers.apache.spark.hooks.spark_submit.SparkSubmitHook","filename":"spark_submit.py","lineno":644}
{"timestamp":"2025-12-21T11:07:46.064856Z","level":"info","event":"name                    arrow-spark","logger":"airflow.task.hooks.airflow.providers.apache.spark.hooks.spark_submit.SparkSubmitHook","filename":"spark_submit.py","lineno":644}
{"timestamp":"2025-12-21T11:07:46.064904Z","level":"info","event":"childArgs               [2025-09-01 2025-10-01]","logger":"airflow.task.hooks.airflow.providers.apache.spark.hooks.spark_submit.SparkSubmitHook","filename":"spark_submit.py","lineno":644}
{"timestamp":"2025-12-21T11:07:46.064951Z","level":"info","event":"jars                    file:/workspace/airflow/connector/mssql-jdbc-12.2.0.jre11.jar","logger":"airflow.task.hooks.airflow.providers.apache.spark.hooks.spark_submit.SparkSubmitHook","filename":"spark_submit.py","lineno":644}
{"timestamp":"2025-12-21T11:07:46.064996Z","level":"info","event":"packages                null","logger":"airflow.task.hooks.airflow.providers.apache.spark.hooks.spark_submit.SparkSubmitHook","filename":"spark_submit.py","lineno":644}
{"timestamp":"2025-12-21T11:07:46.065039Z","level":"info","event":"packagesExclusions      null","logger":"airflow.task.hooks.airflow.providers.apache.spark.hooks.spark_submit.SparkSubmitHook","filename":"spark_submit.py","lineno":644}
{"timestamp":"2025-12-21T11:07:46.065082Z","level":"info","event":"repositories            null","logger":"airflow.task.hooks.airflow.providers.apache.spark.hooks.spark_submit.SparkSubmitHook","filename":"spark_submit.py","lineno":644}
{"timestamp":"2025-12-21T11:07:46.065127Z","level":"info","event":"verbose                 true","logger":"airflow.task.hooks.airflow.providers.apache.spark.hooks.spark_submit.SparkSubmitHook","filename":"spark_submit.py","lineno":644}
{"timestamp":"2025-12-21T11:07:46.065175Z","level":"info","event":"","logger":"airflow.task.hooks.airflow.providers.apache.spark.hooks.spark_submit.SparkSubmitHook","filename":"spark_submit.py","lineno":644}
{"timestamp":"2025-12-21T11:07:46.065224Z","level":"info","event":"Spark properties used, including those specified through","logger":"airflow.task.hooks.airflow.providers.apache.spark.hooks.spark_submit.SparkSubmitHook","filename":"spark_submit.py","lineno":644}
{"timestamp":"2025-12-21T11:07:46.065279Z","level":"info","event":"--conf and those from the properties file null:","logger":"airflow.task.hooks.airflow.providers.apache.spark.hooks.spark_submit.SparkSubmitHook","filename":"spark_submit.py","lineno":644}
{"timestamp":"2025-12-21T11:07:46.065331Z","level":"info","event":"","logger":"airflow.task.hooks.airflow.providers.apache.spark.hooks.spark_submit.SparkSubmitHook","filename":"spark_submit.py","lineno":644}
{"timestamp":"2025-12-21T11:07:46.065385Z","level":"info","event":"","logger":"airflow.task.hooks.airflow.providers.apache.spark.hooks.spark_submit.SparkSubmitHook","filename":"spark_submit.py","lineno":644}
{"timestamp":"2025-12-21T11:07:46.065464Z","level":"info","event":"","logger":"airflow.task.hooks.airflow.providers.apache.spark.hooks.spark_submit.SparkSubmitHook","filename":"spark_submit.py","lineno":644}
{"timestamp":"2025-12-21T11:07:46.885187Z","level":"info","event":"25/12/21 11:07:46 WARN NativeCodeLoader: Unable to load native-hadoop library for your platform... using builtin-java classes where applicable","logger":"airflow.task.hooks.airflow.providers.apache.spark.hooks.spark_submit.SparkSubmitHook","filename":"spark_submit.py","lineno":644}
{"timestamp":"2025-12-21T11:07:47.339605Z","level":"info","event":"Main class:","logger":"airflow.task.hooks.airflow.providers.apache.spark.hooks.spark_submit.SparkSubmitHook","filename":"spark_submit.py","lineno":644}
{"timestamp":"2025-12-21T11:07:47.339870Z","level":"info","event":"org.apache.spark.deploy.yarn.YarnClusterApplication","logger":"airflow.task.hooks.airflow.providers.apache.spark.hooks.spark_submit.SparkSubmitHook","filename":"spark_submit.py","lineno":644}
{"timestamp":"2025-12-21T11:07:47.340150Z","level":"info","event":"Arguments:","logger":"airflow.task.hooks.airflow.providers.apache.spark.hooks.spark_submit.SparkSubmitHook","filename":"spark_submit.py","lineno":644}
{"timestamp":"2025-12-21T11:07:47.340237Z","level":"info","event":"--primary-py-file","logger":"airflow.task.hooks.airflow.providers.apache.spark.hooks.spark_submit.SparkSubmitHook","filename":"spark_submit.py","lineno":644}
{"timestamp":"2025-12-21T11:07:47.340288Z","level":"info","event":"file:/workspace/airflow/spark-jobs/insert_data_into_stg_dim_time.py","logger":"airflow.task.hooks.airflow.providers.apache.spark.hooks.spark_submit.SparkSubmitHook","filename":"spark_submit.py","lineno":644}
{"timestamp":"2025-12-21T11:07:47.340332Z","level":"info","event":"--class","logger":"airflow.task.hooks.airflow.providers.apache.spark.hooks.spark_submit.SparkSubmitHook","filename":"spark_submit.py","lineno":644}
{"timestamp":"2025-12-21T11:07:47.340376Z","level":"info","event":"org.apache.spark.deploy.PythonRunner","logger":"airflow.task.hooks.airflow.providers.apache.spark.hooks.spark_submit.SparkSubmitHook","filename":"spark_submit.py","lineno":644}
{"timestamp":"2025-12-21T11:07:47.340430Z","level":"info","event":"--arg","logger":"airflow.task.hooks.airflow.providers.apache.spark.hooks.spark_submit.SparkSubmitHook","filename":"spark_submit.py","lineno":644}
{"timestamp":"2025-12-21T11:07:47.340478Z","level":"info","event":"2025-09-01","logger":"airflow.task.hooks.airflow.providers.apache.spark.hooks.spark_submit.SparkSubmitHook","filename":"spark_submit.py","lineno":644}
{"timestamp":"2025-12-21T11:07:47.340525Z","level":"info","event":"--arg","logger":"airflow.task.hooks.airflow.providers.apache.spark.hooks.spark_submit.SparkSubmitHook","filename":"spark_submit.py","lineno":644}
{"timestamp":"2025-12-21T11:07:47.340578Z","level":"info","event":"2025-10-01","logger":"airflow.task.hooks.airflow.providers.apache.spark.hooks.spark_submit.SparkSubmitHook","filename":"spark_submit.py","lineno":644}
{"timestamp":"2025-12-21T11:07:47.351090Z","level":"info","event":"Spark config:","logger":"airflow.task.hooks.airflow.providers.apache.spark.hooks.spark_submit.SparkSubmitHook","filename":"spark_submit.py","lineno":644}
{"timestamp":"2025-12-21T11:07:47.351331Z","level":"info","event":"(spark.app.name,arrow-spark)","logger":"airflow.task.hooks.airflow.providers.apache.spark.hooks.spark_submit.SparkSubmitHook","filename":"spark_submit.py","lineno":644}
{"timestamp":"2025-12-21T11:07:47.351415Z","level":"info","event":"(spark.app.submitTime,1766315267314)","logger":"airflow.task.hooks.airflow.providers.apache.spark.hooks.spark_submit.SparkSubmitHook","filename":"spark_submit.py","lineno":644}
{"timestamp":"2025-12-21T11:07:47.351501Z","level":"info","event":"(spark.master,yarn)","logger":"airflow.task.hooks.airflow.providers.apache.spark.hooks.spark_submit.SparkSubmitHook","filename":"spark_submit.py","lineno":644}
{"timestamp":"2025-12-21T11:07:47.351554Z","level":"info","event":"(spark.submit.deployMode,cluster)","logger":"airflow.task.hooks.airflow.providers.apache.spark.hooks.spark_submit.SparkSubmitHook","filename":"spark_submit.py","lineno":644}
{"timestamp":"2025-12-21T11:07:47.351596Z","level":"info","event":"(spark.submit.pyFiles,)","logger":"airflow.task.hooks.airflow.providers.apache.spark.hooks.spark_submit.SparkSubmitHook","filename":"spark_submit.py","lineno":644}
{"timestamp":"2025-12-21T11:07:47.351757Z","level":"info","event":"(spark.yarn.dist.jars,file:///workspace/airflow/connector/mssql-jdbc-12.2.0.jre11.jar)","logger":"airflow.task.hooks.airflow.providers.apache.spark.hooks.spark_submit.SparkSubmitHook","filename":"spark_submit.py","lineno":644}
{"timestamp":"2025-12-21T11:07:47.351820Z","level":"info","event":"(spark.yarn.isPython,true)","logger":"airflow.task.hooks.airflow.providers.apache.spark.hooks.spark_submit.SparkSubmitHook","filename":"spark_submit.py","lineno":644}
{"timestamp":"2025-12-21T11:07:47.352075Z","level":"info","event":"Classpath elements:","logger":"airflow.task.hooks.airflow.providers.apache.spark.hooks.spark_submit.SparkSubmitHook","filename":"spark_submit.py","lineno":644}
{"timestamp":"2025-12-21T11:07:47.352139Z","level":"info","event":"file:///workspace/airflow/connector/mssql-jdbc-12.2.0.jre11.jar","logger":"airflow.task.hooks.airflow.providers.apache.spark.hooks.spark_submit.SparkSubmitHook","filename":"spark_submit.py","lineno":644}
{"timestamp":"2025-12-21T11:07:47.352521Z","level":"info","event":"","logger":"airflow.task.hooks.airflow.providers.apache.spark.hooks.spark_submit.SparkSubmitHook","filename":"spark_submit.py","lineno":644}
{"timestamp":"2025-12-21T11:07:47.352615Z","level":"info","event":"","logger":"airflow.task.hooks.airflow.providers.apache.spark.hooks.spark_submit.SparkSubmitHook","filename":"spark_submit.py","lineno":644}
{"timestamp":"2025-12-21T11:07:47.573980Z","level":"info","event":"25/12/21 11:07:47 INFO DefaultNoHARMFailoverProxyProvider: Connecting to ResourceManager at namenode/172.18.0.5:8032","logger":"airflow.task.hooks.airflow.providers.apache.spark.hooks.spark_submit.SparkSubmitHook","filename":"spark_submit.py","lineno":644}
{"timestamp":"2025-12-21T11:07:49.033101Z","level":"info","event":"25/12/21 11:07:49 INFO Configuration: resource-types.xml not found","logger":"airflow.task.hooks.airflow.providers.apache.spark.hooks.spark_submit.SparkSubmitHook","filename":"spark_submit.py","lineno":644}
{"timestamp":"2025-12-21T11:07:49.034571Z","level":"info","event":"25/12/21 11:07:49 INFO ResourceUtils: Unable to find 'resource-types.xml'.","logger":"airflow.task.hooks.airflow.providers.apache.spark.hooks.spark_submit.SparkSubmitHook","filename":"spark_submit.py","lineno":644}
{"timestamp":"2025-12-21T11:07:49.066198Z","level":"info","event":"25/12/21 11:07:49 INFO Client: Verifying our application has not requested more than the maximum memory capability of the cluster (8192 MB per container)","logger":"airflow.task.hooks.airflow.providers.apache.spark.hooks.spark_submit.SparkSubmitHook","filename":"spark_submit.py","lineno":644}
{"timestamp":"2025-12-21T11:07:49.067935Z","level":"info","event":"25/12/21 11:07:49 INFO Client: Will allocate AM container, with 1408 MB memory including 384 MB overhead","logger":"airflow.task.hooks.airflow.providers.apache.spark.hooks.spark_submit.SparkSubmitHook","filename":"spark_submit.py","lineno":644}
{"timestamp":"2025-12-21T11:07:49.068760Z","level":"info","event":"25/12/21 11:07:49 INFO Client: Setting up container launch context for our AM","logger":"airflow.task.hooks.airflow.providers.apache.spark.hooks.spark_submit.SparkSubmitHook","filename":"spark_submit.py","lineno":644}
{"timestamp":"2025-12-21T11:07:49.078612Z","level":"info","event":"25/12/21 11:07:49 INFO Client: Setting up the launch environment for our AM container","logger":"airflow.task.hooks.airflow.providers.apache.spark.hooks.spark_submit.SparkSubmitHook","filename":"spark_submit.py","lineno":644}
{"timestamp":"2025-12-21T11:07:49.104573Z","level":"info","event":"25/12/21 11:07:49 INFO Client: Preparing resources for our AM container","logger":"airflow.task.hooks.airflow.providers.apache.spark.hooks.spark_submit.SparkSubmitHook","filename":"spark_submit.py","lineno":644}
{"timestamp":"2025-12-21T11:07:49.170454Z","level":"info","event":"25/12/21 11:07:49 WARN Client: Neither spark.yarn.jars nor spark.yarn.archive is set, falling back to uploading libraries under SPARK_HOME.","logger":"airflow.task.hooks.airflow.providers.apache.spark.hooks.spark_submit.SparkSubmitHook","filename":"spark_submit.py","lineno":644}
{"timestamp":"2025-12-21T11:08:01.763409Z","level":"info","event":"Identified spark application id: application_1766310449481_0005","logger":"airflow.task.hooks.airflow.providers.apache.spark.hooks.spark_submit.SparkSubmitHook","filename":"spark_submit.py","lineno":611}
{"timestamp":"2025-12-21T11:08:01.763813Z","level":"info","event":"25/12/21 11:08:01 INFO Client: Uploading resource file:/tmp/spark-7f13f212-8470-47ce-8ca5-ee3890dac089/__spark_libs__4007239009355619938.zip -> hdfs://namenode:8020/user/root/.sparkStaging/application_1766310449481_0005/__spark_libs__4007239009355619938.zip","logger":"airflow.task.hooks.airflow.providers.apache.spark.hooks.spark_submit.SparkSubmitHook","filename":"spark_submit.py","lineno":644}
{"timestamp":"2025-12-21T11:08:03.751384Z","level":"info","event":"Identified spark application id: application_1766310449481_0005","logger":"airflow.task.hooks.airflow.providers.apache.spark.hooks.spark_submit.SparkSubmitHook","filename":"spark_submit.py","lineno":611}
{"timestamp":"2025-12-21T11:08:03.751664Z","level":"info","event":"25/12/21 11:08:03 INFO Client: Uploading resource file:/workspace/airflow/connector/mssql-jdbc-12.2.0.jre11.jar -> hdfs://namenode:8020/user/root/.sparkStaging/application_1766310449481_0005/mssql-jdbc-12.2.0.jre11.jar","logger":"airflow.task.hooks.airflow.providers.apache.spark.hooks.spark_submit.SparkSubmitHook","filename":"spark_submit.py","lineno":644}
{"timestamp":"2025-12-21T11:08:03.805801Z","level":"info","event":"Identified spark application id: application_1766310449481_0005","logger":"airflow.task.hooks.airflow.providers.apache.spark.hooks.spark_submit.SparkSubmitHook","filename":"spark_submit.py","lineno":611}
{"timestamp":"2025-12-21T11:08:03.806045Z","level":"info","event":"25/12/21 11:08:03 INFO Client: Uploading resource file:/workspace/airflow/spark-jobs/insert_data_into_stg_dim_time.py -> hdfs://namenode:8020/user/root/.sparkStaging/application_1766310449481_0005/insert_data_into_stg_dim_time.py","logger":"airflow.task.hooks.airflow.providers.apache.spark.hooks.spark_submit.SparkSubmitHook","filename":"spark_submit.py","lineno":644}
{"timestamp":"2025-12-21T11:08:03.932805Z","level":"info","event":"Identified spark application id: application_1766310449481_0005","logger":"airflow.task.hooks.airflow.providers.apache.spark.hooks.spark_submit.SparkSubmitHook","filename":"spark_submit.py","lineno":611}
{"timestamp":"2025-12-21T11:08:03.933088Z","level":"info","event":"25/12/21 11:08:03 INFO Client: Uploading resource file:/workspace/airflow/.venv/lib/python3.12/site-packages/pyspark/python/lib/pyspark.zip -> hdfs://namenode:8020/user/root/.sparkStaging/application_1766310449481_0005/pyspark.zip","logger":"airflow.task.hooks.airflow.providers.apache.spark.hooks.spark_submit.SparkSubmitHook","filename":"spark_submit.py","lineno":644}
{"timestamp":"2025-12-21T11:08:04.049476Z","level":"info","event":"Identified spark application id: application_1766310449481_0005","logger":"airflow.task.hooks.airflow.providers.apache.spark.hooks.spark_submit.SparkSubmitHook","filename":"spark_submit.py","lineno":611}
{"timestamp":"2025-12-21T11:08:04.049666Z","level":"info","event":"25/12/21 11:08:04 INFO Client: Uploading resource file:/workspace/airflow/.venv/lib/python3.12/site-packages/pyspark/python/lib/py4j-0.10.9.7-src.zip -> hdfs://namenode:8020/user/root/.sparkStaging/application_1766310449481_0005/py4j-0.10.9.7-src.zip","logger":"airflow.task.hooks.airflow.providers.apache.spark.hooks.spark_submit.SparkSubmitHook","filename":"spark_submit.py","lineno":644}
{"timestamp":"2025-12-21T11:08:04.603724Z","level":"info","event":"Identified spark application id: application_1766310449481_0005","logger":"airflow.task.hooks.airflow.providers.apache.spark.hooks.spark_submit.SparkSubmitHook","filename":"spark_submit.py","lineno":611}
{"timestamp":"2025-12-21T11:08:04.603990Z","level":"info","event":"25/12/21 11:08:04 INFO Client: Uploading resource file:/tmp/spark-7f13f212-8470-47ce-8ca5-ee3890dac089/__spark_conf__11166946750958646169.zip -> hdfs://namenode:8020/user/root/.sparkStaging/application_1766310449481_0005/__spark_conf__.zip","logger":"airflow.task.hooks.airflow.providers.apache.spark.hooks.spark_submit.SparkSubmitHook","filename":"spark_submit.py","lineno":644}
{"timestamp":"2025-12-21T11:08:05.093227Z","level":"info","event":"25/12/21 11:08:05 INFO SecurityManager: Changing view acls to: root","logger":"airflow.task.hooks.airflow.providers.apache.spark.hooks.spark_submit.SparkSubmitHook","filename":"spark_submit.py","lineno":644}
{"timestamp":"2025-12-21T11:08:05.093952Z","level":"info","event":"25/12/21 11:08:05 INFO SecurityManager: Changing modify acls to: root","logger":"airflow.task.hooks.airflow.providers.apache.spark.hooks.spark_submit.SparkSubmitHook","filename":"spark_submit.py","lineno":644}
{"timestamp":"2025-12-21T11:08:05.094473Z","level":"info","event":"25/12/21 11:08:05 INFO SecurityManager: Changing view acls groups to:","logger":"airflow.task.hooks.airflow.providers.apache.spark.hooks.spark_submit.SparkSubmitHook","filename":"spark_submit.py","lineno":644}
{"timestamp":"2025-12-21T11:08:05.095003Z","level":"info","event":"25/12/21 11:08:05 INFO SecurityManager: Changing modify acls groups to:","logger":"airflow.task.hooks.airflow.providers.apache.spark.hooks.spark_submit.SparkSubmitHook","filename":"spark_submit.py","lineno":644}
{"timestamp":"2025-12-21T11:08:05.095574Z","level":"info","event":"25/12/21 11:08:05 INFO SecurityManager: SecurityManager: authentication disabled; ui acls disabled; users with view permissions: root; groups with view permissions: EMPTY; users with modify permissions: root; groups with modify permissions: EMPTY","logger":"airflow.task.hooks.airflow.providers.apache.spark.hooks.spark_submit.SparkSubmitHook","filename":"spark_submit.py","lineno":644}
{"timestamp":"2025-12-21T11:08:05.188922Z","level":"info","event":"Identified spark application id: application_1766310449481_0005","logger":"airflow.task.hooks.airflow.providers.apache.spark.hooks.spark_submit.SparkSubmitHook","filename":"spark_submit.py","lineno":611}
{"timestamp":"2025-12-21T11:08:05.189167Z","level":"info","event":"25/12/21 11:08:05 INFO Client: Submitting application application_1766310449481_0005 to ResourceManager","logger":"airflow.task.hooks.airflow.providers.apache.spark.hooks.spark_submit.SparkSubmitHook","filename":"spark_submit.py","lineno":644}
{"timestamp":"2025-12-21T11:08:05.271242Z","level":"info","event":"Identified spark application id: application_1766310449481_0005","logger":"airflow.task.hooks.airflow.providers.apache.spark.hooks.spark_submit.SparkSubmitHook","filename":"spark_submit.py","lineno":611}
{"timestamp":"2025-12-21T11:08:05.271411Z","level":"info","event":"25/12/21 11:08:05 INFO YarnClientImpl: Submitted application application_1766310449481_0005","logger":"airflow.task.hooks.airflow.providers.apache.spark.hooks.spark_submit.SparkSubmitHook","filename":"spark_submit.py","lineno":644}
{"timestamp":"2025-12-21T11:08:06.281048Z","level":"info","event":"Identified spark application id: application_1766310449481_0005","logger":"airflow.task.hooks.airflow.providers.apache.spark.hooks.spark_submit.SparkSubmitHook","filename":"spark_submit.py","lineno":611}
{"timestamp":"2025-12-21T11:08:06.281293Z","level":"info","event":"25/12/21 11:08:06 INFO Client: Application report for application_1766310449481_0005 (state: ACCEPTED)","logger":"airflow.task.hooks.airflow.providers.apache.spark.hooks.spark_submit.SparkSubmitHook","filename":"spark_submit.py","lineno":644}
{"timestamp":"2025-12-21T11:08:06.311098Z","level":"info","event":"25/12/21 11:08:06 INFO Client:","logger":"airflow.task.hooks.airflow.providers.apache.spark.hooks.spark_submit.SparkSubmitHook","filename":"spark_submit.py","lineno":644}
{"timestamp":"2025-12-21T11:08:06.311466Z","level":"info","event":"client token: N/A","logger":"airflow.task.hooks.airflow.providers.apache.spark.hooks.spark_submit.SparkSubmitHook","filename":"spark_submit.py","lineno":644}
{"timestamp":"2025-12-21T11:08:06.312395Z","level":"info","event":"diagnostics: AM container is launched, waiting for AM container to Register with RM","logger":"airflow.task.hooks.airflow.providers.apache.spark.hooks.spark_submit.SparkSubmitHook","filename":"spark_submit.py","lineno":644}
{"timestamp":"2025-12-21T11:08:06.312763Z","level":"info","event":"ApplicationMaster host: N/A","logger":"airflow.task.hooks.airflow.providers.apache.spark.hooks.spark_submit.SparkSubmitHook","filename":"spark_submit.py","lineno":644}
{"timestamp":"2025-12-21T11:08:06.312912Z","level":"info","event":"ApplicationMaster RPC port: -1","logger":"airflow.task.hooks.airflow.providers.apache.spark.hooks.spark_submit.SparkSubmitHook","filename":"spark_submit.py","lineno":644}
{"timestamp":"2025-12-21T11:08:06.313211Z","level":"info","event":"queue: default","logger":"airflow.task.hooks.airflow.providers.apache.spark.hooks.spark_submit.SparkSubmitHook","filename":"spark_submit.py","lineno":644}
{"timestamp":"2025-12-21T11:08:06.313298Z","level":"info","event":"start time: 1766315285220","logger":"airflow.task.hooks.airflow.providers.apache.spark.hooks.spark_submit.SparkSubmitHook","filename":"spark_submit.py","lineno":644}
{"timestamp":"2025-12-21T11:08:06.313353Z","level":"info","event":"final status: UNDEFINED","logger":"airflow.task.hooks.airflow.providers.apache.spark.hooks.spark_submit.SparkSubmitHook","filename":"spark_submit.py","lineno":644}
{"timestamp":"2025-12-21T11:08:06.313549Z","level":"info","event":"Identified spark application id: application_1766310449481_0005","logger":"airflow.task.hooks.airflow.providers.apache.spark.hooks.spark_submit.SparkSubmitHook","filename":"spark_submit.py","lineno":611}
{"timestamp":"2025-12-21T11:08:06.313594Z","level":"info","event":"tracking URL: http://namenode:8088/proxy/application_1766310449481_0005/","logger":"airflow.task.hooks.airflow.providers.apache.spark.hooks.spark_submit.SparkSubmitHook","filename":"spark_submit.py","lineno":644}
{"timestamp":"2025-12-21T11:08:06.313624Z","level":"info","event":"user: root","logger":"airflow.task.hooks.airflow.providers.apache.spark.hooks.spark_submit.SparkSubmitHook","filename":"spark_submit.py","lineno":644}
{"timestamp":"2025-12-21T11:08:15.276982Z","level":"info","event":"Identified spark application id: application_1766310449481_0005","logger":"airflow.task.hooks.airflow.providers.apache.spark.hooks.spark_submit.SparkSubmitHook","filename":"spark_submit.py","lineno":611}
{"timestamp":"2025-12-21T11:08:15.277227Z","level":"info","event":"25/12/21 11:08:15 INFO Client: Application report for application_1766310449481_0005 (state: RUNNING)","logger":"airflow.task.hooks.airflow.providers.apache.spark.hooks.spark_submit.SparkSubmitHook","filename":"spark_submit.py","lineno":644}
{"timestamp":"2025-12-21T11:08:15.278125Z","level":"info","event":"25/12/21 11:08:15 INFO Client:","logger":"airflow.task.hooks.airflow.providers.apache.spark.hooks.spark_submit.SparkSubmitHook","filename":"spark_submit.py","lineno":644}
{"timestamp":"2025-12-21T11:08:15.278309Z","level":"info","event":"client token: N/A","logger":"airflow.task.hooks.airflow.providers.apache.spark.hooks.spark_submit.SparkSubmitHook","filename":"spark_submit.py","lineno":644}
{"timestamp":"2025-12-21T11:08:15.278382Z","level":"info","event":"diagnostics: N/A","logger":"airflow.task.hooks.airflow.providers.apache.spark.hooks.spark_submit.SparkSubmitHook","filename":"spark_submit.py","lineno":644}
{"timestamp":"2025-12-21T11:08:15.278433Z","level":"info","event":"ApplicationMaster host: datanode-nodemanager-2","logger":"airflow.task.hooks.airflow.providers.apache.spark.hooks.spark_submit.SparkSubmitHook","filename":"spark_submit.py","lineno":644}
{"timestamp":"2025-12-21T11:08:15.278482Z","level":"info","event":"ApplicationMaster RPC port: 45269","logger":"airflow.task.hooks.airflow.providers.apache.spark.hooks.spark_submit.SparkSubmitHook","filename":"spark_submit.py","lineno":644}
{"timestamp":"2025-12-21T11:08:15.278510Z","level":"info","event":"queue: default","logger":"airflow.task.hooks.airflow.providers.apache.spark.hooks.spark_submit.SparkSubmitHook","filename":"spark_submit.py","lineno":644}
{"timestamp":"2025-12-21T11:08:15.278539Z","level":"info","event":"start time: 1766315285220","logger":"airflow.task.hooks.airflow.providers.apache.spark.hooks.spark_submit.SparkSubmitHook","filename":"spark_submit.py","lineno":644}
{"timestamp":"2025-12-21T11:08:15.278566Z","level":"info","event":"final status: UNDEFINED","logger":"airflow.task.hooks.airflow.providers.apache.spark.hooks.spark_submit.SparkSubmitHook","filename":"spark_submit.py","lineno":644}
{"timestamp":"2025-12-21T11:08:15.278660Z","level":"info","event":"Identified spark application id: application_1766310449481_0005","logger":"airflow.task.hooks.airflow.providers.apache.spark.hooks.spark_submit.SparkSubmitHook","filename":"spark_submit.py","lineno":611}
{"timestamp":"2025-12-21T11:08:15.278695Z","level":"info","event":"tracking URL: http://namenode:8088/proxy/application_1766310449481_0005/","logger":"airflow.task.hooks.airflow.providers.apache.spark.hooks.spark_submit.SparkSubmitHook","filename":"spark_submit.py","lineno":644}
{"timestamp":"2025-12-21T11:08:15.278728Z","level":"info","event":"user: root","logger":"airflow.task.hooks.airflow.providers.apache.spark.hooks.spark_submit.SparkSubmitHook","filename":"spark_submit.py","lineno":644}
{"timestamp":"2025-12-21T11:08:45.335538Z","level":"info","event":"Identified spark application id: application_1766310449481_0005","logger":"airflow.task.hooks.airflow.providers.apache.spark.hooks.spark_submit.SparkSubmitHook","filename":"spark_submit.py","lineno":611}
{"timestamp":"2025-12-21T11:08:45.335912Z","level":"info","event":"25/12/21 11:08:45 INFO Client: Application report for application_1766310449481_0005 (state: RUNNING)","logger":"airflow.task.hooks.airflow.providers.apache.spark.hooks.spark_submit.SparkSubmitHook","filename":"spark_submit.py","lineno":644}
{"timestamp":"2025-12-21T11:08:49.345982Z","level":"info","event":"Identified spark application id: application_1766310449481_0005","logger":"airflow.task.hooks.airflow.providers.apache.spark.hooks.spark_submit.SparkSubmitHook","filename":"spark_submit.py","lineno":611}
{"timestamp":"2025-12-21T11:08:49.346206Z","level":"info","event":"25/12/21 11:08:49 INFO Client: Application report for application_1766310449481_0005 (state: FINISHED)","logger":"airflow.task.hooks.airflow.providers.apache.spark.hooks.spark_submit.SparkSubmitHook","filename":"spark_submit.py","lineno":644}
{"timestamp":"2025-12-21T11:08:49.347077Z","level":"info","event":"25/12/21 11:08:49 INFO Client:","logger":"airflow.task.hooks.airflow.providers.apache.spark.hooks.spark_submit.SparkSubmitHook","filename":"spark_submit.py","lineno":644}
{"timestamp":"2025-12-21T11:08:49.347263Z","level":"info","event":"client token: N/A","logger":"airflow.task.hooks.airflow.providers.apache.spark.hooks.spark_submit.SparkSubmitHook","filename":"spark_submit.py","lineno":644}
{"timestamp":"2025-12-21T11:08:49.347335Z","level":"info","event":"diagnostics: N/A","logger":"airflow.task.hooks.airflow.providers.apache.spark.hooks.spark_submit.SparkSubmitHook","filename":"spark_submit.py","lineno":644}
{"timestamp":"2025-12-21T11:08:49.347370Z","level":"info","event":"ApplicationMaster host: datanode-nodemanager-2","logger":"airflow.task.hooks.airflow.providers.apache.spark.hooks.spark_submit.SparkSubmitHook","filename":"spark_submit.py","lineno":644}
{"timestamp":"2025-12-21T11:08:49.347415Z","level":"info","event":"ApplicationMaster RPC port: 45269","logger":"airflow.task.hooks.airflow.providers.apache.spark.hooks.spark_submit.SparkSubmitHook","filename":"spark_submit.py","lineno":644}
{"timestamp":"2025-12-21T11:08:49.347488Z","level":"info","event":"queue: default","logger":"airflow.task.hooks.airflow.providers.apache.spark.hooks.spark_submit.SparkSubmitHook","filename":"spark_submit.py","lineno":644}
{"timestamp":"2025-12-21T11:08:49.347545Z","level":"info","event":"start time: 1766315285220","logger":"airflow.task.hooks.airflow.providers.apache.spark.hooks.spark_submit.SparkSubmitHook","filename":"spark_submit.py","lineno":644}
{"timestamp":"2025-12-21T11:08:49.347598Z","level":"info","event":"final status: SUCCEEDED","logger":"airflow.task.hooks.airflow.providers.apache.spark.hooks.spark_submit.SparkSubmitHook","filename":"spark_submit.py","lineno":644}
{"timestamp":"2025-12-21T11:08:49.347665Z","level":"info","event":"Identified spark application id: application_1766310449481_0005","logger":"airflow.task.hooks.airflow.providers.apache.spark.hooks.spark_submit.SparkSubmitHook","filename":"spark_submit.py","lineno":611}
{"timestamp":"2025-12-21T11:08:49.347716Z","level":"info","event":"tracking URL: http://namenode:8088/proxy/application_1766310449481_0005/","logger":"airflow.task.hooks.airflow.providers.apache.spark.hooks.spark_submit.SparkSubmitHook","filename":"spark_submit.py","lineno":644}
{"timestamp":"2025-12-21T11:08:49.347764Z","level":"info","event":"user: root","logger":"airflow.task.hooks.airflow.providers.apache.spark.hooks.spark_submit.SparkSubmitHook","filename":"spark_submit.py","lineno":644}
{"timestamp":"2025-12-21T11:08:49.369320Z","level":"info","event":"Identified spark application id: application_1766310449481_0005","logger":"airflow.task.hooks.airflow.providers.apache.spark.hooks.spark_submit.SparkSubmitHook","filename":"spark_submit.py","lineno":611}
{"timestamp":"2025-12-21T11:08:49.369521Z","level":"info","event":"25/12/21 11:08:49 INFO Client: Deleted staging directory hdfs://namenode:8020/user/root/.sparkStaging/application_1766310449481_0005","logger":"airflow.task.hooks.airflow.providers.apache.spark.hooks.spark_submit.SparkSubmitHook","filename":"spark_submit.py","lineno":644}
{"timestamp":"2025-12-21T11:08:49.379344Z","level":"info","event":"25/12/21 11:08:49 INFO ShutdownHookManager: Shutdown hook called","logger":"airflow.task.hooks.airflow.providers.apache.spark.hooks.spark_submit.SparkSubmitHook","filename":"spark_submit.py","lineno":644}
{"timestamp":"2025-12-21T11:08:49.380700Z","level":"info","event":"25/12/21 11:08:49 INFO ShutdownHookManager: Deleting directory /tmp/spark-4e7073e4-de65-42e6-a73f-fea613a32ff0","logger":"airflow.task.hooks.airflow.providers.apache.spark.hooks.spark_submit.SparkSubmitHook","filename":"spark_submit.py","lineno":644}
{"timestamp":"2025-12-21T11:08:49.406111Z","level":"info","event":"25/12/21 11:08:49 INFO ShutdownHookManager: Deleting directory /tmp/spark-7f13f212-8470-47ce-8ca5-ee3890dac089","logger":"airflow.task.hooks.airflow.providers.apache.spark.hooks.spark_submit.SparkSubmitHook","filename":"spark_submit.py","lineno":644}
