{"timestamp":"2025-12-21T09:52:42.434801Z","level":"info","event":"DAG bundles loaded: dags-folder","logger":"airflow.dag_processing.bundles.manager.DagBundlesManager","filename":"manager.py","lineno":179}
{"timestamp":"2025-12-21T09:52:42.441026Z","level":"info","event":"Filling up the DagBag from /workspace/airflow/dags/pull_daily_ohlc_data_into_hdfs.py","logger":"airflow.models.dagbag.DagBag","filename":"dagbag.py","lineno":593}
{"timestamp":"2025-12-21T09:52:49.236778Z","level":"info","event":"Trying to connect to namenode:9870","logger":"airflow.task.hooks.airflow.providers.apache.hdfs.hooks.webhdfs.WebHDFSHook","filename":"webhdfs.py","lineno":80}
{"timestamp":"2025-12-21T09:52:49.238201Z","level":"info","event":"Trying namenode namenode","logger":"airflow.task.hooks.airflow.providers.apache.hdfs.hooks.webhdfs.WebHDFSHook","filename":"webhdfs.py","lineno":84}
{"timestamp":"2025-12-21T09:52:49.239274Z","level":"info","event":"Instantiated <InsecureClient(url='http://namenode:9870')>.","logger":"hdfs.client","filename":"client.py","lineno":192}
{"timestamp":"2025-12-21T09:52:49.239657Z","level":"info","event":"Fetching status for '/'.","logger":"hdfs.client","filename":"client.py","lineno":320}
{"timestamp":"2025-12-21T09:52:49.289053Z","level":"info","event":"Using namenode namenode for hook","logger":"airflow.task.hooks.airflow.providers.apache.hdfs.hooks.webhdfs.WebHDFSHook","filename":"webhdfs.py","lineno":94}
{"timestamp":"2025-12-21T09:52:49.289365Z","level":"info","event":"Creating directories to '/airflow/data/ohlc/ingest_date=2025-09-02'.","logger":"hdfs.client","filename":"client.py","lineno":1028}
{"timestamp":"2025-12-21T09:52:49.330280Z","level":"info","event":"Trying to connect to namenode:9870","logger":"airflow.task.hooks.airflow.providers.apache.hdfs.hooks.webhdfs.WebHDFSHook","filename":"webhdfs.py","lineno":80}
{"timestamp":"2025-12-21T09:52:49.331105Z","level":"info","event":"Trying namenode namenode","logger":"airflow.task.hooks.airflow.providers.apache.hdfs.hooks.webhdfs.WebHDFSHook","filename":"webhdfs.py","lineno":84}
{"timestamp":"2025-12-21T09:52:49.331721Z","level":"info","event":"Instantiated <InsecureClient(url='http://namenode:9870')>.","logger":"hdfs.client","filename":"client.py","lineno":192}
{"timestamp":"2025-12-21T09:52:49.331869Z","level":"info","event":"Fetching status for '/'.","logger":"hdfs.client","filename":"client.py","lineno":320}
{"timestamp":"2025-12-21T09:52:49.339435Z","level":"info","event":"Using namenode namenode for hook","logger":"airflow.task.hooks.airflow.providers.apache.hdfs.hooks.webhdfs.WebHDFSHook","filename":"webhdfs.py","lineno":94}
{"timestamp":"2025-12-21T09:52:49.339733Z","level":"info","event":"Uploading '/workspace/airflow/data/output.parquet' to '/airflow/data/ohlc/ingest_date=2025-09-02/data.parquet'.","logger":"hdfs.client","filename":"client.py","lineno":551}
{"timestamp":"2025-12-21T09:52:49.339849Z","level":"info","event":"Listing '/airflow/data/ohlc/ingest_date=2025-09-02/data.parquet'.","logger":"hdfs.client","filename":"client.py","lineno":1116}
{"timestamp":"2025-12-21T09:52:49.349278Z","level":"info","event":"Writing to '/airflow/data/ohlc/ingest_date=2025-09-02/data.parquet'.","logger":"hdfs.client","filename":"client.py","lineno":496}
{"timestamp":"2025-12-21T09:52:50.944738Z","level":"info","event":"Done. Returned value was: None","logger":"airflow.task.operators.airflow.providers.standard.operators.python.PythonOperator","filename":"python.py","lineno":215}
{"timestamp":"2025-12-22T03:35:12.358673Z","level":"info","event":"DAG bundles loaded: dags-folder","logger":"airflow.dag_processing.bundles.manager.DagBundlesManager","filename":"manager.py","lineno":179}
{"timestamp":"2025-12-22T03:35:12.361097Z","level":"info","event":"Filling up the DagBag from /workspace/airflow/dags/pull_daily_ohlc_data_into_hdfs.py","logger":"airflow.models.dagbag.DagBag","filename":"dagbag.py","lineno":593}
{"timestamp":"2025-12-22T03:35:21.230458Z","level":"error","event":"Task failed with exception","logger":"task","filename":"task_runner.py","lineno":980,"error_detail":[{"exc_type":"AirflowRuntimeError","exc_value":"API_SERVER_ERROR: {'status_code': 404, 'message': 'Not Found', 'detail': {'detail': 'Not Found'}}","exc_notes":[],"syntax_error":null,"is_cause":false,"frames":[{"filename":"/workspace/airflow/.venv/lib/python3.12/site-packages/airflow/sdk/execution_time/task_runner.py","lineno":922,"name":"run"},{"filename":"/workspace/airflow/.venv/lib/python3.12/site-packages/airflow/sdk/execution_time/task_runner.py","lineno":816,"name":"_prepare"},{"filename":"/workspace/airflow/.venv/lib/python3.12/site-packages/airflow/sdk/execution_time/comms.py","lineno":207,"name":"send"},{"filename":"/workspace/airflow/.venv/lib/python3.12/site-packages/airflow/sdk/execution_time/comms.py","lineno":271,"name":"_get_response"},{"filename":"/workspace/airflow/.venv/lib/python3.12/site-packages/airflow/sdk/execution_time/comms.py","lineno":258,"name":"_from_frame"}],"is_group":false,"exceptions":[]}]}
{"timestamp":"2025-12-22T03:35:21.267468Z","level":"error","event":"Top level error","logger":"task","filename":"task_runner.py","lineno":1465,"error_detail":[{"exc_type":"AirflowRuntimeError","exc_value":"API_SERVER_ERROR: {'status_code': 404, 'message': 'Server returned error', 'detail': {'detail': {'reason': 'not_found', 'message': 'Task Instance not found'}}}","exc_notes":[],"syntax_error":null,"is_cause":false,"frames":[{"filename":"/workspace/airflow/.venv/lib/python3.12/site-packages/airflow/sdk/execution_time/task_runner.py","lineno":1458,"name":"main"},{"filename":"/workspace/airflow/.venv/lib/python3.12/site-packages/airflow/sdk/execution_time/task_runner.py","lineno":1007,"name":"run"},{"filename":"/workspace/airflow/.venv/lib/python3.12/site-packages/airflow/sdk/execution_time/comms.py","lineno":207,"name":"send"},{"filename":"/workspace/airflow/.venv/lib/python3.12/site-packages/airflow/sdk/execution_time/comms.py","lineno":271,"name":"_get_response"},{"filename":"/workspace/airflow/.venv/lib/python3.12/site-packages/airflow/sdk/execution_time/comms.py","lineno":258,"name":"_from_frame"}],"is_group":false,"exceptions":[]}]}
{"timestamp":"2025-12-22T03:35:26.280704Z","level":"warning","event":"Process exited abnormally","exit_code":1,"logger":"task"}
{"timestamp":"2025-12-22T03:37:05.077316Z","level":"info","event":"DAG bundles loaded: dags-folder","logger":"airflow.dag_processing.bundles.manager.DagBundlesManager","filename":"manager.py","lineno":179}
{"timestamp":"2025-12-22T03:37:05.079201Z","level":"info","event":"Filling up the DagBag from /workspace/airflow/dags/pull_daily_ohlc_data_into_hdfs.py","logger":"airflow.models.dagbag.DagBag","filename":"dagbag.py","lineno":593}
{"timestamp":"2025-12-22T03:37:10.677753Z","level":"info","event":"Trying to connect to namenode:9870","logger":"airflow.task.hooks.airflow.providers.apache.hdfs.hooks.webhdfs.WebHDFSHook","filename":"webhdfs.py","lineno":80}
{"timestamp":"2025-12-22T03:37:10.678957Z","level":"info","event":"Trying namenode namenode","logger":"airflow.task.hooks.airflow.providers.apache.hdfs.hooks.webhdfs.WebHDFSHook","filename":"webhdfs.py","lineno":84}
{"timestamp":"2025-12-22T03:37:10.679653Z","level":"info","event":"Instantiated <InsecureClient(url='http://namenode:9870')>.","logger":"hdfs.client","filename":"client.py","lineno":192}
{"timestamp":"2025-12-22T03:37:10.679824Z","level":"info","event":"Fetching status for '/'.","logger":"hdfs.client","filename":"client.py","lineno":320}
{"timestamp":"2025-12-22T03:37:10.688640Z","level":"info","event":"Using namenode namenode for hook","logger":"airflow.task.hooks.airflow.providers.apache.hdfs.hooks.webhdfs.WebHDFSHook","filename":"webhdfs.py","lineno":94}
{"timestamp":"2025-12-22T03:37:10.688967Z","level":"info","event":"Creating directories to '/airflow/data/ohlc/ingest_date=2025-09-02'.","logger":"hdfs.client","filename":"client.py","lineno":1028}
{"timestamp":"2025-12-22T03:37:10.724446Z","level":"info","event":"Trying to connect to namenode:9870","logger":"airflow.task.hooks.airflow.providers.apache.hdfs.hooks.webhdfs.WebHDFSHook","filename":"webhdfs.py","lineno":80}
{"timestamp":"2025-12-22T03:37:10.725211Z","level":"info","event":"Trying namenode namenode","logger":"airflow.task.hooks.airflow.providers.apache.hdfs.hooks.webhdfs.WebHDFSHook","filename":"webhdfs.py","lineno":84}
{"timestamp":"2025-12-22T03:37:10.725810Z","level":"info","event":"Instantiated <InsecureClient(url='http://namenode:9870')>.","logger":"hdfs.client","filename":"client.py","lineno":192}
{"timestamp":"2025-12-22T03:37:10.725940Z","level":"info","event":"Fetching status for '/'.","logger":"hdfs.client","filename":"client.py","lineno":320}
{"timestamp":"2025-12-22T03:37:10.731105Z","level":"info","event":"Using namenode namenode for hook","logger":"airflow.task.hooks.airflow.providers.apache.hdfs.hooks.webhdfs.WebHDFSHook","filename":"webhdfs.py","lineno":94}
{"timestamp":"2025-12-22T03:37:10.731456Z","level":"info","event":"Uploading '/workspace/airflow/data/output.parquet' to '/airflow/data/ohlc/ingest_date=2025-09-02/data.parquet'.","logger":"hdfs.client","filename":"client.py","lineno":551}
{"timestamp":"2025-12-22T03:37:10.731790Z","level":"info","event":"Listing '/airflow/data/ohlc/ingest_date=2025-09-02/data.parquet'.","logger":"hdfs.client","filename":"client.py","lineno":1116}
{"timestamp":"2025-12-22T03:37:10.743317Z","level":"info","event":"Writing to '/airflow/data/ohlc/ingest_date=2025-09-02/data.parquet'.","logger":"hdfs.client","filename":"client.py","lineno":496}
{"timestamp":"2025-12-22T03:37:11.205006Z","level":"info","event":"Done. Returned value was: None","logger":"airflow.task.operators.airflow.providers.standard.operators.python.PythonOperator","filename":"python.py","lineno":215}
{"timestamp":"2025-12-22T03:38:45.610007Z","level":"info","event":"DAG bundles loaded: dags-folder","logger":"airflow.dag_processing.bundles.manager.DagBundlesManager","filename":"manager.py","lineno":179}
{"timestamp":"2025-12-22T03:38:45.611618Z","level":"info","event":"Filling up the DagBag from /workspace/airflow/dags/pull_daily_ohlc_data_into_hdfs.py","logger":"airflow.models.dagbag.DagBag","filename":"dagbag.py","lineno":593}
{"timestamp":"2025-12-22T03:38:50.725701Z","level":"info","event":"Trying to connect to namenode:9870","logger":"airflow.task.hooks.airflow.providers.apache.hdfs.hooks.webhdfs.WebHDFSHook","filename":"webhdfs.py","lineno":80}
{"timestamp":"2025-12-22T03:38:50.726773Z","level":"info","event":"Trying namenode namenode","logger":"airflow.task.hooks.airflow.providers.apache.hdfs.hooks.webhdfs.WebHDFSHook","filename":"webhdfs.py","lineno":84}
{"timestamp":"2025-12-22T03:38:50.727333Z","level":"info","event":"Instantiated <InsecureClient(url='http://namenode:9870')>.","logger":"hdfs.client","filename":"client.py","lineno":192}
{"timestamp":"2025-12-22T03:38:50.727519Z","level":"info","event":"Fetching status for '/'.","logger":"hdfs.client","filename":"client.py","lineno":320}
{"timestamp":"2025-12-22T03:38:50.736454Z","level":"info","event":"Using namenode namenode for hook","logger":"airflow.task.hooks.airflow.providers.apache.hdfs.hooks.webhdfs.WebHDFSHook","filename":"webhdfs.py","lineno":94}
{"timestamp":"2025-12-22T03:38:50.736758Z","level":"info","event":"Creating directories to '/airflow/data/ohlc/ingest_date=2025-09-02'.","logger":"hdfs.client","filename":"client.py","lineno":1028}
{"timestamp":"2025-12-22T03:38:50.773200Z","level":"info","event":"Trying to connect to namenode:9870","logger":"airflow.task.hooks.airflow.providers.apache.hdfs.hooks.webhdfs.WebHDFSHook","filename":"webhdfs.py","lineno":80}
{"timestamp":"2025-12-22T03:38:50.773891Z","level":"info","event":"Trying namenode namenode","logger":"airflow.task.hooks.airflow.providers.apache.hdfs.hooks.webhdfs.WebHDFSHook","filename":"webhdfs.py","lineno":84}
{"timestamp":"2025-12-22T03:38:50.774467Z","level":"info","event":"Instantiated <InsecureClient(url='http://namenode:9870')>.","logger":"hdfs.client","filename":"client.py","lineno":192}
{"timestamp":"2025-12-22T03:38:50.774606Z","level":"info","event":"Fetching status for '/'.","logger":"hdfs.client","filename":"client.py","lineno":320}
{"timestamp":"2025-12-22T03:38:50.781233Z","level":"info","event":"Using namenode namenode for hook","logger":"airflow.task.hooks.airflow.providers.apache.hdfs.hooks.webhdfs.WebHDFSHook","filename":"webhdfs.py","lineno":94}
{"timestamp":"2025-12-22T03:38:50.781502Z","level":"info","event":"Uploading '/workspace/airflow/data/output.parquet' to '/airflow/data/ohlc/ingest_date=2025-09-02/data.parquet'.","logger":"hdfs.client","filename":"client.py","lineno":551}
{"timestamp":"2025-12-22T03:38:50.781673Z","level":"info","event":"Listing '/airflow/data/ohlc/ingest_date=2025-09-02/data.parquet'.","logger":"hdfs.client","filename":"client.py","lineno":1116}
{"timestamp":"2025-12-22T03:38:50.788923Z","level":"info","event":"Writing to '/airflow/data/ohlc/ingest_date=2025-09-02/data.parquet.temp-1766374730785783'.","logger":"hdfs.client","filename":"client.py","lineno":496}
{"timestamp":"2025-12-22T03:38:51.248012Z","level":"info","event":"Deleting '/airflow/data/ohlc/ingest_date=2025-09-02/data.parquet' recursively.","logger":"hdfs.client","filename":"client.py","lineno":902}
{"timestamp":"2025-12-22T03:38:51.253549Z","level":"info","event":"Renaming '/airflow/data/ohlc/ingest_date=2025-09-02/data.parquet.temp-1766374730785783' to '/airflow/data/ohlc/ingest_date=2025-09-02/data.parquet'.","logger":"hdfs.client","filename":"client.py","lineno":937}
{"timestamp":"2025-12-22T03:38:51.260613Z","level":"info","event":"Done. Returned value was: None","logger":"airflow.task.operators.airflow.providers.standard.operators.python.PythonOperator","filename":"python.py","lineno":215}
{"timestamp":"2025-12-22T06:27:05.787253Z","level":"info","event":"DAG bundles loaded: dags-folder","logger":"airflow.dag_processing.bundles.manager.DagBundlesManager","filename":"manager.py","lineno":179}
{"timestamp":"2025-12-22T06:27:05.790008Z","level":"info","event":"Filling up the DagBag from /workspace/airflow/dags/pull_daily_ohlc_data_into_hdfs.py","logger":"airflow.models.dagbag.DagBag","filename":"dagbag.py","lineno":593}
{"timestamp":"2025-12-22T06:27:17.370105Z","level":"info","event":"Trying to connect to namenode:9870","logger":"airflow.task.hooks.airflow.providers.apache.hdfs.hooks.webhdfs.WebHDFSHook","filename":"webhdfs.py","lineno":80}
{"timestamp":"2025-12-22T06:27:17.371509Z","level":"info","event":"Trying namenode namenode","logger":"airflow.task.hooks.airflow.providers.apache.hdfs.hooks.webhdfs.WebHDFSHook","filename":"webhdfs.py","lineno":84}
{"timestamp":"2025-12-22T06:27:17.372394Z","level":"info","event":"Instantiated <InsecureClient(url='http://namenode:9870')>.","logger":"hdfs.client","filename":"client.py","lineno":192}
{"timestamp":"2025-12-22T06:27:17.372657Z","level":"info","event":"Fetching status for '/'.","logger":"hdfs.client","filename":"client.py","lineno":320}
{"timestamp":"2025-12-22T06:27:17.383572Z","level":"info","event":"Using namenode namenode for hook","logger":"airflow.task.hooks.airflow.providers.apache.hdfs.hooks.webhdfs.WebHDFSHook","filename":"webhdfs.py","lineno":94}
{"timestamp":"2025-12-22T06:27:17.384054Z","level":"info","event":"Creating directories to '/airflow/data/ohlc/ingest_date=2025-09-02'.","logger":"hdfs.client","filename":"client.py","lineno":1028}
{"timestamp":"2025-12-22T06:27:17.420430Z","level":"info","event":"Trying to connect to namenode:9870","logger":"airflow.task.hooks.airflow.providers.apache.hdfs.hooks.webhdfs.WebHDFSHook","filename":"webhdfs.py","lineno":80}
{"timestamp":"2025-12-22T06:27:17.421467Z","level":"info","event":"Trying namenode namenode","logger":"airflow.task.hooks.airflow.providers.apache.hdfs.hooks.webhdfs.WebHDFSHook","filename":"webhdfs.py","lineno":84}
{"timestamp":"2025-12-22T06:27:17.422152Z","level":"info","event":"Instantiated <InsecureClient(url='http://namenode:9870')>.","logger":"hdfs.client","filename":"client.py","lineno":192}
{"timestamp":"2025-12-22T06:27:17.422270Z","level":"info","event":"Fetching status for '/'.","logger":"hdfs.client","filename":"client.py","lineno":320}
{"timestamp":"2025-12-22T06:27:17.428196Z","level":"info","event":"Using namenode namenode for hook","logger":"airflow.task.hooks.airflow.providers.apache.hdfs.hooks.webhdfs.WebHDFSHook","filename":"webhdfs.py","lineno":94}
{"timestamp":"2025-12-22T06:27:17.428488Z","level":"info","event":"Uploading '/workspace/airflow/data/output.parquet' to '/airflow/data/ohlc/ingest_date=2025-09-02/data.parquet'.","logger":"hdfs.client","filename":"client.py","lineno":551}
{"timestamp":"2025-12-22T06:27:17.428642Z","level":"info","event":"Listing '/airflow/data/ohlc/ingest_date=2025-09-02/data.parquet'.","logger":"hdfs.client","filename":"client.py","lineno":1116}
{"timestamp":"2025-12-22T06:27:17.437901Z","level":"info","event":"Writing to '/airflow/data/ohlc/ingest_date=2025-09-02/data.parquet'.","logger":"hdfs.client","filename":"client.py","lineno":496}
{"timestamp":"2025-12-22T06:27:20.251349Z","level":"info","event":"Done. Returned value was: None","logger":"airflow.task.operators.airflow.providers.standard.operators.python.PythonOperator","filename":"python.py","lineno":215}
