{"timestamp":"2025-12-19T12:36:57.779002Z","level":"info","event":"DAG bundles loaded: dags-folder","logger":"airflow.dag_processing.bundles.manager.DagBundlesManager","filename":"manager.py","lineno":179}
{"timestamp":"2025-12-19T12:36:57.780885Z","level":"info","event":"Filling up the DagBag from /workspace/airflow/dags/update_news_data.py","logger":"airflow.models.dagbag.DagBag","filename":"dagbag.py","lineno":593}
{"timestamp":"2025-12-19T12:36:58.535782Z","level":"info","event":"Spark-Submit cmd: spark-submit --master yarn --jars /workspace/airflow/connector/mssql-jdbc-12.2.0.jre11.jar --name arrow-spark --verbose --deploy-mode cluster /workspace/airflow/spark-jobs/update_news_data.py 2025-09-01 2025-09-08","logger":"airflow.task.hooks.airflow.providers.apache.spark.hooks.spark_submit.SparkSubmitHook","filename":"spark_submit.py","lineno":474}
{"timestamp":"2025-12-19T12:37:09.016749Z","level":"info","event":"Using properties file: null","logger":"airflow.task.hooks.airflow.providers.apache.spark.hooks.spark_submit.SparkSubmitHook","filename":"spark_submit.py","lineno":644}
{"timestamp":"2025-12-19T12:37:09.272650Z","level":"info","event":"Parsed arguments:","logger":"airflow.task.hooks.airflow.providers.apache.spark.hooks.spark_submit.SparkSubmitHook","filename":"spark_submit.py","lineno":644}
{"timestamp":"2025-12-19T12:37:09.272830Z","level":"info","event":"master                  yarn","logger":"airflow.task.hooks.airflow.providers.apache.spark.hooks.spark_submit.SparkSubmitHook","filename":"spark_submit.py","lineno":644}
{"timestamp":"2025-12-19T12:37:09.272886Z","level":"info","event":"remote                  null","logger":"airflow.task.hooks.airflow.providers.apache.spark.hooks.spark_submit.SparkSubmitHook","filename":"spark_submit.py","lineno":644}
{"timestamp":"2025-12-19T12:37:09.272930Z","level":"info","event":"deployMode              cluster","logger":"airflow.task.hooks.airflow.providers.apache.spark.hooks.spark_submit.SparkSubmitHook","filename":"spark_submit.py","lineno":644}
{"timestamp":"2025-12-19T12:37:09.273001Z","level":"info","event":"executorMemory          null","logger":"airflow.task.hooks.airflow.providers.apache.spark.hooks.spark_submit.SparkSubmitHook","filename":"spark_submit.py","lineno":644}
{"timestamp":"2025-12-19T12:37:09.273051Z","level":"info","event":"executorCores           null","logger":"airflow.task.hooks.airflow.providers.apache.spark.hooks.spark_submit.SparkSubmitHook","filename":"spark_submit.py","lineno":644}
{"timestamp":"2025-12-19T12:37:09.273093Z","level":"info","event":"totalExecutorCores      null","logger":"airflow.task.hooks.airflow.providers.apache.spark.hooks.spark_submit.SparkSubmitHook","filename":"spark_submit.py","lineno":644}
{"timestamp":"2025-12-19T12:37:09.273132Z","level":"info","event":"propertiesFile          null","logger":"airflow.task.hooks.airflow.providers.apache.spark.hooks.spark_submit.SparkSubmitHook","filename":"spark_submit.py","lineno":644}
{"timestamp":"2025-12-19T12:37:09.273171Z","level":"info","event":"driverMemory            null","logger":"airflow.task.hooks.airflow.providers.apache.spark.hooks.spark_submit.SparkSubmitHook","filename":"spark_submit.py","lineno":644}
{"timestamp":"2025-12-19T12:37:09.273221Z","level":"info","event":"driverCores             null","logger":"airflow.task.hooks.airflow.providers.apache.spark.hooks.spark_submit.SparkSubmitHook","filename":"spark_submit.py","lineno":644}
{"timestamp":"2025-12-19T12:37:09.273259Z","level":"info","event":"driverExtraClassPath    null","logger":"airflow.task.hooks.airflow.providers.apache.spark.hooks.spark_submit.SparkSubmitHook","filename":"spark_submit.py","lineno":644}
{"timestamp":"2025-12-19T12:37:09.273296Z","level":"info","event":"driverExtraLibraryPath  null","logger":"airflow.task.hooks.airflow.providers.apache.spark.hooks.spark_submit.SparkSubmitHook","filename":"spark_submit.py","lineno":644}
{"timestamp":"2025-12-19T12:37:09.273333Z","level":"info","event":"driverExtraJavaOptions  null","logger":"airflow.task.hooks.airflow.providers.apache.spark.hooks.spark_submit.SparkSubmitHook","filename":"spark_submit.py","lineno":644}
{"timestamp":"2025-12-19T12:37:09.273371Z","level":"info","event":"supervise               false","logger":"airflow.task.hooks.airflow.providers.apache.spark.hooks.spark_submit.SparkSubmitHook","filename":"spark_submit.py","lineno":644}
{"timestamp":"2025-12-19T12:37:09.273407Z","level":"info","event":"queue                   null","logger":"airflow.task.hooks.airflow.providers.apache.spark.hooks.spark_submit.SparkSubmitHook","filename":"spark_submit.py","lineno":644}
{"timestamp":"2025-12-19T12:37:09.273443Z","level":"info","event":"numExecutors            null","logger":"airflow.task.hooks.airflow.providers.apache.spark.hooks.spark_submit.SparkSubmitHook","filename":"spark_submit.py","lineno":644}
{"timestamp":"2025-12-19T12:37:09.273480Z","level":"info","event":"files                   null","logger":"airflow.task.hooks.airflow.providers.apache.spark.hooks.spark_submit.SparkSubmitHook","filename":"spark_submit.py","lineno":644}
{"timestamp":"2025-12-19T12:37:09.273516Z","level":"info","event":"pyFiles                 null","logger":"airflow.task.hooks.airflow.providers.apache.spark.hooks.spark_submit.SparkSubmitHook","filename":"spark_submit.py","lineno":644}
{"timestamp":"2025-12-19T12:37:09.273552Z","level":"info","event":"archives                null","logger":"airflow.task.hooks.airflow.providers.apache.spark.hooks.spark_submit.SparkSubmitHook","filename":"spark_submit.py","lineno":644}
{"timestamp":"2025-12-19T12:37:09.273587Z","level":"info","event":"mainClass               null","logger":"airflow.task.hooks.airflow.providers.apache.spark.hooks.spark_submit.SparkSubmitHook","filename":"spark_submit.py","lineno":644}
{"timestamp":"2025-12-19T12:37:09.273622Z","level":"info","event":"primaryResource         file:/workspace/airflow/spark-jobs/update_news_data.py","logger":"airflow.task.hooks.airflow.providers.apache.spark.hooks.spark_submit.SparkSubmitHook","filename":"spark_submit.py","lineno":644}
{"timestamp":"2025-12-19T12:37:09.273660Z","level":"info","event":"name                    arrow-spark","logger":"airflow.task.hooks.airflow.providers.apache.spark.hooks.spark_submit.SparkSubmitHook","filename":"spark_submit.py","lineno":644}
{"timestamp":"2025-12-19T12:37:09.273697Z","level":"info","event":"childArgs               [2025-09-01 2025-09-08]","logger":"airflow.task.hooks.airflow.providers.apache.spark.hooks.spark_submit.SparkSubmitHook","filename":"spark_submit.py","lineno":644}
{"timestamp":"2025-12-19T12:37:09.273736Z","level":"info","event":"jars                    file:/workspace/airflow/connector/mssql-jdbc-12.2.0.jre11.jar","logger":"airflow.task.hooks.airflow.providers.apache.spark.hooks.spark_submit.SparkSubmitHook","filename":"spark_submit.py","lineno":644}
{"timestamp":"2025-12-19T12:37:09.273774Z","level":"info","event":"packages                null","logger":"airflow.task.hooks.airflow.providers.apache.spark.hooks.spark_submit.SparkSubmitHook","filename":"spark_submit.py","lineno":644}
{"timestamp":"2025-12-19T12:37:09.273811Z","level":"info","event":"packagesExclusions      null","logger":"airflow.task.hooks.airflow.providers.apache.spark.hooks.spark_submit.SparkSubmitHook","filename":"spark_submit.py","lineno":644}
{"timestamp":"2025-12-19T12:37:09.273848Z","level":"info","event":"repositories            null","logger":"airflow.task.hooks.airflow.providers.apache.spark.hooks.spark_submit.SparkSubmitHook","filename":"spark_submit.py","lineno":644}
{"timestamp":"2025-12-19T12:37:09.273911Z","level":"info","event":"verbose                 true","logger":"airflow.task.hooks.airflow.providers.apache.spark.hooks.spark_submit.SparkSubmitHook","filename":"spark_submit.py","lineno":644}
{"timestamp":"2025-12-19T12:37:09.273958Z","level":"info","event":"","logger":"airflow.task.hooks.airflow.providers.apache.spark.hooks.spark_submit.SparkSubmitHook","filename":"spark_submit.py","lineno":644}
{"timestamp":"2025-12-19T12:37:09.273999Z","level":"info","event":"Spark properties used, including those specified through","logger":"airflow.task.hooks.airflow.providers.apache.spark.hooks.spark_submit.SparkSubmitHook","filename":"spark_submit.py","lineno":644}
{"timestamp":"2025-12-19T12:37:09.275207Z","level":"info","event":"--conf and those from the properties file null:","logger":"airflow.task.hooks.airflow.providers.apache.spark.hooks.spark_submit.SparkSubmitHook","filename":"spark_submit.py","lineno":644}
{"timestamp":"2025-12-19T12:37:09.275351Z","level":"info","event":"","logger":"airflow.task.hooks.airflow.providers.apache.spark.hooks.spark_submit.SparkSubmitHook","filename":"spark_submit.py","lineno":644}
{"timestamp":"2025-12-19T12:37:09.275470Z","level":"info","event":"","logger":"airflow.task.hooks.airflow.providers.apache.spark.hooks.spark_submit.SparkSubmitHook","filename":"spark_submit.py","lineno":644}
{"timestamp":"2025-12-19T12:37:09.275529Z","level":"info","event":"","logger":"airflow.task.hooks.airflow.providers.apache.spark.hooks.spark_submit.SparkSubmitHook","filename":"spark_submit.py","lineno":644}
{"timestamp":"2025-12-19T12:37:10.338901Z","level":"info","event":"25/12/19 12:37:10 WARN NativeCodeLoader: Unable to load native-hadoop library for your platform... using builtin-java classes where applicable","logger":"airflow.task.hooks.airflow.providers.apache.spark.hooks.spark_submit.SparkSubmitHook","filename":"spark_submit.py","lineno":644}
{"timestamp":"2025-12-19T12:37:10.859858Z","level":"info","event":"Main class:","logger":"airflow.task.hooks.airflow.providers.apache.spark.hooks.spark_submit.SparkSubmitHook","filename":"spark_submit.py","lineno":644}
{"timestamp":"2025-12-19T12:37:10.860063Z","level":"info","event":"org.apache.spark.deploy.yarn.YarnClusterApplication","logger":"airflow.task.hooks.airflow.providers.apache.spark.hooks.spark_submit.SparkSubmitHook","filename":"spark_submit.py","lineno":644}
{"timestamp":"2025-12-19T12:37:10.862230Z","level":"info","event":"Arguments:","logger":"airflow.task.hooks.airflow.providers.apache.spark.hooks.spark_submit.SparkSubmitHook","filename":"spark_submit.py","lineno":644}
{"timestamp":"2025-12-19T12:37:10.862438Z","level":"info","event":"--primary-py-file","logger":"airflow.task.hooks.airflow.providers.apache.spark.hooks.spark_submit.SparkSubmitHook","filename":"spark_submit.py","lineno":644}
{"timestamp":"2025-12-19T12:37:10.862521Z","level":"info","event":"file:/workspace/airflow/spark-jobs/update_news_data.py","logger":"airflow.task.hooks.airflow.providers.apache.spark.hooks.spark_submit.SparkSubmitHook","filename":"spark_submit.py","lineno":644}
{"timestamp":"2025-12-19T12:37:10.862581Z","level":"info","event":"--class","logger":"airflow.task.hooks.airflow.providers.apache.spark.hooks.spark_submit.SparkSubmitHook","filename":"spark_submit.py","lineno":644}
{"timestamp":"2025-12-19T12:37:10.862644Z","level":"info","event":"org.apache.spark.deploy.PythonRunner","logger":"airflow.task.hooks.airflow.providers.apache.spark.hooks.spark_submit.SparkSubmitHook","filename":"spark_submit.py","lineno":644}
{"timestamp":"2025-12-19T12:37:10.862696Z","level":"info","event":"--arg","logger":"airflow.task.hooks.airflow.providers.apache.spark.hooks.spark_submit.SparkSubmitHook","filename":"spark_submit.py","lineno":644}
{"timestamp":"2025-12-19T12:37:10.862744Z","level":"info","event":"2025-09-01","logger":"airflow.task.hooks.airflow.providers.apache.spark.hooks.spark_submit.SparkSubmitHook","filename":"spark_submit.py","lineno":644}
{"timestamp":"2025-12-19T12:37:10.862791Z","level":"info","event":"--arg","logger":"airflow.task.hooks.airflow.providers.apache.spark.hooks.spark_submit.SparkSubmitHook","filename":"spark_submit.py","lineno":644}
{"timestamp":"2025-12-19T12:37:10.862852Z","level":"info","event":"2025-09-08","logger":"airflow.task.hooks.airflow.providers.apache.spark.hooks.spark_submit.SparkSubmitHook","filename":"spark_submit.py","lineno":644}
{"timestamp":"2025-12-19T12:37:10.872808Z","level":"info","event":"Spark config:","logger":"airflow.task.hooks.airflow.providers.apache.spark.hooks.spark_submit.SparkSubmitHook","filename":"spark_submit.py","lineno":644}
{"timestamp":"2025-12-19T12:37:10.872991Z","level":"info","event":"(spark.app.name,arrow-spark)","logger":"airflow.task.hooks.airflow.providers.apache.spark.hooks.spark_submit.SparkSubmitHook","filename":"spark_submit.py","lineno":644}
{"timestamp":"2025-12-19T12:37:10.873065Z","level":"info","event":"(spark.app.submitTime,1766147830831)","logger":"airflow.task.hooks.airflow.providers.apache.spark.hooks.spark_submit.SparkSubmitHook","filename":"spark_submit.py","lineno":644}
{"timestamp":"2025-12-19T12:37:10.873107Z","level":"info","event":"(spark.master,yarn)","logger":"airflow.task.hooks.airflow.providers.apache.spark.hooks.spark_submit.SparkSubmitHook","filename":"spark_submit.py","lineno":644}
{"timestamp":"2025-12-19T12:37:10.873150Z","level":"info","event":"(spark.submit.deployMode,cluster)","logger":"airflow.task.hooks.airflow.providers.apache.spark.hooks.spark_submit.SparkSubmitHook","filename":"spark_submit.py","lineno":644}
{"timestamp":"2025-12-19T12:37:10.873230Z","level":"info","event":"(spark.submit.pyFiles,)","logger":"airflow.task.hooks.airflow.providers.apache.spark.hooks.spark_submit.SparkSubmitHook","filename":"spark_submit.py","lineno":644}
{"timestamp":"2025-12-19T12:37:10.873336Z","level":"info","event":"(spark.yarn.dist.jars,file:///workspace/airflow/connector/mssql-jdbc-12.2.0.jre11.jar)","logger":"airflow.task.hooks.airflow.providers.apache.spark.hooks.spark_submit.SparkSubmitHook","filename":"spark_submit.py","lineno":644}
{"timestamp":"2025-12-19T12:37:10.873414Z","level":"info","event":"(spark.yarn.isPython,true)","logger":"airflow.task.hooks.airflow.providers.apache.spark.hooks.spark_submit.SparkSubmitHook","filename":"spark_submit.py","lineno":644}
{"timestamp":"2025-12-19T12:37:10.873512Z","level":"info","event":"Classpath elements:","logger":"airflow.task.hooks.airflow.providers.apache.spark.hooks.spark_submit.SparkSubmitHook","filename":"spark_submit.py","lineno":644}
{"timestamp":"2025-12-19T12:37:10.873577Z","level":"info","event":"file:///workspace/airflow/connector/mssql-jdbc-12.2.0.jre11.jar","logger":"airflow.task.hooks.airflow.providers.apache.spark.hooks.spark_submit.SparkSubmitHook","filename":"spark_submit.py","lineno":644}
{"timestamp":"2025-12-19T12:37:10.873771Z","level":"info","event":"","logger":"airflow.task.hooks.airflow.providers.apache.spark.hooks.spark_submit.SparkSubmitHook","filename":"spark_submit.py","lineno":644}
{"timestamp":"2025-12-19T12:37:10.873891Z","level":"info","event":"","logger":"airflow.task.hooks.airflow.providers.apache.spark.hooks.spark_submit.SparkSubmitHook","filename":"spark_submit.py","lineno":644}
{"timestamp":"2025-12-19T12:37:11.140448Z","level":"info","event":"25/12/19 12:37:11 INFO DefaultNoHARMFailoverProxyProvider: Connecting to ResourceManager at namenode/172.18.0.5:8032","logger":"airflow.task.hooks.airflow.providers.apache.spark.hooks.spark_submit.SparkSubmitHook","filename":"spark_submit.py","lineno":644}
{"timestamp":"2025-12-19T12:37:12.810679Z","level":"info","event":"25/12/19 12:37:12 INFO Configuration: resource-types.xml not found","logger":"airflow.task.hooks.airflow.providers.apache.spark.hooks.spark_submit.SparkSubmitHook","filename":"spark_submit.py","lineno":644}
{"timestamp":"2025-12-19T12:37:12.811522Z","level":"info","event":"25/12/19 12:37:12 INFO ResourceUtils: Unable to find 'resource-types.xml'.","logger":"airflow.task.hooks.airflow.providers.apache.spark.hooks.spark_submit.SparkSubmitHook","filename":"spark_submit.py","lineno":644}
{"timestamp":"2025-12-19T12:37:12.861319Z","level":"info","event":"25/12/19 12:37:12 INFO Client: Verifying our application has not requested more than the maximum memory capability of the cluster (8192 MB per container)","logger":"airflow.task.hooks.airflow.providers.apache.spark.hooks.spark_submit.SparkSubmitHook","filename":"spark_submit.py","lineno":644}
{"timestamp":"2025-12-19T12:37:12.862815Z","level":"info","event":"25/12/19 12:37:12 INFO Client: Will allocate AM container, with 1408 MB memory including 384 MB overhead","logger":"airflow.task.hooks.airflow.providers.apache.spark.hooks.spark_submit.SparkSubmitHook","filename":"spark_submit.py","lineno":644}
{"timestamp":"2025-12-19T12:37:12.863551Z","level":"info","event":"25/12/19 12:37:12 INFO Client: Setting up container launch context for our AM","logger":"airflow.task.hooks.airflow.providers.apache.spark.hooks.spark_submit.SparkSubmitHook","filename":"spark_submit.py","lineno":644}
{"timestamp":"2025-12-19T12:37:12.875926Z","level":"info","event":"25/12/19 12:37:12 INFO Client: Setting up the launch environment for our AM container","logger":"airflow.task.hooks.airflow.providers.apache.spark.hooks.spark_submit.SparkSubmitHook","filename":"spark_submit.py","lineno":644}
{"timestamp":"2025-12-19T12:37:12.908837Z","level":"info","event":"25/12/19 12:37:12 INFO Client: Preparing resources for our AM container","logger":"airflow.task.hooks.airflow.providers.apache.spark.hooks.spark_submit.SparkSubmitHook","filename":"spark_submit.py","lineno":644}
{"timestamp":"2025-12-19T12:37:12.977715Z","level":"info","event":"25/12/19 12:37:12 WARN Client: Neither spark.yarn.jars nor spark.yarn.archive is set, falling back to uploading libraries under SPARK_HOME.","logger":"airflow.task.hooks.airflow.providers.apache.spark.hooks.spark_submit.SparkSubmitHook","filename":"spark_submit.py","lineno":644}
{"timestamp":"2025-12-19T12:37:24.700675Z","level":"info","event":"Identified spark application id: application_1766137997195_0006","logger":"airflow.task.hooks.airflow.providers.apache.spark.hooks.spark_submit.SparkSubmitHook","filename":"spark_submit.py","lineno":611}
{"timestamp":"2025-12-19T12:37:24.700878Z","level":"info","event":"25/12/19 12:37:24 INFO Client: Uploading resource file:/tmp/spark-223e5ee8-9678-45b0-ba52-ae7b34255005/__spark_libs__15867101474506919226.zip -> hdfs://namenode:8020/user/root/.sparkStaging/application_1766137997195_0006/__spark_libs__15867101474506919226.zip","logger":"airflow.task.hooks.airflow.providers.apache.spark.hooks.spark_submit.SparkSubmitHook","filename":"spark_submit.py","lineno":644}
{"timestamp":"2025-12-19T12:37:26.838522Z","level":"info","event":"Identified spark application id: application_1766137997195_0006","logger":"airflow.task.hooks.airflow.providers.apache.spark.hooks.spark_submit.SparkSubmitHook","filename":"spark_submit.py","lineno":611}
{"timestamp":"2025-12-19T12:37:26.838718Z","level":"info","event":"25/12/19 12:37:26 INFO Client: Uploading resource file:/workspace/airflow/connector/mssql-jdbc-12.2.0.jre11.jar -> hdfs://namenode:8020/user/root/.sparkStaging/application_1766137997195_0006/mssql-jdbc-12.2.0.jre11.jar","logger":"airflow.task.hooks.airflow.providers.apache.spark.hooks.spark_submit.SparkSubmitHook","filename":"spark_submit.py","lineno":644}
{"timestamp":"2025-12-19T12:37:26.882486Z","level":"info","event":"Identified spark application id: application_1766137997195_0006","logger":"airflow.task.hooks.airflow.providers.apache.spark.hooks.spark_submit.SparkSubmitHook","filename":"spark_submit.py","lineno":611}
{"timestamp":"2025-12-19T12:37:26.882649Z","level":"info","event":"25/12/19 12:37:26 INFO Client: Uploading resource file:/workspace/airflow/spark-jobs/update_news_data.py -> hdfs://namenode:8020/user/root/.sparkStaging/application_1766137997195_0006/update_news_data.py","logger":"airflow.task.hooks.airflow.providers.apache.spark.hooks.spark_submit.SparkSubmitHook","filename":"spark_submit.py","lineno":644}
{"timestamp":"2025-12-19T12:37:26.947358Z","level":"info","event":"Identified spark application id: application_1766137997195_0006","logger":"airflow.task.hooks.airflow.providers.apache.spark.hooks.spark_submit.SparkSubmitHook","filename":"spark_submit.py","lineno":611}
{"timestamp":"2025-12-19T12:37:26.947503Z","level":"info","event":"25/12/19 12:37:26 INFO Client: Uploading resource file:/workspace/airflow/.venv/lib/python3.12/site-packages/pyspark/python/lib/pyspark.zip -> hdfs://namenode:8020/user/root/.sparkStaging/application_1766137997195_0006/pyspark.zip","logger":"airflow.task.hooks.airflow.providers.apache.spark.hooks.spark_submit.SparkSubmitHook","filename":"spark_submit.py","lineno":644}
{"timestamp":"2025-12-19T12:37:27.024548Z","level":"info","event":"Identified spark application id: application_1766137997195_0006","logger":"airflow.task.hooks.airflow.providers.apache.spark.hooks.spark_submit.SparkSubmitHook","filename":"spark_submit.py","lineno":611}
{"timestamp":"2025-12-19T12:37:27.024748Z","level":"info","event":"25/12/19 12:37:27 INFO Client: Uploading resource file:/workspace/airflow/.venv/lib/python3.12/site-packages/pyspark/python/lib/py4j-0.10.9.7-src.zip -> hdfs://namenode:8020/user/root/.sparkStaging/application_1766137997195_0006/py4j-0.10.9.7-src.zip","logger":"airflow.task.hooks.airflow.providers.apache.spark.hooks.spark_submit.SparkSubmitHook","filename":"spark_submit.py","lineno":644}
{"timestamp":"2025-12-19T12:37:27.572587Z","level":"info","event":"Identified spark application id: application_1766137997195_0006","logger":"airflow.task.hooks.airflow.providers.apache.spark.hooks.spark_submit.SparkSubmitHook","filename":"spark_submit.py","lineno":611}
{"timestamp":"2025-12-19T12:37:27.572783Z","level":"info","event":"25/12/19 12:37:27 INFO Client: Uploading resource file:/tmp/spark-223e5ee8-9678-45b0-ba52-ae7b34255005/__spark_conf__9462853226346117125.zip -> hdfs://namenode:8020/user/root/.sparkStaging/application_1766137997195_0006/__spark_conf__.zip","logger":"airflow.task.hooks.airflow.providers.apache.spark.hooks.spark_submit.SparkSubmitHook","filename":"spark_submit.py","lineno":644}
{"timestamp":"2025-12-19T12:37:27.677474Z","level":"info","event":"25/12/19 12:37:27 INFO SecurityManager: Changing view acls to: root","logger":"airflow.task.hooks.airflow.providers.apache.spark.hooks.spark_submit.SparkSubmitHook","filename":"spark_submit.py","lineno":644}
{"timestamp":"2025-12-19T12:37:27.678404Z","level":"info","event":"25/12/19 12:37:27 INFO SecurityManager: Changing modify acls to: root","logger":"airflow.task.hooks.airflow.providers.apache.spark.hooks.spark_submit.SparkSubmitHook","filename":"spark_submit.py","lineno":644}
{"timestamp":"2025-12-19T12:37:27.679154Z","level":"info","event":"25/12/19 12:37:27 INFO SecurityManager: Changing view acls groups to:","logger":"airflow.task.hooks.airflow.providers.apache.spark.hooks.spark_submit.SparkSubmitHook","filename":"spark_submit.py","lineno":644}
{"timestamp":"2025-12-19T12:37:27.680917Z","level":"info","event":"25/12/19 12:37:27 INFO SecurityManager: Changing modify acls groups to:","logger":"airflow.task.hooks.airflow.providers.apache.spark.hooks.spark_submit.SparkSubmitHook","filename":"spark_submit.py","lineno":644}
{"timestamp":"2025-12-19T12:37:27.683486Z","level":"info","event":"25/12/19 12:37:27 INFO SecurityManager: SecurityManager: authentication disabled; ui acls disabled; users with view permissions: root; groups with view permissions: EMPTY; users with modify permissions: root; groups with modify permissions: EMPTY","logger":"airflow.task.hooks.airflow.providers.apache.spark.hooks.spark_submit.SparkSubmitHook","filename":"spark_submit.py","lineno":644}
{"timestamp":"2025-12-19T12:37:27.805681Z","level":"info","event":"Identified spark application id: application_1766137997195_0006","logger":"airflow.task.hooks.airflow.providers.apache.spark.hooks.spark_submit.SparkSubmitHook","filename":"spark_submit.py","lineno":611}
{"timestamp":"2025-12-19T12:37:27.805839Z","level":"info","event":"25/12/19 12:37:27 INFO Client: Submitting application application_1766137997195_0006 to ResourceManager","logger":"airflow.task.hooks.airflow.providers.apache.spark.hooks.spark_submit.SparkSubmitHook","filename":"spark_submit.py","lineno":644}
{"timestamp":"2025-12-19T12:37:27.892431Z","level":"info","event":"Identified spark application id: application_1766137997195_0006","logger":"airflow.task.hooks.airflow.providers.apache.spark.hooks.spark_submit.SparkSubmitHook","filename":"spark_submit.py","lineno":611}
{"timestamp":"2025-12-19T12:37:27.892666Z","level":"info","event":"25/12/19 12:37:27 INFO YarnClientImpl: Submitted application application_1766137997195_0006","logger":"airflow.task.hooks.airflow.providers.apache.spark.hooks.spark_submit.SparkSubmitHook","filename":"spark_submit.py","lineno":644}
{"timestamp":"2025-12-19T12:37:28.898115Z","level":"info","event":"Identified spark application id: application_1766137997195_0006","logger":"airflow.task.hooks.airflow.providers.apache.spark.hooks.spark_submit.SparkSubmitHook","filename":"spark_submit.py","lineno":611}
{"timestamp":"2025-12-19T12:37:28.898276Z","level":"info","event":"25/12/19 12:37:28 INFO Client: Application report for application_1766137997195_0006 (state: ACCEPTED)","logger":"airflow.task.hooks.airflow.providers.apache.spark.hooks.spark_submit.SparkSubmitHook","filename":"spark_submit.py","lineno":644}
{"timestamp":"2025-12-19T12:37:28.902437Z","level":"info","event":"25/12/19 12:37:28 INFO Client:","logger":"airflow.task.hooks.airflow.providers.apache.spark.hooks.spark_submit.SparkSubmitHook","filename":"spark_submit.py","lineno":644}
{"timestamp":"2025-12-19T12:37:28.902576Z","level":"info","event":"client token: N/A","logger":"airflow.task.hooks.airflow.providers.apache.spark.hooks.spark_submit.SparkSubmitHook","filename":"spark_submit.py","lineno":644}
{"timestamp":"2025-12-19T12:37:28.902626Z","level":"info","event":"diagnostics: AM container is launched, waiting for AM container to Register with RM","logger":"airflow.task.hooks.airflow.providers.apache.spark.hooks.spark_submit.SparkSubmitHook","filename":"spark_submit.py","lineno":644}
{"timestamp":"2025-12-19T12:37:28.902669Z","level":"info","event":"ApplicationMaster host: N/A","logger":"airflow.task.hooks.airflow.providers.apache.spark.hooks.spark_submit.SparkSubmitHook","filename":"spark_submit.py","lineno":644}
{"timestamp":"2025-12-19T12:37:28.902708Z","level":"info","event":"ApplicationMaster RPC port: -1","logger":"airflow.task.hooks.airflow.providers.apache.spark.hooks.spark_submit.SparkSubmitHook","filename":"spark_submit.py","lineno":644}
{"timestamp":"2025-12-19T12:37:28.902749Z","level":"info","event":"queue: default","logger":"airflow.task.hooks.airflow.providers.apache.spark.hooks.spark_submit.SparkSubmitHook","filename":"spark_submit.py","lineno":644}
{"timestamp":"2025-12-19T12:37:28.902788Z","level":"info","event":"start time: 1766147847836","logger":"airflow.task.hooks.airflow.providers.apache.spark.hooks.spark_submit.SparkSubmitHook","filename":"spark_submit.py","lineno":644}
{"timestamp":"2025-12-19T12:37:28.902826Z","level":"info","event":"final status: UNDEFINED","logger":"airflow.task.hooks.airflow.providers.apache.spark.hooks.spark_submit.SparkSubmitHook","filename":"spark_submit.py","lineno":644}
{"timestamp":"2025-12-19T12:37:28.902881Z","level":"info","event":"Identified spark application id: application_1766137997195_0006","logger":"airflow.task.hooks.airflow.providers.apache.spark.hooks.spark_submit.SparkSubmitHook","filename":"spark_submit.py","lineno":611}
{"timestamp":"2025-12-19T12:37:28.902921Z","level":"info","event":"tracking URL: http://namenode:8088/proxy/application_1766137997195_0006/","logger":"airflow.task.hooks.airflow.providers.apache.spark.hooks.spark_submit.SparkSubmitHook","filename":"spark_submit.py","lineno":644}
{"timestamp":"2025-12-19T12:37:28.902960Z","level":"info","event":"user: root","logger":"airflow.task.hooks.airflow.providers.apache.spark.hooks.spark_submit.SparkSubmitHook","filename":"spark_submit.py","lineno":644}
{"timestamp":"2025-12-19T12:37:36.926828Z","level":"info","event":"Identified spark application id: application_1766137997195_0006","logger":"airflow.task.hooks.airflow.providers.apache.spark.hooks.spark_submit.SparkSubmitHook","filename":"spark_submit.py","lineno":611}
{"timestamp":"2025-12-19T12:37:36.927234Z","level":"info","event":"25/12/19 12:37:36 INFO Client: Application report for application_1766137997195_0006 (state: RUNNING)","logger":"airflow.task.hooks.airflow.providers.apache.spark.hooks.spark_submit.SparkSubmitHook","filename":"spark_submit.py","lineno":644}
{"timestamp":"2025-12-19T12:37:36.927792Z","level":"info","event":"25/12/19 12:37:36 INFO Client:","logger":"airflow.task.hooks.airflow.providers.apache.spark.hooks.spark_submit.SparkSubmitHook","filename":"spark_submit.py","lineno":644}
{"timestamp":"2025-12-19T12:37:36.927912Z","level":"info","event":"client token: N/A","logger":"airflow.task.hooks.airflow.providers.apache.spark.hooks.spark_submit.SparkSubmitHook","filename":"spark_submit.py","lineno":644}
{"timestamp":"2025-12-19T12:37:36.927964Z","level":"info","event":"diagnostics: N/A","logger":"airflow.task.hooks.airflow.providers.apache.spark.hooks.spark_submit.SparkSubmitHook","filename":"spark_submit.py","lineno":644}
{"timestamp":"2025-12-19T12:37:36.928010Z","level":"info","event":"ApplicationMaster host: datanode-nodemanager-1","logger":"airflow.task.hooks.airflow.providers.apache.spark.hooks.spark_submit.SparkSubmitHook","filename":"spark_submit.py","lineno":644}
{"timestamp":"2025-12-19T12:37:36.928050Z","level":"info","event":"ApplicationMaster RPC port: 44911","logger":"airflow.task.hooks.airflow.providers.apache.spark.hooks.spark_submit.SparkSubmitHook","filename":"spark_submit.py","lineno":644}
{"timestamp":"2025-12-19T12:37:36.928086Z","level":"info","event":"queue: default","logger":"airflow.task.hooks.airflow.providers.apache.spark.hooks.spark_submit.SparkSubmitHook","filename":"spark_submit.py","lineno":644}
{"timestamp":"2025-12-19T12:37:36.928121Z","level":"info","event":"start time: 1766147847836","logger":"airflow.task.hooks.airflow.providers.apache.spark.hooks.spark_submit.SparkSubmitHook","filename":"spark_submit.py","lineno":644}
{"timestamp":"2025-12-19T12:37:36.928159Z","level":"info","event":"final status: UNDEFINED","logger":"airflow.task.hooks.airflow.providers.apache.spark.hooks.spark_submit.SparkSubmitHook","filename":"spark_submit.py","lineno":644}
{"timestamp":"2025-12-19T12:37:36.928215Z","level":"info","event":"Identified spark application id: application_1766137997195_0006","logger":"airflow.task.hooks.airflow.providers.apache.spark.hooks.spark_submit.SparkSubmitHook","filename":"spark_submit.py","lineno":611}
{"timestamp":"2025-12-19T12:37:36.928259Z","level":"info","event":"tracking URL: http://namenode:8088/proxy/application_1766137997195_0006/","logger":"airflow.task.hooks.airflow.providers.apache.spark.hooks.spark_submit.SparkSubmitHook","filename":"spark_submit.py","lineno":644}
{"timestamp":"2025-12-19T12:37:36.928301Z","level":"info","event":"user: root","logger":"airflow.task.hooks.airflow.providers.apache.spark.hooks.spark_submit.SparkSubmitHook","filename":"spark_submit.py","lineno":644}
{"timestamp":"2025-12-19T12:38:09.850691Z","level":"info","event":"Identified spark application id: application_1766137997195_0006","logger":"airflow.task.hooks.airflow.providers.apache.spark.hooks.spark_submit.SparkSubmitHook","filename":"spark_submit.py","lineno":611}
{"timestamp":"2025-12-19T12:38:09.850998Z","level":"info","event":"25/12/19 12:38:09 INFO Client: Application report for application_1766137997195_0006 (state: RUNNING)","logger":"airflow.task.hooks.airflow.providers.apache.spark.hooks.spark_submit.SparkSubmitHook","filename":"spark_submit.py","lineno":644}
{"timestamp":"2025-12-19T12:38:35.688257Z","level":"info","event":"Identified spark application id: application_1766137997195_0006","logger":"airflow.task.hooks.airflow.providers.apache.spark.hooks.spark_submit.SparkSubmitHook","filename":"spark_submit.py","lineno":611}
{"timestamp":"2025-12-19T12:38:35.688562Z","level":"info","event":"25/12/19 12:38:35 INFO Client: Application report for application_1766137997195_0006 (state: FINISHED)","logger":"airflow.task.hooks.airflow.providers.apache.spark.hooks.spark_submit.SparkSubmitHook","filename":"spark_submit.py","lineno":644}
{"timestamp":"2025-12-19T12:38:35.688917Z","level":"info","event":"25/12/19 12:38:35 INFO Client:","logger":"airflow.task.hooks.airflow.providers.apache.spark.hooks.spark_submit.SparkSubmitHook","filename":"spark_submit.py","lineno":644}
{"timestamp":"2025-12-19T12:38:35.689086Z","level":"info","event":"client token: N/A","logger":"airflow.task.hooks.airflow.providers.apache.spark.hooks.spark_submit.SparkSubmitHook","filename":"spark_submit.py","lineno":644}
{"timestamp":"2025-12-19T12:38:35.689179Z","level":"info","event":"diagnostics: N/A","logger":"airflow.task.hooks.airflow.providers.apache.spark.hooks.spark_submit.SparkSubmitHook","filename":"spark_submit.py","lineno":644}
{"timestamp":"2025-12-19T12:38:35.689258Z","level":"info","event":"ApplicationMaster host: datanode-nodemanager-1","logger":"airflow.task.hooks.airflow.providers.apache.spark.hooks.spark_submit.SparkSubmitHook","filename":"spark_submit.py","lineno":644}
{"timestamp":"2025-12-19T12:38:35.689336Z","level":"info","event":"ApplicationMaster RPC port: 44911","logger":"airflow.task.hooks.airflow.providers.apache.spark.hooks.spark_submit.SparkSubmitHook","filename":"spark_submit.py","lineno":644}
{"timestamp":"2025-12-19T12:38:35.689398Z","level":"info","event":"queue: default","logger":"airflow.task.hooks.airflow.providers.apache.spark.hooks.spark_submit.SparkSubmitHook","filename":"spark_submit.py","lineno":644}
{"timestamp":"2025-12-19T12:38:35.689466Z","level":"info","event":"start time: 1766147847836","logger":"airflow.task.hooks.airflow.providers.apache.spark.hooks.spark_submit.SparkSubmitHook","filename":"spark_submit.py","lineno":644}
{"timestamp":"2025-12-19T12:38:35.689537Z","level":"info","event":"final status: SUCCEEDED","logger":"airflow.task.hooks.airflow.providers.apache.spark.hooks.spark_submit.SparkSubmitHook","filename":"spark_submit.py","lineno":644}
{"timestamp":"2025-12-19T12:38:35.689627Z","level":"info","event":"Identified spark application id: application_1766137997195_0006","logger":"airflow.task.hooks.airflow.providers.apache.spark.hooks.spark_submit.SparkSubmitHook","filename":"spark_submit.py","lineno":611}
{"timestamp":"2025-12-19T12:38:35.689675Z","level":"info","event":"tracking URL: http://namenode:8088/proxy/application_1766137997195_0006/","logger":"airflow.task.hooks.airflow.providers.apache.spark.hooks.spark_submit.SparkSubmitHook","filename":"spark_submit.py","lineno":644}
{"timestamp":"2025-12-19T12:38:35.689715Z","level":"info","event":"user: root","logger":"airflow.task.hooks.airflow.providers.apache.spark.hooks.spark_submit.SparkSubmitHook","filename":"spark_submit.py","lineno":644}
{"timestamp":"2025-12-19T12:38:35.708402Z","level":"info","event":"25/12/19 12:38:35 INFO ShutdownHookManager: Shutdown hook called","logger":"airflow.task.hooks.airflow.providers.apache.spark.hooks.spark_submit.SparkSubmitHook","filename":"spark_submit.py","lineno":644}
{"timestamp":"2025-12-19T12:38:35.709174Z","level":"info","event":"25/12/19 12:38:35 INFO ShutdownHookManager: Deleting directory /tmp/spark-cf2f9aa1-86e3-42d4-9c4b-0320d972473c","logger":"airflow.task.hooks.airflow.providers.apache.spark.hooks.spark_submit.SparkSubmitHook","filename":"spark_submit.py","lineno":644}
{"timestamp":"2025-12-19T12:38:35.715014Z","level":"info","event":"25/12/19 12:38:35 INFO ShutdownHookManager: Deleting directory /tmp/spark-223e5ee8-9678-45b0-ba52-ae7b34255005","logger":"airflow.task.hooks.airflow.providers.apache.spark.hooks.spark_submit.SparkSubmitHook","filename":"spark_submit.py","lineno":644}
