{"timestamp":"2025-12-21T10:24:59.637963Z","level":"info","event":"DAG bundles loaded: dags-folder","logger":"airflow.dag_processing.bundles.manager.DagBundlesManager","filename":"manager.py","lineno":179}
{"timestamp":"2025-12-21T10:24:59.645728Z","level":"info","event":"Filling up the DagBag from /workspace/airflow/dags/pull_daily_ohlc_data_into_hdfs.py","logger":"airflow.models.dagbag.DagBag","filename":"dagbag.py","lineno":593}
{"timestamp":"2025-12-21T10:25:05.999677Z","level":"info","event":"Trying to connect to namenode:9870","logger":"airflow.task.hooks.airflow.providers.apache.hdfs.hooks.webhdfs.WebHDFSHook","filename":"webhdfs.py","lineno":80}
{"timestamp":"2025-12-21T10:25:06.001469Z","level":"info","event":"Trying namenode namenode","logger":"airflow.task.hooks.airflow.providers.apache.hdfs.hooks.webhdfs.WebHDFSHook","filename":"webhdfs.py","lineno":84}
{"timestamp":"2025-12-21T10:25:06.002486Z","level":"info","event":"Instantiated <InsecureClient(url='http://namenode:9870')>.","logger":"hdfs.client","filename":"client.py","lineno":192}
{"timestamp":"2025-12-21T10:25:06.002724Z","level":"info","event":"Fetching status for '/'.","logger":"hdfs.client","filename":"client.py","lineno":320}
{"timestamp":"2025-12-21T10:25:06.012641Z","level":"info","event":"Using namenode namenode for hook","logger":"airflow.task.hooks.airflow.providers.apache.hdfs.hooks.webhdfs.WebHDFSHook","filename":"webhdfs.py","lineno":94}
{"timestamp":"2025-12-21T10:25:06.013008Z","level":"info","event":"Creating directories to '/airflow/data/ohlc/ingest_date=2025-08-30'.","logger":"hdfs.client","filename":"client.py","lineno":1028}
{"timestamp":"2025-12-21T10:25:06.056265Z","level":"info","event":"Trying to connect to namenode:9870","logger":"airflow.task.hooks.airflow.providers.apache.hdfs.hooks.webhdfs.WebHDFSHook","filename":"webhdfs.py","lineno":80}
{"timestamp":"2025-12-21T10:25:06.057092Z","level":"info","event":"Trying namenode namenode","logger":"airflow.task.hooks.airflow.providers.apache.hdfs.hooks.webhdfs.WebHDFSHook","filename":"webhdfs.py","lineno":84}
{"timestamp":"2025-12-21T10:25:06.057717Z","level":"info","event":"Instantiated <InsecureClient(url='http://namenode:9870')>.","logger":"hdfs.client","filename":"client.py","lineno":192}
{"timestamp":"2025-12-21T10:25:06.057861Z","level":"info","event":"Fetching status for '/'.","logger":"hdfs.client","filename":"client.py","lineno":320}
{"timestamp":"2025-12-21T10:25:06.062315Z","level":"info","event":"Using namenode namenode for hook","logger":"airflow.task.hooks.airflow.providers.apache.hdfs.hooks.webhdfs.WebHDFSHook","filename":"webhdfs.py","lineno":94}
{"timestamp":"2025-12-21T10:25:06.062641Z","level":"info","event":"Uploading '/workspace/airflow/data/output.parquet' to '/airflow/data/ohlc/ingest_date=2025-08-30/data.parquet'.","logger":"hdfs.client","filename":"client.py","lineno":551}
{"timestamp":"2025-12-21T10:25:06.062774Z","level":"info","event":"Listing '/airflow/data/ohlc/ingest_date=2025-08-30/data.parquet'.","logger":"hdfs.client","filename":"client.py","lineno":1116}
{"timestamp":"2025-12-21T10:25:06.070688Z","level":"info","event":"Writing to '/airflow/data/ohlc/ingest_date=2025-08-30/data.parquet'.","logger":"hdfs.client","filename":"client.py","lineno":496}
{"timestamp":"2025-12-21T10:25:06.129068Z","level":"info","event":"Done. Returned value was: None","logger":"airflow.task.operators.airflow.providers.standard.operators.python.PythonOperator","filename":"python.py","lineno":215}
{"timestamp":"2025-12-21T10:35:02.490411Z","level":"info","event":"DAG bundles loaded: dags-folder","logger":"airflow.dag_processing.bundles.manager.DagBundlesManager","filename":"manager.py","lineno":179}
{"timestamp":"2025-12-21T10:35:02.491988Z","level":"info","event":"Filling up the DagBag from /workspace/airflow/dags/pull_daily_ohlc_data_into_hdfs.py","logger":"airflow.models.dagbag.DagBag","filename":"dagbag.py","lineno":593}
{"timestamp":"2025-12-21T10:35:08.130043Z","level":"info","event":"Trying to connect to namenode:9870","logger":"airflow.task.hooks.airflow.providers.apache.hdfs.hooks.webhdfs.WebHDFSHook","filename":"webhdfs.py","lineno":80}
{"timestamp":"2025-12-21T10:35:08.131154Z","level":"info","event":"Trying namenode namenode","logger":"airflow.task.hooks.airflow.providers.apache.hdfs.hooks.webhdfs.WebHDFSHook","filename":"webhdfs.py","lineno":84}
{"timestamp":"2025-12-21T10:35:08.132042Z","level":"info","event":"Instantiated <InsecureClient(url='http://namenode:9870')>.","logger":"hdfs.client","filename":"client.py","lineno":192}
{"timestamp":"2025-12-21T10:35:08.132244Z","level":"info","event":"Fetching status for '/'.","logger":"hdfs.client","filename":"client.py","lineno":320}
{"timestamp":"2025-12-21T10:35:08.144371Z","level":"info","event":"Using namenode namenode for hook","logger":"airflow.task.hooks.airflow.providers.apache.hdfs.hooks.webhdfs.WebHDFSHook","filename":"webhdfs.py","lineno":94}
{"timestamp":"2025-12-21T10:35:08.144934Z","level":"info","event":"Creating directories to '/airflow/data/ohlc/ingest_date=2025-08-30'.","logger":"hdfs.client","filename":"client.py","lineno":1028}
{"timestamp":"2025-12-21T10:35:08.179662Z","level":"info","event":"Trying to connect to namenode:9870","logger":"airflow.task.hooks.airflow.providers.apache.hdfs.hooks.webhdfs.WebHDFSHook","filename":"webhdfs.py","lineno":80}
{"timestamp":"2025-12-21T10:35:08.180601Z","level":"info","event":"Trying namenode namenode","logger":"airflow.task.hooks.airflow.providers.apache.hdfs.hooks.webhdfs.WebHDFSHook","filename":"webhdfs.py","lineno":84}
{"timestamp":"2025-12-21T10:35:08.181216Z","level":"info","event":"Instantiated <InsecureClient(url='http://namenode:9870')>.","logger":"hdfs.client","filename":"client.py","lineno":192}
{"timestamp":"2025-12-21T10:35:08.181380Z","level":"info","event":"Fetching status for '/'.","logger":"hdfs.client","filename":"client.py","lineno":320}
{"timestamp":"2025-12-21T10:35:08.187344Z","level":"info","event":"Using namenode namenode for hook","logger":"airflow.task.hooks.airflow.providers.apache.hdfs.hooks.webhdfs.WebHDFSHook","filename":"webhdfs.py","lineno":94}
{"timestamp":"2025-12-21T10:35:08.187789Z","level":"info","event":"Uploading '/workspace/airflow/data/output.parquet' to '/airflow/data/ohlc/ingest_date=2025-08-30/data.parquet'.","logger":"hdfs.client","filename":"client.py","lineno":551}
{"timestamp":"2025-12-21T10:35:08.187965Z","level":"info","event":"Listing '/airflow/data/ohlc/ingest_date=2025-08-30/data.parquet'.","logger":"hdfs.client","filename":"client.py","lineno":1116}
{"timestamp":"2025-12-21T10:35:08.200004Z","level":"info","event":"Writing to '/airflow/data/ohlc/ingest_date=2025-08-30/data.parquet'.","logger":"hdfs.client","filename":"client.py","lineno":496}
{"timestamp":"2025-12-21T10:35:08.286872Z","level":"info","event":"Done. Returned value was: None","logger":"airflow.task.operators.airflow.providers.standard.operators.python.PythonOperator","filename":"python.py","lineno":215}
