{"timestamp":"2025-12-23T09:31:43.949898Z","level":"info","event":"DAG bundles loaded: dags-folder","logger":"airflow.dag_processing.bundles.manager.DagBundlesManager","filename":"manager.py","lineno":179}
{"timestamp":"2025-12-23T09:31:43.952458Z","level":"info","event":"Filling up the DagBag from /workspace/airflow/dags/submit_pyspark_job.py","logger":"airflow.models.dagbag.DagBag","filename":"dagbag.py","lineno":593}
{"timestamp":"2025-12-23T09:31:45.394245Z","level":"info","event":"Spark-Submit cmd: spark-submit --master yarn --jars /workspace/airflow/connector/mssql-jdbc-12.2.0.jre11.jar --name arrow-spark --verbose --deploy-mode cluster /workspace/airflow/spark-jobs/sample.py","logger":"airflow.task.hooks.airflow.providers.apache.spark.hooks.spark_submit.SparkSubmitHook","filename":"spark_submit.py","lineno":474}
{"timestamp":"2025-12-23T09:32:25.772459Z","level":"info","event":"Using properties file: null","logger":"airflow.task.hooks.airflow.providers.apache.spark.hooks.spark_submit.SparkSubmitHook","filename":"spark_submit.py","lineno":644}
{"timestamp":"2025-12-23T09:32:26.017550Z","level":"info","event":"Parsed arguments:","logger":"airflow.task.hooks.airflow.providers.apache.spark.hooks.spark_submit.SparkSubmitHook","filename":"spark_submit.py","lineno":644}
{"timestamp":"2025-12-23T09:32:26.017760Z","level":"info","event":"master                  yarn","logger":"airflow.task.hooks.airflow.providers.apache.spark.hooks.spark_submit.SparkSubmitHook","filename":"spark_submit.py","lineno":644}
{"timestamp":"2025-12-23T09:32:26.017833Z","level":"info","event":"remote                  null","logger":"airflow.task.hooks.airflow.providers.apache.spark.hooks.spark_submit.SparkSubmitHook","filename":"spark_submit.py","lineno":644}
{"timestamp":"2025-12-23T09:32:26.017879Z","level":"info","event":"deployMode              cluster","logger":"airflow.task.hooks.airflow.providers.apache.spark.hooks.spark_submit.SparkSubmitHook","filename":"spark_submit.py","lineno":644}
{"timestamp":"2025-12-23T09:32:26.017922Z","level":"info","event":"executorMemory          null","logger":"airflow.task.hooks.airflow.providers.apache.spark.hooks.spark_submit.SparkSubmitHook","filename":"spark_submit.py","lineno":644}
{"timestamp":"2025-12-23T09:32:26.017963Z","level":"info","event":"executorCores           null","logger":"airflow.task.hooks.airflow.providers.apache.spark.hooks.spark_submit.SparkSubmitHook","filename":"spark_submit.py","lineno":644}
{"timestamp":"2025-12-23T09:32:26.017999Z","level":"info","event":"totalExecutorCores      null","logger":"airflow.task.hooks.airflow.providers.apache.spark.hooks.spark_submit.SparkSubmitHook","filename":"spark_submit.py","lineno":644}
{"timestamp":"2025-12-23T09:32:26.018036Z","level":"info","event":"propertiesFile          null","logger":"airflow.task.hooks.airflow.providers.apache.spark.hooks.spark_submit.SparkSubmitHook","filename":"spark_submit.py","lineno":644}
{"timestamp":"2025-12-23T09:32:26.018077Z","level":"info","event":"driverMemory            null","logger":"airflow.task.hooks.airflow.providers.apache.spark.hooks.spark_submit.SparkSubmitHook","filename":"spark_submit.py","lineno":644}
{"timestamp":"2025-12-23T09:32:26.018118Z","level":"info","event":"driverCores             null","logger":"airflow.task.hooks.airflow.providers.apache.spark.hooks.spark_submit.SparkSubmitHook","filename":"spark_submit.py","lineno":644}
{"timestamp":"2025-12-23T09:32:26.018160Z","level":"info","event":"driverExtraClassPath    null","logger":"airflow.task.hooks.airflow.providers.apache.spark.hooks.spark_submit.SparkSubmitHook","filename":"spark_submit.py","lineno":644}
{"timestamp":"2025-12-23T09:32:26.018206Z","level":"info","event":"driverExtraLibraryPath  null","logger":"airflow.task.hooks.airflow.providers.apache.spark.hooks.spark_submit.SparkSubmitHook","filename":"spark_submit.py","lineno":644}
{"timestamp":"2025-12-23T09:32:26.018255Z","level":"info","event":"driverExtraJavaOptions  null","logger":"airflow.task.hooks.airflow.providers.apache.spark.hooks.spark_submit.SparkSubmitHook","filename":"spark_submit.py","lineno":644}
{"timestamp":"2025-12-23T09:32:26.018297Z","level":"info","event":"supervise               false","logger":"airflow.task.hooks.airflow.providers.apache.spark.hooks.spark_submit.SparkSubmitHook","filename":"spark_submit.py","lineno":644}
{"timestamp":"2025-12-23T09:32:26.018342Z","level":"info","event":"queue                   null","logger":"airflow.task.hooks.airflow.providers.apache.spark.hooks.spark_submit.SparkSubmitHook","filename":"spark_submit.py","lineno":644}
{"timestamp":"2025-12-23T09:32:26.018381Z","level":"info","event":"numExecutors            null","logger":"airflow.task.hooks.airflow.providers.apache.spark.hooks.spark_submit.SparkSubmitHook","filename":"spark_submit.py","lineno":644}
{"timestamp":"2025-12-23T09:32:26.018422Z","level":"info","event":"files                   null","logger":"airflow.task.hooks.airflow.providers.apache.spark.hooks.spark_submit.SparkSubmitHook","filename":"spark_submit.py","lineno":644}
{"timestamp":"2025-12-23T09:32:26.018466Z","level":"info","event":"pyFiles                 null","logger":"airflow.task.hooks.airflow.providers.apache.spark.hooks.spark_submit.SparkSubmitHook","filename":"spark_submit.py","lineno":644}
{"timestamp":"2025-12-23T09:32:26.018507Z","level":"info","event":"archives                null","logger":"airflow.task.hooks.airflow.providers.apache.spark.hooks.spark_submit.SparkSubmitHook","filename":"spark_submit.py","lineno":644}
{"timestamp":"2025-12-23T09:32:26.018547Z","level":"info","event":"mainClass               null","logger":"airflow.task.hooks.airflow.providers.apache.spark.hooks.spark_submit.SparkSubmitHook","filename":"spark_submit.py","lineno":644}
{"timestamp":"2025-12-23T09:32:26.018603Z","level":"info","event":"primaryResource         file:/workspace/airflow/spark-jobs/sample.py","logger":"airflow.task.hooks.airflow.providers.apache.spark.hooks.spark_submit.SparkSubmitHook","filename":"spark_submit.py","lineno":644}
{"timestamp":"2025-12-23T09:32:26.018645Z","level":"info","event":"name                    arrow-spark","logger":"airflow.task.hooks.airflow.providers.apache.spark.hooks.spark_submit.SparkSubmitHook","filename":"spark_submit.py","lineno":644}
{"timestamp":"2025-12-23T09:32:26.018673Z","level":"info","event":"childArgs               []","logger":"airflow.task.hooks.airflow.providers.apache.spark.hooks.spark_submit.SparkSubmitHook","filename":"spark_submit.py","lineno":644}
{"timestamp":"2025-12-23T09:32:26.018713Z","level":"info","event":"jars                    file:/workspace/airflow/connector/mssql-jdbc-12.2.0.jre11.jar","logger":"airflow.task.hooks.airflow.providers.apache.spark.hooks.spark_submit.SparkSubmitHook","filename":"spark_submit.py","lineno":644}
{"timestamp":"2025-12-23T09:32:26.018771Z","level":"info","event":"packages                null","logger":"airflow.task.hooks.airflow.providers.apache.spark.hooks.spark_submit.SparkSubmitHook","filename":"spark_submit.py","lineno":644}
{"timestamp":"2025-12-23T09:32:26.018818Z","level":"info","event":"packagesExclusions      null","logger":"airflow.task.hooks.airflow.providers.apache.spark.hooks.spark_submit.SparkSubmitHook","filename":"spark_submit.py","lineno":644}
{"timestamp":"2025-12-23T09:32:26.018858Z","level":"info","event":"repositories            null","logger":"airflow.task.hooks.airflow.providers.apache.spark.hooks.spark_submit.SparkSubmitHook","filename":"spark_submit.py","lineno":644}
{"timestamp":"2025-12-23T09:32:26.018902Z","level":"info","event":"verbose                 true","logger":"airflow.task.hooks.airflow.providers.apache.spark.hooks.spark_submit.SparkSubmitHook","filename":"spark_submit.py","lineno":644}
{"timestamp":"2025-12-23T09:32:26.018956Z","level":"info","event":"","logger":"airflow.task.hooks.airflow.providers.apache.spark.hooks.spark_submit.SparkSubmitHook","filename":"spark_submit.py","lineno":644}
{"timestamp":"2025-12-23T09:32:26.018992Z","level":"info","event":"Spark properties used, including those specified through","logger":"airflow.task.hooks.airflow.providers.apache.spark.hooks.spark_submit.SparkSubmitHook","filename":"spark_submit.py","lineno":644}
{"timestamp":"2025-12-23T09:32:26.019105Z","level":"info","event":"--conf and those from the properties file null:","logger":"airflow.task.hooks.airflow.providers.apache.spark.hooks.spark_submit.SparkSubmitHook","filename":"spark_submit.py","lineno":644}
{"timestamp":"2025-12-23T09:32:26.019165Z","level":"info","event":"","logger":"airflow.task.hooks.airflow.providers.apache.spark.hooks.spark_submit.SparkSubmitHook","filename":"spark_submit.py","lineno":644}
{"timestamp":"2025-12-23T09:32:26.019213Z","level":"info","event":"","logger":"airflow.task.hooks.airflow.providers.apache.spark.hooks.spark_submit.SparkSubmitHook","filename":"spark_submit.py","lineno":644}
{"timestamp":"2025-12-23T09:32:26.019280Z","level":"info","event":"","logger":"airflow.task.hooks.airflow.providers.apache.spark.hooks.spark_submit.SparkSubmitHook","filename":"spark_submit.py","lineno":644}
{"timestamp":"2025-12-23T09:32:27.213616Z","level":"info","event":"25/12/23 09:32:27 WARN NativeCodeLoader: Unable to load native-hadoop library for your platform... using builtin-java classes where applicable","logger":"airflow.task.hooks.airflow.providers.apache.spark.hooks.spark_submit.SparkSubmitHook","filename":"spark_submit.py","lineno":644}
{"timestamp":"2025-12-23T09:32:27.735660Z","level":"info","event":"Main class:","logger":"airflow.task.hooks.airflow.providers.apache.spark.hooks.spark_submit.SparkSubmitHook","filename":"spark_submit.py","lineno":644}
{"timestamp":"2025-12-23T09:32:27.736234Z","level":"info","event":"org.apache.spark.deploy.yarn.YarnClusterApplication","logger":"airflow.task.hooks.airflow.providers.apache.spark.hooks.spark_submit.SparkSubmitHook","filename":"spark_submit.py","lineno":644}
{"timestamp":"2025-12-23T09:32:27.736860Z","level":"info","event":"Arguments:","logger":"airflow.task.hooks.airflow.providers.apache.spark.hooks.spark_submit.SparkSubmitHook","filename":"spark_submit.py","lineno":644}
{"timestamp":"2025-12-23T09:32:27.736991Z","level":"info","event":"--primary-py-file","logger":"airflow.task.hooks.airflow.providers.apache.spark.hooks.spark_submit.SparkSubmitHook","filename":"spark_submit.py","lineno":644}
{"timestamp":"2025-12-23T09:32:27.737052Z","level":"info","event":"file:/workspace/airflow/spark-jobs/sample.py","logger":"airflow.task.hooks.airflow.providers.apache.spark.hooks.spark_submit.SparkSubmitHook","filename":"spark_submit.py","lineno":644}
{"timestamp":"2025-12-23T09:32:27.737139Z","level":"info","event":"--class","logger":"airflow.task.hooks.airflow.providers.apache.spark.hooks.spark_submit.SparkSubmitHook","filename":"spark_submit.py","lineno":644}
{"timestamp":"2025-12-23T09:32:27.737215Z","level":"info","event":"org.apache.spark.deploy.PythonRunner","logger":"airflow.task.hooks.airflow.providers.apache.spark.hooks.spark_submit.SparkSubmitHook","filename":"spark_submit.py","lineno":644}
{"timestamp":"2025-12-23T09:32:27.745115Z","level":"info","event":"Spark config:","logger":"airflow.task.hooks.airflow.providers.apache.spark.hooks.spark_submit.SparkSubmitHook","filename":"spark_submit.py","lineno":644}
{"timestamp":"2025-12-23T09:32:27.745325Z","level":"info","event":"(spark.app.name,arrow-spark)","logger":"airflow.task.hooks.airflow.providers.apache.spark.hooks.spark_submit.SparkSubmitHook","filename":"spark_submit.py","lineno":644}
{"timestamp":"2025-12-23T09:32:27.745396Z","level":"info","event":"(spark.app.submitTime,1766482347710)","logger":"airflow.task.hooks.airflow.providers.apache.spark.hooks.spark_submit.SparkSubmitHook","filename":"spark_submit.py","lineno":644}
{"timestamp":"2025-12-23T09:32:27.745445Z","level":"info","event":"(spark.master,yarn)","logger":"airflow.task.hooks.airflow.providers.apache.spark.hooks.spark_submit.SparkSubmitHook","filename":"spark_submit.py","lineno":644}
{"timestamp":"2025-12-23T09:32:27.745488Z","level":"info","event":"(spark.submit.deployMode,cluster)","logger":"airflow.task.hooks.airflow.providers.apache.spark.hooks.spark_submit.SparkSubmitHook","filename":"spark_submit.py","lineno":644}
{"timestamp":"2025-12-23T09:32:27.745534Z","level":"info","event":"(spark.submit.pyFiles,)","logger":"airflow.task.hooks.airflow.providers.apache.spark.hooks.spark_submit.SparkSubmitHook","filename":"spark_submit.py","lineno":644}
{"timestamp":"2025-12-23T09:32:27.745573Z","level":"info","event":"(spark.yarn.dist.jars,file:///workspace/airflow/connector/mssql-jdbc-12.2.0.jre11.jar)","logger":"airflow.task.hooks.airflow.providers.apache.spark.hooks.spark_submit.SparkSubmitHook","filename":"spark_submit.py","lineno":644}
{"timestamp":"2025-12-23T09:32:27.745616Z","level":"info","event":"(spark.yarn.isPython,true)","logger":"airflow.task.hooks.airflow.providers.apache.spark.hooks.spark_submit.SparkSubmitHook","filename":"spark_submit.py","lineno":644}
{"timestamp":"2025-12-23T09:32:27.745672Z","level":"info","event":"Classpath elements:","logger":"airflow.task.hooks.airflow.providers.apache.spark.hooks.spark_submit.SparkSubmitHook","filename":"spark_submit.py","lineno":644}
{"timestamp":"2025-12-23T09:32:27.745712Z","level":"info","event":"file:///workspace/airflow/connector/mssql-jdbc-12.2.0.jre11.jar","logger":"airflow.task.hooks.airflow.providers.apache.spark.hooks.spark_submit.SparkSubmitHook","filename":"spark_submit.py","lineno":644}
{"timestamp":"2025-12-23T09:32:27.745972Z","level":"info","event":"","logger":"airflow.task.hooks.airflow.providers.apache.spark.hooks.spark_submit.SparkSubmitHook","filename":"spark_submit.py","lineno":644}
{"timestamp":"2025-12-23T09:32:27.746088Z","level":"info","event":"","logger":"airflow.task.hooks.airflow.providers.apache.spark.hooks.spark_submit.SparkSubmitHook","filename":"spark_submit.py","lineno":644}
{"timestamp":"2025-12-23T09:32:28.052583Z","level":"info","event":"25/12/23 09:32:28 INFO DefaultNoHARMFailoverProxyProvider: Connecting to ResourceManager at namenode/172.18.0.5:8032","logger":"airflow.task.hooks.airflow.providers.apache.spark.hooks.spark_submit.SparkSubmitHook","filename":"spark_submit.py","lineno":644}
{"timestamp":"2025-12-23T09:32:30.344267Z","level":"info","event":"25/12/23 09:32:30 INFO Configuration: resource-types.xml not found","logger":"airflow.task.hooks.airflow.providers.apache.spark.hooks.spark_submit.SparkSubmitHook","filename":"spark_submit.py","lineno":644}
{"timestamp":"2025-12-23T09:32:30.345144Z","level":"info","event":"25/12/23 09:32:30 INFO ResourceUtils: Unable to find 'resource-types.xml'.","logger":"airflow.task.hooks.airflow.providers.apache.spark.hooks.spark_submit.SparkSubmitHook","filename":"spark_submit.py","lineno":644}
{"timestamp":"2025-12-23T09:32:30.395995Z","level":"info","event":"25/12/23 09:32:30 INFO Client: Verifying our application has not requested more than the maximum memory capability of the cluster (8192 MB per container)","logger":"airflow.task.hooks.airflow.providers.apache.spark.hooks.spark_submit.SparkSubmitHook","filename":"spark_submit.py","lineno":644}
{"timestamp":"2025-12-23T09:32:30.398296Z","level":"info","event":"25/12/23 09:32:30 INFO Client: Will allocate AM container, with 1408 MB memory including 384 MB overhead","logger":"airflow.task.hooks.airflow.providers.apache.spark.hooks.spark_submit.SparkSubmitHook","filename":"spark_submit.py","lineno":644}
{"timestamp":"2025-12-23T09:32:30.399014Z","level":"info","event":"25/12/23 09:32:30 INFO Client: Setting up container launch context for our AM","logger":"airflow.task.hooks.airflow.providers.apache.spark.hooks.spark_submit.SparkSubmitHook","filename":"spark_submit.py","lineno":644}
{"timestamp":"2025-12-23T09:32:30.411199Z","level":"info","event":"25/12/23 09:32:30 INFO Client: Setting up the launch environment for our AM container","logger":"airflow.task.hooks.airflow.providers.apache.spark.hooks.spark_submit.SparkSubmitHook","filename":"spark_submit.py","lineno":644}
{"timestamp":"2025-12-23T09:32:30.460149Z","level":"info","event":"25/12/23 09:32:30 INFO Client: Preparing resources for our AM container","logger":"airflow.task.hooks.airflow.providers.apache.spark.hooks.spark_submit.SparkSubmitHook","filename":"spark_submit.py","lineno":644}
{"timestamp":"2025-12-23T09:32:30.558686Z","level":"info","event":"25/12/23 09:32:30 WARN Client: Neither spark.yarn.jars nor spark.yarn.archive is set, falling back to uploading libraries under SPARK_HOME.","logger":"airflow.task.hooks.airflow.providers.apache.spark.hooks.spark_submit.SparkSubmitHook","filename":"spark_submit.py","lineno":644}
{"timestamp":"2025-12-23T09:32:56.235511Z","level":"info","event":"Identified spark application id: application_1766481718038_0001","logger":"airflow.task.hooks.airflow.providers.apache.spark.hooks.spark_submit.SparkSubmitHook","filename":"spark_submit.py","lineno":611}
{"timestamp":"2025-12-23T09:32:56.235738Z","level":"info","event":"25/12/23 09:32:56 INFO Client: Uploading resource file:/tmp/spark-d9d184e9-470d-4ecb-9b83-44929ce39440/__spark_libs__11423555036769960682.zip -> hdfs://namenode:8020/user/root/.sparkStaging/application_1766481718038_0001/__spark_libs__11423555036769960682.zip","logger":"airflow.task.hooks.airflow.providers.apache.spark.hooks.spark_submit.SparkSubmitHook","filename":"spark_submit.py","lineno":644}
{"timestamp":"2025-12-23T09:33:00.151801Z","level":"info","event":"Identified spark application id: application_1766481718038_0001","logger":"airflow.task.hooks.airflow.providers.apache.spark.hooks.spark_submit.SparkSubmitHook","filename":"spark_submit.py","lineno":611}
{"timestamp":"2025-12-23T09:33:00.152503Z","level":"info","event":"25/12/23 09:33:00 INFO Client: Uploading resource file:/workspace/airflow/connector/mssql-jdbc-12.2.0.jre11.jar -> hdfs://namenode:8020/user/root/.sparkStaging/application_1766481718038_0001/mssql-jdbc-12.2.0.jre11.jar","logger":"airflow.task.hooks.airflow.providers.apache.spark.hooks.spark_submit.SparkSubmitHook","filename":"spark_submit.py","lineno":644}
{"timestamp":"2025-12-23T09:33:00.272561Z","level":"info","event":"Identified spark application id: application_1766481718038_0001","logger":"airflow.task.hooks.airflow.providers.apache.spark.hooks.spark_submit.SparkSubmitHook","filename":"spark_submit.py","lineno":611}
{"timestamp":"2025-12-23T09:33:00.272791Z","level":"info","event":"25/12/23 09:33:00 INFO Client: Uploading resource file:/workspace/airflow/spark-jobs/sample.py -> hdfs://namenode:8020/user/root/.sparkStaging/application_1766481718038_0001/sample.py","logger":"airflow.task.hooks.airflow.providers.apache.spark.hooks.spark_submit.SparkSubmitHook","filename":"spark_submit.py","lineno":644}
{"timestamp":"2025-12-23T09:33:00.368076Z","level":"info","event":"Identified spark application id: application_1766481718038_0001","logger":"airflow.task.hooks.airflow.providers.apache.spark.hooks.spark_submit.SparkSubmitHook","filename":"spark_submit.py","lineno":611}
{"timestamp":"2025-12-23T09:33:00.368359Z","level":"info","event":"25/12/23 09:33:00 INFO Client: Uploading resource file:/workspace/airflow/.venv/lib/python3.12/site-packages/pyspark/python/lib/pyspark.zip -> hdfs://namenode:8020/user/root/.sparkStaging/application_1766481718038_0001/pyspark.zip","logger":"airflow.task.hooks.airflow.providers.apache.spark.hooks.spark_submit.SparkSubmitHook","filename":"spark_submit.py","lineno":644}
{"timestamp":"2025-12-23T09:33:00.547218Z","level":"info","event":"Identified spark application id: application_1766481718038_0001","logger":"airflow.task.hooks.airflow.providers.apache.spark.hooks.spark_submit.SparkSubmitHook","filename":"spark_submit.py","lineno":611}
{"timestamp":"2025-12-23T09:33:00.547471Z","level":"info","event":"25/12/23 09:33:00 INFO Client: Uploading resource file:/workspace/airflow/.venv/lib/python3.12/site-packages/pyspark/python/lib/py4j-0.10.9.7-src.zip -> hdfs://namenode:8020/user/root/.sparkStaging/application_1766481718038_0001/py4j-0.10.9.7-src.zip","logger":"airflow.task.hooks.airflow.providers.apache.spark.hooks.spark_submit.SparkSubmitHook","filename":"spark_submit.py","lineno":644}
{"timestamp":"2025-12-23T09:33:01.290767Z","level":"info","event":"Identified spark application id: application_1766481718038_0001","logger":"airflow.task.hooks.airflow.providers.apache.spark.hooks.spark_submit.SparkSubmitHook","filename":"spark_submit.py","lineno":611}
{"timestamp":"2025-12-23T09:33:01.290929Z","level":"info","event":"25/12/23 09:33:01 INFO Client: Uploading resource file:/tmp/spark-d9d184e9-470d-4ecb-9b83-44929ce39440/__spark_conf__16734591289300175555.zip -> hdfs://namenode:8020/user/root/.sparkStaging/application_1766481718038_0001/__spark_conf__.zip","logger":"airflow.task.hooks.airflow.providers.apache.spark.hooks.spark_submit.SparkSubmitHook","filename":"spark_submit.py","lineno":644}
{"timestamp":"2025-12-23T09:33:01.823397Z","level":"info","event":"25/12/23 09:33:01 INFO SecurityManager: Changing view acls to: root","logger":"airflow.task.hooks.airflow.providers.apache.spark.hooks.spark_submit.SparkSubmitHook","filename":"spark_submit.py","lineno":644}
{"timestamp":"2025-12-23T09:33:01.825001Z","level":"info","event":"25/12/23 09:33:01 INFO SecurityManager: Changing modify acls to: root","logger":"airflow.task.hooks.airflow.providers.apache.spark.hooks.spark_submit.SparkSubmitHook","filename":"spark_submit.py","lineno":644}
{"timestamp":"2025-12-23T09:33:01.826214Z","level":"info","event":"25/12/23 09:33:01 INFO SecurityManager: Changing view acls groups to:","logger":"airflow.task.hooks.airflow.providers.apache.spark.hooks.spark_submit.SparkSubmitHook","filename":"spark_submit.py","lineno":644}
{"timestamp":"2025-12-23T09:33:01.826986Z","level":"info","event":"25/12/23 09:33:01 INFO SecurityManager: Changing modify acls groups to:","logger":"airflow.task.hooks.airflow.providers.apache.spark.hooks.spark_submit.SparkSubmitHook","filename":"spark_submit.py","lineno":644}
{"timestamp":"2025-12-23T09:33:01.827668Z","level":"info","event":"25/12/23 09:33:01 INFO SecurityManager: SecurityManager: authentication disabled; ui acls disabled; users with view permissions: root; groups with view permissions: EMPTY; users with modify permissions: root; groups with modify permissions: EMPTY","logger":"airflow.task.hooks.airflow.providers.apache.spark.hooks.spark_submit.SparkSubmitHook","filename":"spark_submit.py","lineno":644}
{"timestamp":"2025-12-23T09:33:01.963746Z","level":"info","event":"Identified spark application id: application_1766481718038_0001","logger":"airflow.task.hooks.airflow.providers.apache.spark.hooks.spark_submit.SparkSubmitHook","filename":"spark_submit.py","lineno":611}
{"timestamp":"2025-12-23T09:33:01.964099Z","level":"info","event":"25/12/23 09:33:01 INFO Client: Submitting application application_1766481718038_0001 to ResourceManager","logger":"airflow.task.hooks.airflow.providers.apache.spark.hooks.spark_submit.SparkSubmitHook","filename":"spark_submit.py","lineno":644}
{"timestamp":"2025-12-23T09:33:02.419370Z","level":"info","event":"Identified spark application id: application_1766481718038_0001","logger":"airflow.task.hooks.airflow.providers.apache.spark.hooks.spark_submit.SparkSubmitHook","filename":"spark_submit.py","lineno":611}
{"timestamp":"2025-12-23T09:33:02.419648Z","level":"info","event":"25/12/23 09:33:02 INFO YarnClientImpl: Submitted application application_1766481718038_0001","logger":"airflow.task.hooks.airflow.providers.apache.spark.hooks.spark_submit.SparkSubmitHook","filename":"spark_submit.py","lineno":644}
{"timestamp":"2025-12-23T09:33:03.426979Z","level":"info","event":"Identified spark application id: application_1766481718038_0001","logger":"airflow.task.hooks.airflow.providers.apache.spark.hooks.spark_submit.SparkSubmitHook","filename":"spark_submit.py","lineno":611}
{"timestamp":"2025-12-23T09:33:03.427168Z","level":"info","event":"25/12/23 09:33:03 INFO Client: Application report for application_1766481718038_0001 (state: ACCEPTED)","logger":"airflow.task.hooks.airflow.providers.apache.spark.hooks.spark_submit.SparkSubmitHook","filename":"spark_submit.py","lineno":644}
{"timestamp":"2025-12-23T09:33:03.434880Z","level":"info","event":"25/12/23 09:33:03 INFO Client:","logger":"airflow.task.hooks.airflow.providers.apache.spark.hooks.spark_submit.SparkSubmitHook","filename":"spark_submit.py","lineno":644}
{"timestamp":"2025-12-23T09:33:03.435063Z","level":"info","event":"client token: N/A","logger":"airflow.task.hooks.airflow.providers.apache.spark.hooks.spark_submit.SparkSubmitHook","filename":"spark_submit.py","lineno":644}
{"timestamp":"2025-12-23T09:33:03.435127Z","level":"info","event":"diagnostics: [Tue Dec 23 09:33:03 +0000 2025] Scheduler has assigned a container for AM, waiting for AM container to be launched","logger":"airflow.task.hooks.airflow.providers.apache.spark.hooks.spark_submit.SparkSubmitHook","filename":"spark_submit.py","lineno":644}
{"timestamp":"2025-12-23T09:33:03.435170Z","level":"info","event":"ApplicationMaster host: N/A","logger":"airflow.task.hooks.airflow.providers.apache.spark.hooks.spark_submit.SparkSubmitHook","filename":"spark_submit.py","lineno":644}
{"timestamp":"2025-12-23T09:33:03.435208Z","level":"info","event":"ApplicationMaster RPC port: -1","logger":"airflow.task.hooks.airflow.providers.apache.spark.hooks.spark_submit.SparkSubmitHook","filename":"spark_submit.py","lineno":644}
{"timestamp":"2025-12-23T09:33:03.435242Z","level":"info","event":"queue: default","logger":"airflow.task.hooks.airflow.providers.apache.spark.hooks.spark_submit.SparkSubmitHook","filename":"spark_submit.py","lineno":644}
{"timestamp":"2025-12-23T09:33:03.435275Z","level":"info","event":"start time: 1766482382181","logger":"airflow.task.hooks.airflow.providers.apache.spark.hooks.spark_submit.SparkSubmitHook","filename":"spark_submit.py","lineno":644}
{"timestamp":"2025-12-23T09:33:03.435318Z","level":"info","event":"final status: UNDEFINED","logger":"airflow.task.hooks.airflow.providers.apache.spark.hooks.spark_submit.SparkSubmitHook","filename":"spark_submit.py","lineno":644}
{"timestamp":"2025-12-23T09:33:03.435377Z","level":"info","event":"Identified spark application id: application_1766481718038_0001","logger":"airflow.task.hooks.airflow.providers.apache.spark.hooks.spark_submit.SparkSubmitHook","filename":"spark_submit.py","lineno":611}
{"timestamp":"2025-12-23T09:33:03.435412Z","level":"info","event":"tracking URL: http://namenode:8088/proxy/application_1766481718038_0001/","logger":"airflow.task.hooks.airflow.providers.apache.spark.hooks.spark_submit.SparkSubmitHook","filename":"spark_submit.py","lineno":644}
{"timestamp":"2025-12-23T09:33:03.435445Z","level":"info","event":"user: root","logger":"airflow.task.hooks.airflow.providers.apache.spark.hooks.spark_submit.SparkSubmitHook","filename":"spark_submit.py","lineno":644}
{"timestamp":"2025-12-23T09:33:21.163306Z","level":"info","event":"Identified spark application id: application_1766481718038_0001","logger":"airflow.task.hooks.airflow.providers.apache.spark.hooks.spark_submit.SparkSubmitHook","filename":"spark_submit.py","lineno":611}
{"timestamp":"2025-12-23T09:33:21.163602Z","level":"info","event":"25/12/23 09:33:21 INFO Client: Application report for application_1766481718038_0001 (state: RUNNING)","logger":"airflow.task.hooks.airflow.providers.apache.spark.hooks.spark_submit.SparkSubmitHook","filename":"spark_submit.py","lineno":644}
{"timestamp":"2025-12-23T09:33:21.163863Z","level":"info","event":"25/12/23 09:33:21 INFO Client:","logger":"airflow.task.hooks.airflow.providers.apache.spark.hooks.spark_submit.SparkSubmitHook","filename":"spark_submit.py","lineno":644}
{"timestamp":"2025-12-23T09:33:21.163957Z","level":"info","event":"client token: N/A","logger":"airflow.task.hooks.airflow.providers.apache.spark.hooks.spark_submit.SparkSubmitHook","filename":"spark_submit.py","lineno":644}
{"timestamp":"2025-12-23T09:33:21.164003Z","level":"info","event":"diagnostics: N/A","logger":"airflow.task.hooks.airflow.providers.apache.spark.hooks.spark_submit.SparkSubmitHook","filename":"spark_submit.py","lineno":644}
{"timestamp":"2025-12-23T09:33:21.164028Z","level":"info","event":"ApplicationMaster host: datanode-nodemanager-2","logger":"airflow.task.hooks.airflow.providers.apache.spark.hooks.spark_submit.SparkSubmitHook","filename":"spark_submit.py","lineno":644}
{"timestamp":"2025-12-23T09:33:21.164052Z","level":"info","event":"ApplicationMaster RPC port: 45539","logger":"airflow.task.hooks.airflow.providers.apache.spark.hooks.spark_submit.SparkSubmitHook","filename":"spark_submit.py","lineno":644}
{"timestamp":"2025-12-23T09:33:21.164094Z","level":"info","event":"queue: default","logger":"airflow.task.hooks.airflow.providers.apache.spark.hooks.spark_submit.SparkSubmitHook","filename":"spark_submit.py","lineno":644}
{"timestamp":"2025-12-23T09:33:21.164138Z","level":"info","event":"start time: 1766482382181","logger":"airflow.task.hooks.airflow.providers.apache.spark.hooks.spark_submit.SparkSubmitHook","filename":"spark_submit.py","lineno":644}
{"timestamp":"2025-12-23T09:33:21.164167Z","level":"info","event":"final status: UNDEFINED","logger":"airflow.task.hooks.airflow.providers.apache.spark.hooks.spark_submit.SparkSubmitHook","filename":"spark_submit.py","lineno":644}
{"timestamp":"2025-12-23T09:33:21.164202Z","level":"info","event":"Identified spark application id: application_1766481718038_0001","logger":"airflow.task.hooks.airflow.providers.apache.spark.hooks.spark_submit.SparkSubmitHook","filename":"spark_submit.py","lineno":611}
{"timestamp":"2025-12-23T09:33:21.164228Z","level":"info","event":"tracking URL: http://namenode:8088/proxy/application_1766481718038_0001/","logger":"airflow.task.hooks.airflow.providers.apache.spark.hooks.spark_submit.SparkSubmitHook","filename":"spark_submit.py","lineno":644}
{"timestamp":"2025-12-23T09:33:21.164254Z","level":"info","event":"user: root","logger":"airflow.task.hooks.airflow.providers.apache.spark.hooks.spark_submit.SparkSubmitHook","filename":"spark_submit.py","lineno":644}
{"timestamp":"2025-12-23T09:33:53.764897Z","level":"info","event":"Identified spark application id: application_1766481718038_0001","logger":"airflow.task.hooks.airflow.providers.apache.spark.hooks.spark_submit.SparkSubmitHook","filename":"spark_submit.py","lineno":611}
{"timestamp":"2025-12-23T09:33:53.765109Z","level":"info","event":"25/12/23 09:33:53 INFO Client: Application report for application_1766481718038_0001 (state: RUNNING)","logger":"airflow.task.hooks.airflow.providers.apache.spark.hooks.spark_submit.SparkSubmitHook","filename":"spark_submit.py","lineno":644}
{"timestamp":"2025-12-23T09:34:05.821961Z","level":"info","event":"Identified spark application id: application_1766481718038_0001","logger":"airflow.task.hooks.airflow.providers.apache.spark.hooks.spark_submit.SparkSubmitHook","filename":"spark_submit.py","lineno":611}
{"timestamp":"2025-12-23T09:34:05.822195Z","level":"info","event":"25/12/23 09:34:05 INFO Client: Application report for application_1766481718038_0001 (state: FINISHED)","logger":"airflow.task.hooks.airflow.providers.apache.spark.hooks.spark_submit.SparkSubmitHook","filename":"spark_submit.py","lineno":644}
{"timestamp":"2025-12-23T09:34:05.823246Z","level":"info","event":"25/12/23 09:34:05 INFO Client:","logger":"airflow.task.hooks.airflow.providers.apache.spark.hooks.spark_submit.SparkSubmitHook","filename":"spark_submit.py","lineno":644}
{"timestamp":"2025-12-23T09:34:05.823365Z","level":"info","event":"client token: N/A","logger":"airflow.task.hooks.airflow.providers.apache.spark.hooks.spark_submit.SparkSubmitHook","filename":"spark_submit.py","lineno":644}
{"timestamp":"2025-12-23T09:34:05.823427Z","level":"info","event":"diagnostics: N/A","logger":"airflow.task.hooks.airflow.providers.apache.spark.hooks.spark_submit.SparkSubmitHook","filename":"spark_submit.py","lineno":644}
{"timestamp":"2025-12-23T09:34:05.823476Z","level":"info","event":"ApplicationMaster host: datanode-nodemanager-2","logger":"airflow.task.hooks.airflow.providers.apache.spark.hooks.spark_submit.SparkSubmitHook","filename":"spark_submit.py","lineno":644}
{"timestamp":"2025-12-23T09:34:05.823518Z","level":"info","event":"ApplicationMaster RPC port: 45539","logger":"airflow.task.hooks.airflow.providers.apache.spark.hooks.spark_submit.SparkSubmitHook","filename":"spark_submit.py","lineno":644}
{"timestamp":"2025-12-23T09:34:05.823545Z","level":"info","event":"queue: default","logger":"airflow.task.hooks.airflow.providers.apache.spark.hooks.spark_submit.SparkSubmitHook","filename":"spark_submit.py","lineno":644}
{"timestamp":"2025-12-23T09:34:05.823568Z","level":"info","event":"start time: 1766482382181","logger":"airflow.task.hooks.airflow.providers.apache.spark.hooks.spark_submit.SparkSubmitHook","filename":"spark_submit.py","lineno":644}
{"timestamp":"2025-12-23T09:34:05.823591Z","level":"info","event":"final status: SUCCEEDED","logger":"airflow.task.hooks.airflow.providers.apache.spark.hooks.spark_submit.SparkSubmitHook","filename":"spark_submit.py","lineno":644}
{"timestamp":"2025-12-23T09:34:05.823623Z","level":"info","event":"Identified spark application id: application_1766481718038_0001","logger":"airflow.task.hooks.airflow.providers.apache.spark.hooks.spark_submit.SparkSubmitHook","filename":"spark_submit.py","lineno":611}
{"timestamp":"2025-12-23T09:34:05.823644Z","level":"info","event":"tracking URL: http://namenode:8088/proxy/application_1766481718038_0001/","logger":"airflow.task.hooks.airflow.providers.apache.spark.hooks.spark_submit.SparkSubmitHook","filename":"spark_submit.py","lineno":644}
{"timestamp":"2025-12-23T09:34:05.823666Z","level":"info","event":"user: root","logger":"airflow.task.hooks.airflow.providers.apache.spark.hooks.spark_submit.SparkSubmitHook","filename":"spark_submit.py","lineno":644}
{"timestamp":"2025-12-23T09:34:05.848979Z","level":"info","event":"25/12/23 09:34:05 INFO ShutdownHookManager: Shutdown hook called","logger":"airflow.task.hooks.airflow.providers.apache.spark.hooks.spark_submit.SparkSubmitHook","filename":"spark_submit.py","lineno":644}
{"timestamp":"2025-12-23T09:34:05.850649Z","level":"info","event":"25/12/23 09:34:05 INFO ShutdownHookManager: Deleting directory /tmp/spark-d9d184e9-470d-4ecb-9b83-44929ce39440","logger":"airflow.task.hooks.airflow.providers.apache.spark.hooks.spark_submit.SparkSubmitHook","filename":"spark_submit.py","lineno":644}
{"timestamp":"2025-12-23T09:34:05.863814Z","level":"info","event":"25/12/23 09:34:05 INFO ShutdownHookManager: Deleting directory /tmp/spark-b2654e01-d5b9-4f58-b9c2-77059d32ff3a","logger":"airflow.task.hooks.airflow.providers.apache.spark.hooks.spark_submit.SparkSubmitHook","filename":"spark_submit.py","lineno":644}
