{"timestamp":"2025-12-17T14:49:39.074781Z","level":"info","event":"DAG bundles loaded: dags-folder","logger":"airflow.dag_processing.bundles.manager.DagBundlesManager","filename":"manager.py","lineno":179}
{"timestamp":"2025-12-17T14:49:39.076199Z","level":"info","event":"Filling up the DagBag from /workspace/airflow/dags/update_dim_time.py","logger":"airflow.models.dagbag.DagBag","filename":"dagbag.py","lineno":593}
{"timestamp":"2025-12-17T14:49:39.747993Z","level":"info","event":"Spark-Submit cmd: spark-submit --master yarn --jars /workspace/airflow/connector/mssql-jdbc-12.2.0.jre11.jar --name arrow-spark --verbose --deploy-mode cluster /workspace/airflow/spark-jobs/insert_data_to_stg_dim_time.py 2025-04-28 2025-05-05","logger":"airflow.task.hooks.airflow.providers.apache.spark.hooks.spark_submit.SparkSubmitHook","filename":"spark_submit.py","lineno":474}
{"timestamp":"2025-12-17T14:49:49.443290Z","level":"info","event":"Using properties file: null","logger":"airflow.task.hooks.airflow.providers.apache.spark.hooks.spark_submit.SparkSubmitHook","filename":"spark_submit.py","lineno":644}
{"timestamp":"2025-12-17T14:49:49.731553Z","level":"info","event":"Parsed arguments:","logger":"airflow.task.hooks.airflow.providers.apache.spark.hooks.spark_submit.SparkSubmitHook","filename":"spark_submit.py","lineno":644}
{"timestamp":"2025-12-17T14:49:49.731823Z","level":"info","event":"master                  yarn","logger":"airflow.task.hooks.airflow.providers.apache.spark.hooks.spark_submit.SparkSubmitHook","filename":"spark_submit.py","lineno":644}
{"timestamp":"2025-12-17T14:49:49.731913Z","level":"info","event":"remote                  null","logger":"airflow.task.hooks.airflow.providers.apache.spark.hooks.spark_submit.SparkSubmitHook","filename":"spark_submit.py","lineno":644}
{"timestamp":"2025-12-17T14:49:49.731962Z","level":"info","event":"deployMode              cluster","logger":"airflow.task.hooks.airflow.providers.apache.spark.hooks.spark_submit.SparkSubmitHook","filename":"spark_submit.py","lineno":644}
{"timestamp":"2025-12-17T14:49:49.732007Z","level":"info","event":"executorMemory          null","logger":"airflow.task.hooks.airflow.providers.apache.spark.hooks.spark_submit.SparkSubmitHook","filename":"spark_submit.py","lineno":644}
{"timestamp":"2025-12-17T14:49:49.732049Z","level":"info","event":"executorCores           null","logger":"airflow.task.hooks.airflow.providers.apache.spark.hooks.spark_submit.SparkSubmitHook","filename":"spark_submit.py","lineno":644}
{"timestamp":"2025-12-17T14:49:49.732095Z","level":"info","event":"totalExecutorCores      null","logger":"airflow.task.hooks.airflow.providers.apache.spark.hooks.spark_submit.SparkSubmitHook","filename":"spark_submit.py","lineno":644}
{"timestamp":"2025-12-17T14:49:49.732139Z","level":"info","event":"propertiesFile          null","logger":"airflow.task.hooks.airflow.providers.apache.spark.hooks.spark_submit.SparkSubmitHook","filename":"spark_submit.py","lineno":644}
{"timestamp":"2025-12-17T14:49:49.732187Z","level":"info","event":"driverMemory            null","logger":"airflow.task.hooks.airflow.providers.apache.spark.hooks.spark_submit.SparkSubmitHook","filename":"spark_submit.py","lineno":644}
{"timestamp":"2025-12-17T14:49:49.732235Z","level":"info","event":"driverCores             null","logger":"airflow.task.hooks.airflow.providers.apache.spark.hooks.spark_submit.SparkSubmitHook","filename":"spark_submit.py","lineno":644}
{"timestamp":"2025-12-17T14:49:49.732288Z","level":"info","event":"driverExtraClassPath    null","logger":"airflow.task.hooks.airflow.providers.apache.spark.hooks.spark_submit.SparkSubmitHook","filename":"spark_submit.py","lineno":644}
{"timestamp":"2025-12-17T14:49:49.732350Z","level":"info","event":"driverExtraLibraryPath  null","logger":"airflow.task.hooks.airflow.providers.apache.spark.hooks.spark_submit.SparkSubmitHook","filename":"spark_submit.py","lineno":644}
{"timestamp":"2025-12-17T14:49:49.732407Z","level":"info","event":"driverExtraJavaOptions  null","logger":"airflow.task.hooks.airflow.providers.apache.spark.hooks.spark_submit.SparkSubmitHook","filename":"spark_submit.py","lineno":644}
{"timestamp":"2025-12-17T14:49:49.732518Z","level":"info","event":"supervise               false","logger":"airflow.task.hooks.airflow.providers.apache.spark.hooks.spark_submit.SparkSubmitHook","filename":"spark_submit.py","lineno":644}
{"timestamp":"2025-12-17T14:49:49.732570Z","level":"info","event":"queue                   null","logger":"airflow.task.hooks.airflow.providers.apache.spark.hooks.spark_submit.SparkSubmitHook","filename":"spark_submit.py","lineno":644}
{"timestamp":"2025-12-17T14:49:49.732618Z","level":"info","event":"numExecutors            null","logger":"airflow.task.hooks.airflow.providers.apache.spark.hooks.spark_submit.SparkSubmitHook","filename":"spark_submit.py","lineno":644}
{"timestamp":"2025-12-17T14:49:49.732661Z","level":"info","event":"files                   null","logger":"airflow.task.hooks.airflow.providers.apache.spark.hooks.spark_submit.SparkSubmitHook","filename":"spark_submit.py","lineno":644}
{"timestamp":"2025-12-17T14:49:49.732706Z","level":"info","event":"pyFiles                 null","logger":"airflow.task.hooks.airflow.providers.apache.spark.hooks.spark_submit.SparkSubmitHook","filename":"spark_submit.py","lineno":644}
{"timestamp":"2025-12-17T14:49:49.732751Z","level":"info","event":"archives                null","logger":"airflow.task.hooks.airflow.providers.apache.spark.hooks.spark_submit.SparkSubmitHook","filename":"spark_submit.py","lineno":644}
{"timestamp":"2025-12-17T14:49:49.732793Z","level":"info","event":"mainClass               null","logger":"airflow.task.hooks.airflow.providers.apache.spark.hooks.spark_submit.SparkSubmitHook","filename":"spark_submit.py","lineno":644}
{"timestamp":"2025-12-17T14:49:49.732838Z","level":"info","event":"primaryResource         file:/workspace/airflow/spark-jobs/insert_data_to_stg_dim_time.py","logger":"airflow.task.hooks.airflow.providers.apache.spark.hooks.spark_submit.SparkSubmitHook","filename":"spark_submit.py","lineno":644}
{"timestamp":"2025-12-17T14:49:49.732875Z","level":"info","event":"name                    arrow-spark","logger":"airflow.task.hooks.airflow.providers.apache.spark.hooks.spark_submit.SparkSubmitHook","filename":"spark_submit.py","lineno":644}
{"timestamp":"2025-12-17T14:49:49.732910Z","level":"info","event":"childArgs               [2025-04-28 2025-05-05]","logger":"airflow.task.hooks.airflow.providers.apache.spark.hooks.spark_submit.SparkSubmitHook","filename":"spark_submit.py","lineno":644}
{"timestamp":"2025-12-17T14:49:49.732960Z","level":"info","event":"jars                    file:/workspace/airflow/connector/mssql-jdbc-12.2.0.jre11.jar","logger":"airflow.task.hooks.airflow.providers.apache.spark.hooks.spark_submit.SparkSubmitHook","filename":"spark_submit.py","lineno":644}
{"timestamp":"2025-12-17T14:49:49.732992Z","level":"info","event":"packages                null","logger":"airflow.task.hooks.airflow.providers.apache.spark.hooks.spark_submit.SparkSubmitHook","filename":"spark_submit.py","lineno":644}
{"timestamp":"2025-12-17T14:49:49.733027Z","level":"info","event":"packagesExclusions      null","logger":"airflow.task.hooks.airflow.providers.apache.spark.hooks.spark_submit.SparkSubmitHook","filename":"spark_submit.py","lineno":644}
{"timestamp":"2025-12-17T14:49:49.733062Z","level":"info","event":"repositories            null","logger":"airflow.task.hooks.airflow.providers.apache.spark.hooks.spark_submit.SparkSubmitHook","filename":"spark_submit.py","lineno":644}
{"timestamp":"2025-12-17T14:49:49.733098Z","level":"info","event":"verbose                 true","logger":"airflow.task.hooks.airflow.providers.apache.spark.hooks.spark_submit.SparkSubmitHook","filename":"spark_submit.py","lineno":644}
{"timestamp":"2025-12-17T14:49:49.733136Z","level":"info","event":"","logger":"airflow.task.hooks.airflow.providers.apache.spark.hooks.spark_submit.SparkSubmitHook","filename":"spark_submit.py","lineno":644}
{"timestamp":"2025-12-17T14:49:49.733189Z","level":"info","event":"Spark properties used, including those specified through","logger":"airflow.task.hooks.airflow.providers.apache.spark.hooks.spark_submit.SparkSubmitHook","filename":"spark_submit.py","lineno":644}
{"timestamp":"2025-12-17T14:49:49.733241Z","level":"info","event":"--conf and those from the properties file null:","logger":"airflow.task.hooks.airflow.providers.apache.spark.hooks.spark_submit.SparkSubmitHook","filename":"spark_submit.py","lineno":644}
{"timestamp":"2025-12-17T14:49:49.733293Z","level":"info","event":"","logger":"airflow.task.hooks.airflow.providers.apache.spark.hooks.spark_submit.SparkSubmitHook","filename":"spark_submit.py","lineno":644}
{"timestamp":"2025-12-17T14:49:49.733340Z","level":"info","event":"","logger":"airflow.task.hooks.airflow.providers.apache.spark.hooks.spark_submit.SparkSubmitHook","filename":"spark_submit.py","lineno":644}
{"timestamp":"2025-12-17T14:49:49.733378Z","level":"info","event":"","logger":"airflow.task.hooks.airflow.providers.apache.spark.hooks.spark_submit.SparkSubmitHook","filename":"spark_submit.py","lineno":644}
{"timestamp":"2025-12-17T14:49:50.870402Z","level":"info","event":"25/12/17 14:49:50 WARN NativeCodeLoader: Unable to load native-hadoop library for your platform... using builtin-java classes where applicable","logger":"airflow.task.hooks.airflow.providers.apache.spark.hooks.spark_submit.SparkSubmitHook","filename":"spark_submit.py","lineno":644}
{"timestamp":"2025-12-17T14:49:51.496797Z","level":"info","event":"Main class:","logger":"airflow.task.hooks.airflow.providers.apache.spark.hooks.spark_submit.SparkSubmitHook","filename":"spark_submit.py","lineno":644}
{"timestamp":"2025-12-17T14:49:51.497085Z","level":"info","event":"org.apache.spark.deploy.yarn.YarnClusterApplication","logger":"airflow.task.hooks.airflow.providers.apache.spark.hooks.spark_submit.SparkSubmitHook","filename":"spark_submit.py","lineno":644}
{"timestamp":"2025-12-17T14:49:51.497598Z","level":"info","event":"Arguments:","logger":"airflow.task.hooks.airflow.providers.apache.spark.hooks.spark_submit.SparkSubmitHook","filename":"spark_submit.py","lineno":644}
{"timestamp":"2025-12-17T14:49:51.497741Z","level":"info","event":"--primary-py-file","logger":"airflow.task.hooks.airflow.providers.apache.spark.hooks.spark_submit.SparkSubmitHook","filename":"spark_submit.py","lineno":644}
{"timestamp":"2025-12-17T14:49:51.497818Z","level":"info","event":"file:/workspace/airflow/spark-jobs/insert_data_to_stg_dim_time.py","logger":"airflow.task.hooks.airflow.providers.apache.spark.hooks.spark_submit.SparkSubmitHook","filename":"spark_submit.py","lineno":644}
{"timestamp":"2025-12-17T14:49:51.497926Z","level":"info","event":"--class","logger":"airflow.task.hooks.airflow.providers.apache.spark.hooks.spark_submit.SparkSubmitHook","filename":"spark_submit.py","lineno":644}
{"timestamp":"2025-12-17T14:49:51.497997Z","level":"info","event":"org.apache.spark.deploy.PythonRunner","logger":"airflow.task.hooks.airflow.providers.apache.spark.hooks.spark_submit.SparkSubmitHook","filename":"spark_submit.py","lineno":644}
{"timestamp":"2025-12-17T14:49:51.498058Z","level":"info","event":"--arg","logger":"airflow.task.hooks.airflow.providers.apache.spark.hooks.spark_submit.SparkSubmitHook","filename":"spark_submit.py","lineno":644}
{"timestamp":"2025-12-17T14:49:51.498119Z","level":"info","event":"2025-04-28","logger":"airflow.task.hooks.airflow.providers.apache.spark.hooks.spark_submit.SparkSubmitHook","filename":"spark_submit.py","lineno":644}
{"timestamp":"2025-12-17T14:49:51.498171Z","level":"info","event":"--arg","logger":"airflow.task.hooks.airflow.providers.apache.spark.hooks.spark_submit.SparkSubmitHook","filename":"spark_submit.py","lineno":644}
{"timestamp":"2025-12-17T14:49:51.498233Z","level":"info","event":"2025-05-05","logger":"airflow.task.hooks.airflow.providers.apache.spark.hooks.spark_submit.SparkSubmitHook","filename":"spark_submit.py","lineno":644}
{"timestamp":"2025-12-17T14:49:51.509309Z","level":"info","event":"Spark config:","logger":"airflow.task.hooks.airflow.providers.apache.spark.hooks.spark_submit.SparkSubmitHook","filename":"spark_submit.py","lineno":644}
{"timestamp":"2025-12-17T14:49:51.509543Z","level":"info","event":"(spark.app.name,arrow-spark)","logger":"airflow.task.hooks.airflow.providers.apache.spark.hooks.spark_submit.SparkSubmitHook","filename":"spark_submit.py","lineno":644}
{"timestamp":"2025-12-17T14:49:51.509631Z","level":"info","event":"(spark.app.submitTime,1765982991451)","logger":"airflow.task.hooks.airflow.providers.apache.spark.hooks.spark_submit.SparkSubmitHook","filename":"spark_submit.py","lineno":644}
{"timestamp":"2025-12-17T14:49:51.509695Z","level":"info","event":"(spark.master,yarn)","logger":"airflow.task.hooks.airflow.providers.apache.spark.hooks.spark_submit.SparkSubmitHook","filename":"spark_submit.py","lineno":644}
{"timestamp":"2025-12-17T14:49:51.509753Z","level":"info","event":"(spark.submit.deployMode,cluster)","logger":"airflow.task.hooks.airflow.providers.apache.spark.hooks.spark_submit.SparkSubmitHook","filename":"spark_submit.py","lineno":644}
{"timestamp":"2025-12-17T14:49:51.509805Z","level":"info","event":"(spark.submit.pyFiles,)","logger":"airflow.task.hooks.airflow.providers.apache.spark.hooks.spark_submit.SparkSubmitHook","filename":"spark_submit.py","lineno":644}
{"timestamp":"2025-12-17T14:49:51.509859Z","level":"info","event":"(spark.yarn.dist.jars,file:///workspace/airflow/connector/mssql-jdbc-12.2.0.jre11.jar)","logger":"airflow.task.hooks.airflow.providers.apache.spark.hooks.spark_submit.SparkSubmitHook","filename":"spark_submit.py","lineno":644}
{"timestamp":"2025-12-17T14:49:51.509909Z","level":"info","event":"(spark.yarn.isPython,true)","logger":"airflow.task.hooks.airflow.providers.apache.spark.hooks.spark_submit.SparkSubmitHook","filename":"spark_submit.py","lineno":644}
{"timestamp":"2025-12-17T14:49:51.509955Z","level":"info","event":"Classpath elements:","logger":"airflow.task.hooks.airflow.providers.apache.spark.hooks.spark_submit.SparkSubmitHook","filename":"spark_submit.py","lineno":644}
{"timestamp":"2025-12-17T14:49:51.509986Z","level":"info","event":"file:///workspace/airflow/connector/mssql-jdbc-12.2.0.jre11.jar","logger":"airflow.task.hooks.airflow.providers.apache.spark.hooks.spark_submit.SparkSubmitHook","filename":"spark_submit.py","lineno":644}
{"timestamp":"2025-12-17T14:49:51.510225Z","level":"info","event":"","logger":"airflow.task.hooks.airflow.providers.apache.spark.hooks.spark_submit.SparkSubmitHook","filename":"spark_submit.py","lineno":644}
{"timestamp":"2025-12-17T14:49:51.510325Z","level":"info","event":"","logger":"airflow.task.hooks.airflow.providers.apache.spark.hooks.spark_submit.SparkSubmitHook","filename":"spark_submit.py","lineno":644}
{"timestamp":"2025-12-17T14:49:51.757142Z","level":"info","event":"25/12/17 14:49:51 INFO DefaultNoHARMFailoverProxyProvider: Connecting to ResourceManager at namenode/172.18.0.5:8032","logger":"airflow.task.hooks.airflow.providers.apache.spark.hooks.spark_submit.SparkSubmitHook","filename":"spark_submit.py","lineno":644}
{"timestamp":"2025-12-17T14:49:53.493544Z","level":"info","event":"25/12/17 14:49:53 INFO Configuration: resource-types.xml not found","logger":"airflow.task.hooks.airflow.providers.apache.spark.hooks.spark_submit.SparkSubmitHook","filename":"spark_submit.py","lineno":644}
{"timestamp":"2025-12-17T14:49:53.494041Z","level":"info","event":"25/12/17 14:49:53 INFO ResourceUtils: Unable to find 'resource-types.xml'.","logger":"airflow.task.hooks.airflow.providers.apache.spark.hooks.spark_submit.SparkSubmitHook","filename":"spark_submit.py","lineno":644}
{"timestamp":"2025-12-17T14:49:53.520883Z","level":"info","event":"25/12/17 14:49:53 INFO Client: Verifying our application has not requested more than the maximum memory capability of the cluster (8192 MB per container)","logger":"airflow.task.hooks.airflow.providers.apache.spark.hooks.spark_submit.SparkSubmitHook","filename":"spark_submit.py","lineno":644}
{"timestamp":"2025-12-17T14:49:53.521794Z","level":"info","event":"25/12/17 14:49:53 INFO Client: Will allocate AM container, with 1408 MB memory including 384 MB overhead","logger":"airflow.task.hooks.airflow.providers.apache.spark.hooks.spark_submit.SparkSubmitHook","filename":"spark_submit.py","lineno":644}
{"timestamp":"2025-12-17T14:49:53.522169Z","level":"info","event":"25/12/17 14:49:53 INFO Client: Setting up container launch context for our AM","logger":"airflow.task.hooks.airflow.providers.apache.spark.hooks.spark_submit.SparkSubmitHook","filename":"spark_submit.py","lineno":644}
{"timestamp":"2025-12-17T14:49:53.538840Z","level":"info","event":"25/12/17 14:49:53 INFO Client: Setting up the launch environment for our AM container","logger":"airflow.task.hooks.airflow.providers.apache.spark.hooks.spark_submit.SparkSubmitHook","filename":"spark_submit.py","lineno":644}
{"timestamp":"2025-12-17T14:49:53.562711Z","level":"info","event":"25/12/17 14:49:53 INFO Client: Preparing resources for our AM container","logger":"airflow.task.hooks.airflow.providers.apache.spark.hooks.spark_submit.SparkSubmitHook","filename":"spark_submit.py","lineno":644}
{"timestamp":"2025-12-17T14:49:53.633531Z","level":"info","event":"25/12/17 14:49:53 WARN Client: Neither spark.yarn.jars nor spark.yarn.archive is set, falling back to uploading libraries under SPARK_HOME.","logger":"airflow.task.hooks.airflow.providers.apache.spark.hooks.spark_submit.SparkSubmitHook","filename":"spark_submit.py","lineno":644}
{"timestamp":"2025-12-17T14:50:17.798757Z","level":"info","event":"Identified spark application id: application_1765975589059_0025","logger":"airflow.task.hooks.airflow.providers.apache.spark.hooks.spark_submit.SparkSubmitHook","filename":"spark_submit.py","lineno":611}
{"timestamp":"2025-12-17T14:50:17.800165Z","level":"info","event":"25/12/17 14:50:17 INFO Client: Uploading resource file:/tmp/spark-a893e710-054e-4a14-9665-48305f74b480/__spark_libs__8112998865099707454.zip -> hdfs://namenode:8020/user/root/.sparkStaging/application_1765975589059_0025/__spark_libs__8112998865099707454.zip","logger":"airflow.task.hooks.airflow.providers.apache.spark.hooks.spark_submit.SparkSubmitHook","filename":"spark_submit.py","lineno":644}
{"timestamp":"2025-12-17T14:50:20.779612Z","level":"info","event":"Identified spark application id: application_1765975589059_0025","logger":"airflow.task.hooks.airflow.providers.apache.spark.hooks.spark_submit.SparkSubmitHook","filename":"spark_submit.py","lineno":611}
{"timestamp":"2025-12-17T14:50:20.779851Z","level":"info","event":"25/12/17 14:50:20 INFO Client: Uploading resource file:/workspace/airflow/connector/mssql-jdbc-12.2.0.jre11.jar -> hdfs://namenode:8020/user/root/.sparkStaging/application_1765975589059_0025/mssql-jdbc-12.2.0.jre11.jar","logger":"airflow.task.hooks.airflow.providers.apache.spark.hooks.spark_submit.SparkSubmitHook","filename":"spark_submit.py","lineno":644}
{"timestamp":"2025-12-17T14:50:20.858555Z","level":"info","event":"Identified spark application id: application_1765975589059_0025","logger":"airflow.task.hooks.airflow.providers.apache.spark.hooks.spark_submit.SparkSubmitHook","filename":"spark_submit.py","lineno":611}
{"timestamp":"2025-12-17T14:50:20.858767Z","level":"info","event":"25/12/17 14:50:20 INFO Client: Uploading resource file:/workspace/airflow/spark-jobs/insert_data_to_stg_dim_time.py -> hdfs://namenode:8020/user/root/.sparkStaging/application_1765975589059_0025/insert_data_to_stg_dim_time.py","logger":"airflow.task.hooks.airflow.providers.apache.spark.hooks.spark_submit.SparkSubmitHook","filename":"spark_submit.py","lineno":644}
{"timestamp":"2025-12-17T14:50:21.016659Z","level":"info","event":"Identified spark application id: application_1765975589059_0025","logger":"airflow.task.hooks.airflow.providers.apache.spark.hooks.spark_submit.SparkSubmitHook","filename":"spark_submit.py","lineno":611}
{"timestamp":"2025-12-17T14:50:21.017019Z","level":"info","event":"25/12/17 14:50:21 INFO Client: Uploading resource file:/workspace/airflow/.venv/lib/python3.12/site-packages/pyspark/python/lib/pyspark.zip -> hdfs://namenode:8020/user/root/.sparkStaging/application_1765975589059_0025/pyspark.zip","logger":"airflow.task.hooks.airflow.providers.apache.spark.hooks.spark_submit.SparkSubmitHook","filename":"spark_submit.py","lineno":644}
{"timestamp":"2025-12-17T14:50:21.185128Z","level":"info","event":"Identified spark application id: application_1765975589059_0025","logger":"airflow.task.hooks.airflow.providers.apache.spark.hooks.spark_submit.SparkSubmitHook","filename":"spark_submit.py","lineno":611}
{"timestamp":"2025-12-17T14:50:21.185367Z","level":"info","event":"25/12/17 14:50:21 INFO Client: Uploading resource file:/workspace/airflow/.venv/lib/python3.12/site-packages/pyspark/python/lib/py4j-0.10.9.7-src.zip -> hdfs://namenode:8020/user/root/.sparkStaging/application_1765975589059_0025/py4j-0.10.9.7-src.zip","logger":"airflow.task.hooks.airflow.providers.apache.spark.hooks.spark_submit.SparkSubmitHook","filename":"spark_submit.py","lineno":644}
{"timestamp":"2025-12-17T14:50:21.853503Z","level":"info","event":"Identified spark application id: application_1765975589059_0025","logger":"airflow.task.hooks.airflow.providers.apache.spark.hooks.spark_submit.SparkSubmitHook","filename":"spark_submit.py","lineno":611}
{"timestamp":"2025-12-17T14:50:21.853707Z","level":"info","event":"25/12/17 14:50:21 INFO Client: Uploading resource file:/tmp/spark-a893e710-054e-4a14-9665-48305f74b480/__spark_conf__7137943755429073247.zip -> hdfs://namenode:8020/user/root/.sparkStaging/application_1765975589059_0025/__spark_conf__.zip","logger":"airflow.task.hooks.airflow.providers.apache.spark.hooks.spark_submit.SparkSubmitHook","filename":"spark_submit.py","lineno":644}
{"timestamp":"2025-12-17T14:50:22.425168Z","level":"info","event":"25/12/17 14:50:22 INFO SecurityManager: Changing view acls to: root","logger":"airflow.task.hooks.airflow.providers.apache.spark.hooks.spark_submit.SparkSubmitHook","filename":"spark_submit.py","lineno":644}
{"timestamp":"2025-12-17T14:50:22.426605Z","level":"info","event":"25/12/17 14:50:22 INFO SecurityManager: Changing modify acls to: root","logger":"airflow.task.hooks.airflow.providers.apache.spark.hooks.spark_submit.SparkSubmitHook","filename":"spark_submit.py","lineno":644}
{"timestamp":"2025-12-17T14:50:22.427767Z","level":"info","event":"25/12/17 14:50:22 INFO SecurityManager: Changing view acls groups to:","logger":"airflow.task.hooks.airflow.providers.apache.spark.hooks.spark_submit.SparkSubmitHook","filename":"spark_submit.py","lineno":644}
{"timestamp":"2025-12-17T14:50:22.429018Z","level":"info","event":"25/12/17 14:50:22 INFO SecurityManager: Changing modify acls groups to:","logger":"airflow.task.hooks.airflow.providers.apache.spark.hooks.spark_submit.SparkSubmitHook","filename":"spark_submit.py","lineno":644}
{"timestamp":"2025-12-17T14:50:22.429965Z","level":"info","event":"25/12/17 14:50:22 INFO SecurityManager: SecurityManager: authentication disabled; ui acls disabled; users with view permissions: root; groups with view permissions: EMPTY; users with modify permissions: root; groups with modify permissions: EMPTY","logger":"airflow.task.hooks.airflow.providers.apache.spark.hooks.spark_submit.SparkSubmitHook","filename":"spark_submit.py","lineno":644}
{"timestamp":"2025-12-17T14:50:22.673843Z","level":"info","event":"Identified spark application id: application_1765975589059_0025","logger":"airflow.task.hooks.airflow.providers.apache.spark.hooks.spark_submit.SparkSubmitHook","filename":"spark_submit.py","lineno":611}
{"timestamp":"2025-12-17T14:50:22.674127Z","level":"info","event":"25/12/17 14:50:22 INFO Client: Submitting application application_1765975589059_0025 to ResourceManager","logger":"airflow.task.hooks.airflow.providers.apache.spark.hooks.spark_submit.SparkSubmitHook","filename":"spark_submit.py","lineno":644}
{"timestamp":"2025-12-17T14:50:22.822249Z","level":"info","event":"Identified spark application id: application_1765975589059_0025","logger":"airflow.task.hooks.airflow.providers.apache.spark.hooks.spark_submit.SparkSubmitHook","filename":"spark_submit.py","lineno":611}
{"timestamp":"2025-12-17T14:50:22.822447Z","level":"info","event":"25/12/17 14:50:22 INFO YarnClientImpl: Submitted application application_1765975589059_0025","logger":"airflow.task.hooks.airflow.providers.apache.spark.hooks.spark_submit.SparkSubmitHook","filename":"spark_submit.py","lineno":644}
{"timestamp":"2025-12-17T14:50:23.829194Z","level":"info","event":"Identified spark application id: application_1765975589059_0025","logger":"airflow.task.hooks.airflow.providers.apache.spark.hooks.spark_submit.SparkSubmitHook","filename":"spark_submit.py","lineno":611}
{"timestamp":"2025-12-17T14:50:23.829473Z","level":"info","event":"25/12/17 14:50:23 INFO Client: Application report for application_1765975589059_0025 (state: ACCEPTED)","logger":"airflow.task.hooks.airflow.providers.apache.spark.hooks.spark_submit.SparkSubmitHook","filename":"spark_submit.py","lineno":644}
{"timestamp":"2025-12-17T14:50:23.837781Z","level":"info","event":"25/12/17 14:50:23 INFO Client:","logger":"airflow.task.hooks.airflow.providers.apache.spark.hooks.spark_submit.SparkSubmitHook","filename":"spark_submit.py","lineno":644}
{"timestamp":"2025-12-17T14:50:23.838127Z","level":"info","event":"client token: N/A","logger":"airflow.task.hooks.airflow.providers.apache.spark.hooks.spark_submit.SparkSubmitHook","filename":"spark_submit.py","lineno":644}
{"timestamp":"2025-12-17T14:50:23.838239Z","level":"info","event":"diagnostics: AM container is launched, waiting for AM container to Register with RM","logger":"airflow.task.hooks.airflow.providers.apache.spark.hooks.spark_submit.SparkSubmitHook","filename":"spark_submit.py","lineno":644}
{"timestamp":"2025-12-17T14:50:23.838302Z","level":"info","event":"ApplicationMaster host: N/A","logger":"airflow.task.hooks.airflow.providers.apache.spark.hooks.spark_submit.SparkSubmitHook","filename":"spark_submit.py","lineno":644}
{"timestamp":"2025-12-17T14:50:23.838359Z","level":"info","event":"ApplicationMaster RPC port: -1","logger":"airflow.task.hooks.airflow.providers.apache.spark.hooks.spark_submit.SparkSubmitHook","filename":"spark_submit.py","lineno":644}
{"timestamp":"2025-12-17T14:50:23.838503Z","level":"info","event":"queue: default","logger":"airflow.task.hooks.airflow.providers.apache.spark.hooks.spark_submit.SparkSubmitHook","filename":"spark_submit.py","lineno":644}
{"timestamp":"2025-12-17T14:50:23.838728Z","level":"info","event":"start time: 1765983022731","logger":"airflow.task.hooks.airflow.providers.apache.spark.hooks.spark_submit.SparkSubmitHook","filename":"spark_submit.py","lineno":644}
{"timestamp":"2025-12-17T14:50:23.838792Z","level":"info","event":"final status: UNDEFINED","logger":"airflow.task.hooks.airflow.providers.apache.spark.hooks.spark_submit.SparkSubmitHook","filename":"spark_submit.py","lineno":644}
{"timestamp":"2025-12-17T14:50:23.838892Z","level":"info","event":"Identified spark application id: application_1765975589059_0025","logger":"airflow.task.hooks.airflow.providers.apache.spark.hooks.spark_submit.SparkSubmitHook","filename":"spark_submit.py","lineno":611}
{"timestamp":"2025-12-17T14:50:23.838961Z","level":"info","event":"tracking URL: http://namenode:8088/proxy/application_1765975589059_0025/","logger":"airflow.task.hooks.airflow.providers.apache.spark.hooks.spark_submit.SparkSubmitHook","filename":"spark_submit.py","lineno":644}
{"timestamp":"2025-12-17T14:50:23.839013Z","level":"info","event":"user: root","logger":"airflow.task.hooks.airflow.providers.apache.spark.hooks.spark_submit.SparkSubmitHook","filename":"spark_submit.py","lineno":644}
{"timestamp":"2025-12-17T14:50:38.911571Z","level":"info","event":"Identified spark application id: application_1765975589059_0025","logger":"airflow.task.hooks.airflow.providers.apache.spark.hooks.spark_submit.SparkSubmitHook","filename":"spark_submit.py","lineno":611}
{"timestamp":"2025-12-17T14:50:38.911816Z","level":"info","event":"25/12/17 14:50:38 INFO Client: Application report for application_1765975589059_0025 (state: RUNNING)","logger":"airflow.task.hooks.airflow.providers.apache.spark.hooks.spark_submit.SparkSubmitHook","filename":"spark_submit.py","lineno":644}
{"timestamp":"2025-12-17T14:50:38.911887Z","level":"info","event":"25/12/17 14:50:38 INFO Client:","logger":"airflow.task.hooks.airflow.providers.apache.spark.hooks.spark_submit.SparkSubmitHook","filename":"spark_submit.py","lineno":644}
{"timestamp":"2025-12-17T14:50:38.911922Z","level":"info","event":"client token: N/A","logger":"airflow.task.hooks.airflow.providers.apache.spark.hooks.spark_submit.SparkSubmitHook","filename":"spark_submit.py","lineno":644}
{"timestamp":"2025-12-17T14:50:38.911951Z","level":"info","event":"diagnostics: N/A","logger":"airflow.task.hooks.airflow.providers.apache.spark.hooks.spark_submit.SparkSubmitHook","filename":"spark_submit.py","lineno":644}
{"timestamp":"2025-12-17T14:50:38.911978Z","level":"info","event":"ApplicationMaster host: datanode-nodemanager-2","logger":"airflow.task.hooks.airflow.providers.apache.spark.hooks.spark_submit.SparkSubmitHook","filename":"spark_submit.py","lineno":644}
{"timestamp":"2025-12-17T14:50:38.912006Z","level":"info","event":"ApplicationMaster RPC port: 37319","logger":"airflow.task.hooks.airflow.providers.apache.spark.hooks.spark_submit.SparkSubmitHook","filename":"spark_submit.py","lineno":644}
{"timestamp":"2025-12-17T14:50:38.912032Z","level":"info","event":"queue: default","logger":"airflow.task.hooks.airflow.providers.apache.spark.hooks.spark_submit.SparkSubmitHook","filename":"spark_submit.py","lineno":644}
{"timestamp":"2025-12-17T14:50:38.912057Z","level":"info","event":"start time: 1765983022731","logger":"airflow.task.hooks.airflow.providers.apache.spark.hooks.spark_submit.SparkSubmitHook","filename":"spark_submit.py","lineno":644}
{"timestamp":"2025-12-17T14:50:38.912081Z","level":"info","event":"final status: UNDEFINED","logger":"airflow.task.hooks.airflow.providers.apache.spark.hooks.spark_submit.SparkSubmitHook","filename":"spark_submit.py","lineno":644}
{"timestamp":"2025-12-17T14:50:38.912113Z","level":"info","event":"Identified spark application id: application_1765975589059_0025","logger":"airflow.task.hooks.airflow.providers.apache.spark.hooks.spark_submit.SparkSubmitHook","filename":"spark_submit.py","lineno":611}
{"timestamp":"2025-12-17T14:50:38.912138Z","level":"info","event":"tracking URL: http://namenode:8088/proxy/application_1765975589059_0025/","logger":"airflow.task.hooks.airflow.providers.apache.spark.hooks.spark_submit.SparkSubmitHook","filename":"spark_submit.py","lineno":644}
{"timestamp":"2025-12-17T14:50:38.912166Z","level":"info","event":"user: root","logger":"airflow.task.hooks.airflow.providers.apache.spark.hooks.spark_submit.SparkSubmitHook","filename":"spark_submit.py","lineno":644}
{"timestamp":"2025-12-17T14:51:11.755651Z","level":"info","event":"Identified spark application id: application_1765975589059_0025","logger":"airflow.task.hooks.airflow.providers.apache.spark.hooks.spark_submit.SparkSubmitHook","filename":"spark_submit.py","lineno":611}
{"timestamp":"2025-12-17T14:51:11.755929Z","level":"info","event":"25/12/17 14:51:11 INFO Client: Application report for application_1765975589059_0025 (state: RUNNING)","logger":"airflow.task.hooks.airflow.providers.apache.spark.hooks.spark_submit.SparkSubmitHook","filename":"spark_submit.py","lineno":644}
{"timestamp":"2025-12-17T14:51:24.533681Z","level":"info","event":"Identified spark application id: application_1765975589059_0025","logger":"airflow.task.hooks.airflow.providers.apache.spark.hooks.spark_submit.SparkSubmitHook","filename":"spark_submit.py","lineno":611}
{"timestamp":"2025-12-17T14:51:24.533992Z","level":"info","event":"25/12/17 14:51:24 INFO Client: Application report for application_1765975589059_0025 (state: FINISHED)","logger":"airflow.task.hooks.airflow.providers.apache.spark.hooks.spark_submit.SparkSubmitHook","filename":"spark_submit.py","lineno":644}
{"timestamp":"2025-12-17T14:51:24.534450Z","level":"info","event":"25/12/17 14:51:24 INFO Client:","logger":"airflow.task.hooks.airflow.providers.apache.spark.hooks.spark_submit.SparkSubmitHook","filename":"spark_submit.py","lineno":644}
{"timestamp":"2025-12-17T14:51:24.534657Z","level":"info","event":"client token: N/A","logger":"airflow.task.hooks.airflow.providers.apache.spark.hooks.spark_submit.SparkSubmitHook","filename":"spark_submit.py","lineno":644}
{"timestamp":"2025-12-17T14:51:24.534892Z","level":"info","event":"diagnostics: N/A","logger":"airflow.task.hooks.airflow.providers.apache.spark.hooks.spark_submit.SparkSubmitHook","filename":"spark_submit.py","lineno":644}
{"timestamp":"2025-12-17T14:51:24.534987Z","level":"info","event":"ApplicationMaster host: datanode-nodemanager-2","logger":"airflow.task.hooks.airflow.providers.apache.spark.hooks.spark_submit.SparkSubmitHook","filename":"spark_submit.py","lineno":644}
{"timestamp":"2025-12-17T14:51:24.535075Z","level":"info","event":"ApplicationMaster RPC port: 37319","logger":"airflow.task.hooks.airflow.providers.apache.spark.hooks.spark_submit.SparkSubmitHook","filename":"spark_submit.py","lineno":644}
{"timestamp":"2025-12-17T14:51:24.535121Z","level":"info","event":"queue: default","logger":"airflow.task.hooks.airflow.providers.apache.spark.hooks.spark_submit.SparkSubmitHook","filename":"spark_submit.py","lineno":644}
{"timestamp":"2025-12-17T14:51:24.535184Z","level":"info","event":"start time: 1765983022731","logger":"airflow.task.hooks.airflow.providers.apache.spark.hooks.spark_submit.SparkSubmitHook","filename":"spark_submit.py","lineno":644}
{"timestamp":"2025-12-17T14:51:24.535256Z","level":"info","event":"final status: SUCCEEDED","logger":"airflow.task.hooks.airflow.providers.apache.spark.hooks.spark_submit.SparkSubmitHook","filename":"spark_submit.py","lineno":644}
{"timestamp":"2025-12-17T14:51:24.535327Z","level":"info","event":"Identified spark application id: application_1765975589059_0025","logger":"airflow.task.hooks.airflow.providers.apache.spark.hooks.spark_submit.SparkSubmitHook","filename":"spark_submit.py","lineno":611}
{"timestamp":"2025-12-17T14:51:24.535383Z","level":"info","event":"tracking URL: http://namenode:8088/proxy/application_1765975589059_0025/","logger":"airflow.task.hooks.airflow.providers.apache.spark.hooks.spark_submit.SparkSubmitHook","filename":"spark_submit.py","lineno":644}
{"timestamp":"2025-12-17T14:51:24.535443Z","level":"info","event":"user: root","logger":"airflow.task.hooks.airflow.providers.apache.spark.hooks.spark_submit.SparkSubmitHook","filename":"spark_submit.py","lineno":644}
{"timestamp":"2025-12-17T14:51:24.561521Z","level":"info","event":"25/12/17 14:51:24 INFO ShutdownHookManager: Shutdown hook called","logger":"airflow.task.hooks.airflow.providers.apache.spark.hooks.spark_submit.SparkSubmitHook","filename":"spark_submit.py","lineno":644}
{"timestamp":"2025-12-17T14:51:24.562779Z","level":"info","event":"25/12/17 14:51:24 INFO ShutdownHookManager: Deleting directory /tmp/spark-a893e710-054e-4a14-9665-48305f74b480","logger":"airflow.task.hooks.airflow.providers.apache.spark.hooks.spark_submit.SparkSubmitHook","filename":"spark_submit.py","lineno":644}
{"timestamp":"2025-12-17T14:51:24.575433Z","level":"info","event":"25/12/17 14:51:24 INFO ShutdownHookManager: Deleting directory /tmp/spark-90f58868-ea5f-4b2b-bac1-4db0c314f756","logger":"airflow.task.hooks.airflow.providers.apache.spark.hooks.spark_submit.SparkSubmitHook","filename":"spark_submit.py","lineno":644}
